2025-12-07 13:03:59,543 [INFO] Activator:176 - 


2025-12-07 13:03:59,547 [INFO] Activator:177 - !SESSION log4j initialized
2025-12-07 13:04:07,338 [INFO] LogOutputStream:77 - [STDOUT_REDIRECT] 
2025-12-07 13:04:08,705 [INFO] ApplicationProperties:184 - Using Application install path: /opt/st/stm32cubeide_1.19.0/plugins/com.st.stm32cube.common.mx_6.15.0.202507011659
2025-12-07 13:04:08,721 [INFO] DbMcusXml:78 - Set database path to: /opt/st/stm32cubeide_1.19.0/plugins/com.st.stm32cube.common.mx_6.15.0.202507011659//db//mcu/
2025-12-07 13:04:08,721 [INFO] ApiDb:274 - Set plugin database path to: /opt/st/stm32cubeide_1.19.0/plugins/com.st.stm32cube.common.mx_6.15.0.202507011659//db//plugins/boardmanager/
2025-12-07 13:04:08,721 [WARN] ApiDb:259 - Overriding images path with different value:  => /opt/st/stm32cubeide_1.19.0/plugins/com.st.stm32cube.common.mx_6.15.0.202507011659//db//plugins/mcufinder/images/
2025-12-07 13:04:08,731 [INFO] ApiDb:250 - Set database path to: /home/h/.stmcufinder/plugins/mcufinder//mcu/
2025-12-07 13:04:08,733 [INFO] DbMcusAds:125 - Set database path to: /home/h/.stmcufinder/plugins/mcufinder//mcu/
2025-12-07 13:04:08,734 [INFO] CrossReferenceDbSqlite:203 - Set database path to: /home/h/.stmcufinder/plugins/mcufinder//mcu/cs/
2025-12-07 13:04:08,815 [INFO] RulesReader:64 - Compatibility file has been processed (317 Rules)
2025-12-07 13:04:08,871 [INFO] DbMcusXml:78 - Set database path to: /opt/st/stm32cubeide_1.19.0/plugins/com.st.stm32cube.common.mx_6.15.0.202507011659//db//mcu/
2025-12-07 13:04:08,872 [INFO] ApiDb:274 - Set plugin database path to: /opt/st/stm32cubeide_1.19.0/plugins/com.st.stm32cube.common.mx_6.15.0.202507011659//db//plugins/boardmanager/
2025-12-07 13:04:08,872 [INFO] ApiDb:261 - Set plugin images path to: /opt/st/stm32cubeide_1.19.0/plugins/com.st.stm32cube.common.mx_6.15.0.202507011659//db//plugins/mcufinder/images/
2025-12-07 13:04:08,872 [WARN] DbFile:41 - Overriding database path with different value: /home/h/.stmcufinder/plugins/mcufinder/ => /home/h/.stmcufinder/plugins/mcufinder
2025-12-07 13:04:08,872 [INFO] ApiDb:250 - Set database path to: /home/h/.stmcufinder/plugins/mcufinder//mcu/
2025-12-07 13:04:08,872 [WARN] DbFile:41 - Overriding database path with different value: /home/h/.stmcufinder/plugins/mcufinder/ => /home/h/.stmcufinder/plugins/mcufinder
2025-12-07 13:04:08,872 [INFO] DbMcusAds:125 - Set database path to: /home/h/.stmcufinder/plugins/mcufinder//mcu/
2025-12-07 13:04:08,872 [WARN] DbFile:41 - Overriding database path with different value: /home/h/.stmcufinder/plugins/mcufinder/ => /home/h/.stmcufinder/plugins/mcufinder
2025-12-07 13:04:08,872 [WARN] DbFile:41 - Overriding database path with different value: /home/h/.stmcufinder/plugins/mcufinder/ => /home/h/.stmcufinder/plugins/mcufinder
2025-12-07 13:04:08,872 [INFO] CrossReferenceDbSqlite:203 - Set database path to: /home/h/.stmcufinder/plugins/mcufinder//mcu/cs/
2025-12-07 13:04:08,935 [INFO] MainPanel:274 - HeapMemory: 268435456
2025-12-07 13:04:09,054 [INFO] DbMcusXml:78 - Set database path to: /opt/st/stm32cubeide_1.19.0/plugins/com.st.stm32cube.common.mx_6.15.0.202507011659//db//mcu/
2025-12-07 13:04:09,054 [INFO] ApiDb:274 - Set plugin database path to: /opt/st/stm32cubeide_1.19.0/plugins/com.st.stm32cube.common.mx_6.15.0.202507011659//db//plugins/boardmanager/
2025-12-07 13:04:09,054 [INFO] ApiDb:261 - Set plugin images path to: /opt/st/stm32cubeide_1.19.0/plugins/com.st.stm32cube.common.mx_6.15.0.202507011659//db//plugins/mcufinder/images/
2025-12-07 13:04:09,055 [WARN] DbFile:41 - Overriding database path with different value: /home/h/.stmcufinder/plugins/mcufinder/ => /home/h/.stmcufinder/plugins/mcufinder
2025-12-07 13:04:09,055 [INFO] ApiDb:250 - Set database path to: /home/h/.stmcufinder/plugins/mcufinder//mcu/
2025-12-07 13:04:09,055 [WARN] DbFile:41 - Overriding database path with different value: /home/h/.stmcufinder/plugins/mcufinder/ => /home/h/.stmcufinder/plugins/mcufinder
2025-12-07 13:04:09,055 [INFO] DbMcusAds:125 - Set database path to: /home/h/.stmcufinder/plugins/mcufinder//mcu/
2025-12-07 13:04:09,055 [WARN] DbFile:41 - Overriding database path with different value: /home/h/.stmcufinder/plugins/mcufinder/ => /home/h/.stmcufinder/plugins/mcufinder
2025-12-07 13:04:09,055 [WARN] DbFile:41 - Overriding database path with different value: /home/h/.stmcufinder/plugins/mcufinder/ => /home/h/.stmcufinder/plugins/mcufinder
2025-12-07 13:04:09,055 [INFO] CrossReferenceDbSqlite:203 - Set database path to: /home/h/.stmcufinder/plugins/mcufinder//mcu/cs/
2025-12-07 13:04:09,070 [INFO] ApplicationProperties:184 - Using Application install path: /opt/st/stm32cubeide_1.19.0/plugins/com.st.stm32cube.common.mx_6.15.0.202507011659
2025-12-07 13:04:09,072 [INFO] PluginManage:196 - Search for loadable plugins [exclusion list=, ]
2025-12-07 13:04:09,072 [INFO] PluginManage:310 - Check plugin analytics
2025-12-07 13:04:09,185 [INFO] AnalyticsPlugin:253 - Accepted Software Licenses: STM32CubeMX.6.15.0
2025-12-07 13:04:09,185 [INFO] AnalyticsPlugin:255 - Accepted CMSIS Pack Licenses: 
2025-12-07 13:04:09,185 [INFO] AnalyticsPlugin:257 - Accepted Firmware Licenses: FW.G4.1.6.0
2025-12-07 13:04:09,186 [INFO] PluginManage:359 - Loaded plugin analytics (category:tool,tabindex:-1)
2025-12-07 13:04:09,187 [INFO] PluginManage:310 - Check plugin cadmodel
2025-12-07 13:04:09,191 [INFO] CADModel:105 - Init CAD model plugin
2025-12-07 13:04:09,191 [INFO] PluginManage:359 - Loaded plugin cadmodel (category:power,tabindex:5)
2025-12-07 13:04:09,191 [INFO] PluginManage:310 - Check plugin clock
2025-12-07 13:04:09,199 [INFO] PluginManage:359 - Loaded plugin clock (category:base,tabindex:2)
2025-12-07 13:04:09,199 [INFO] PluginManage:310 - Check plugin ddr
2025-12-07 13:04:09,202 [INFO] PluginManage:359 - Loaded plugin ddr (category:tool,tabindex:6)
2025-12-07 13:04:09,202 [INFO] PluginManage:310 - Check plugin filemanager
2025-12-07 13:04:09,322 [INFO] PluginManage:359 - Loaded plugin filemanager (category:base,tabindex:10)
2025-12-07 13:04:09,322 [INFO] PluginManage:310 - Check plugin ipmanager
2025-12-07 13:04:09,328 [INFO] PluginManage:359 - Loaded plugin ipmanager (category:base,tabindex:5)
2025-12-07 13:04:09,329 [INFO] PluginManage:310 - Check plugin lpbam
2025-12-07 13:04:09,337 [INFO] PluginManage:359 - Loaded plugin lpbam (category:base,tabindex:0)
2025-12-07 13:04:09,337 [INFO] PluginManage:310 - Check plugin memorymap
2025-12-07 13:04:09,350 [INFO] PluginManage:359 - Loaded plugin memorymap (category:base,tabindex:4)
2025-12-07 13:04:09,350 [INFO] PluginManage:310 - Check plugin pinoutandconfiguration
2025-12-07 13:04:09,358 [INFO] PluginManage:359 - Loaded plugin pinoutandconfiguration (category:base,tabindex:1)
2025-12-07 13:04:09,358 [INFO] PluginManage:310 - Check plugin pinoutconfig
2025-12-07 13:04:09,431 [WARN] SupportedApi:132 - Cannot load RTOS API schema: s4s-elt-must-match.1: The content of 'definitions' must match (annotation?, (simpleType | complexType)?, (unique | key | keyref)*)). A problem was found starting at: attribute.
2025-12-07 13:04:09,544 [INFO] PluginManage:359 - Loaded plugin pinoutconfig (category:base,tabindex:0)
2025-12-07 13:04:09,544 [INFO] PluginManage:310 - Check plugin power
2025-12-07 13:04:09,553 [INFO] PluginManage:359 - Loaded plugin power (category:power,tabindex:4)
2025-12-07 13:04:09,553 [INFO] PluginManage:310 - Check plugin projectmanager
2025-12-07 13:04:09,564 [INFO] PluginManage:359 - Loaded plugin projectmanager (category:projectmanager,tabindex:4)
2025-12-07 13:04:09,564 [INFO] PluginManage:310 - Check plugin rif
2025-12-07 13:04:09,572 [INFO] PluginManage:359 - Loaded plugin rif (category:base,tabindex:3)
2025-12-07 13:04:09,572 [INFO] PluginManage:310 - Check plugin thirdparty
2025-12-07 13:04:09,665 [INFO] PluginManage:359 - Loaded plugin thirdparty (category:base,tabindex:-1)
2025-12-07 13:04:09,665 [WARN] IntegrityCheckThread:84 - waiting for thirdparty lock release [integrity check]
2025-12-07 13:04:09,666 [INFO] PluginManage:310 - Check plugin tools
2025-12-07 13:04:09,666 [INFO] IntegrityCheckThread:86 - entering critical section [integrity check]
2025-12-07 13:04:09,666 [INFO] ThirdPartyUpdaterWithRetryManager:70 - Updater plugin not ready yet. [1/15]
2025-12-07 13:04:09,668 [INFO] PluginManage:359 - Loaded plugin tools (category:base,tabindex:7)
2025-12-07 13:04:09,668 [INFO] PluginManage:310 - Check plugin tutovideos
2025-12-07 13:04:09,851 [INFO] PluginManage:359 - Loaded plugin tutovideos (category:base,tabindex:-1)
2025-12-07 13:04:09,851 [INFO] PluginManage:310 - Check plugin updater
2025-12-07 13:04:09,869 [INFO] PluginManage:359 - Loaded plugin updater (category:base,tabindex:12)
2025-12-07 13:04:09,870 [INFO] PluginManage:310 - Check plugin userauth
2025-12-07 13:04:09,873 [INFO] UserAuth:118 - Init User Auth plugin
2025-12-07 13:04:09,873 [INFO] PluginManage:359 - Loaded plugin userauth (category:base,tabindex:14)
2025-12-07 13:04:09,874 [INFO] PluginManage:283 - PluginManage : Loaded plugins [18]
2025-12-07 13:04:10,024 [INFO] PinOutPanel:1589 - setPackage(No Configuration,No Configuration)
2025-12-07 13:04:10,075 [INFO] CADModel:165 - CPN selected for project level
2025-12-07 13:04:10,075 [INFO] CADModel:114 - Register for checkConnection events
2025-12-07 13:04:10,088 [INFO] IPUIPlugin:80 - create IPUIPlugin
2025-12-07 13:04:10,088 [INFO] PluginManager:220 - loadIPPluginJar : add sai
2025-12-07 13:04:10,090 [INFO] IPUIPlugin:80 - create IPUIPlugin
2025-12-07 13:04:10,090 [INFO] PluginManager:220 - loadIPPluginJar : add spi
2025-12-07 13:04:10,097 [INFO] IPUIPlugin:80 - create IPUIPlugin
2025-12-07 13:04:10,097 [INFO] PluginManager:220 - loadIPPluginJar : add stm32_wpan
2025-12-07 13:04:10,099 [INFO] IPUIPlugin:80 - create IPUIPlugin
2025-12-07 13:04:10,099 [INFO] PluginManager:220 - loadIPPluginJar : add tim
2025-12-07 13:04:10,101 [INFO] IPUIPlugin:80 - create IPUIPlugin
2025-12-07 13:04:10,101 [INFO] PluginManager:220 - loadIPPluginJar : add touchsensing
2025-12-07 13:04:10,102 [INFO] IPUIPlugin:80 - create IPUIPlugin
2025-12-07 13:04:10,102 [INFO] PluginManager:220 - loadIPPluginJar : add tracer_emb
2025-12-07 13:04:10,104 [INFO] IPUIPlugin:80 - create IPUIPlugin
2025-12-07 13:04:10,104 [INFO] PluginManager:220 - loadIPPluginJar : add ts
2025-12-07 13:04:10,105 [INFO] IPUIPlugin:80 - create IPUIPlugin
2025-12-07 13:04:10,105 [INFO] PluginManager:220 - loadIPPluginJar : add tsc
2025-12-07 13:04:10,106 [INFO] IPUIPlugin:80 - create IPUIPlugin
2025-12-07 13:04:10,106 [INFO] PluginManager:220 - loadIPPluginJar : add ucpd
2025-12-07 13:04:10,108 [INFO] IPUIPlugin:80 - create IPUIPlugin
2025-12-07 13:04:10,108 [INFO] PluginManager:220 - loadIPPluginJar : add usart
2025-12-07 13:04:10,110 [INFO] IPUIPlugin:80 - create IPUIPlugin
2025-12-07 13:04:10,110 [INFO] PluginManager:220 - loadIPPluginJar : add usbx
2025-12-07 13:04:10,116 [INFO] IPUIPlugin:80 - create IPUIPlugin
2025-12-07 13:04:10,116 [INFO] PluginManager:220 - loadIPPluginJar : add adc
2025-12-07 13:04:10,118 [INFO] IPUIPlugin:80 - create IPUIPlugin
2025-12-07 13:04:10,118 [INFO] PluginManager:220 - loadIPPluginJar : add aes
2025-12-07 13:04:10,119 [INFO] IPUIPlugin:80 - create IPUIPlugin
2025-12-07 13:04:10,120 [INFO] PluginManager:220 - loadIPPluginJar : add can
2025-12-07 13:04:10,121 [INFO] IPUIPlugin:80 - create IPUIPlugin
2025-12-07 13:04:10,121 [INFO] PluginManager:220 - loadIPPluginJar : add comp
2025-12-07 13:04:10,123 [INFO] IPUIPlugin:80 - create IPUIPlugin
2025-12-07 13:04:10,123 [INFO] PluginManager:220 - loadIPPluginJar : add cryp
2025-12-07 13:04:10,126 [INFO] IPUIPlugin:80 - create IPUIPlugin
2025-12-07 13:04:10,126 [INFO] PluginManager:220 - loadIPPluginJar : add ddr_ctrl_phy
2025-12-07 13:04:10,129 [INFO] IPUIPlugin:80 - create IPUIPlugin
2025-12-07 13:04:10,129 [INFO] PluginManager:220 - loadIPPluginJar : add dfsdm
2025-12-07 13:04:10,134 [INFO] IPUIPlugin:80 - create IPUIPlugin
2025-12-07 13:04:10,134 [INFO] PluginManager:220 - loadIPPluginJar : add dma
2025-12-07 13:04:10,136 [INFO] IPUIPlugin:80 - create IPUIPlugin
2025-12-07 13:04:10,136 [INFO] PluginManager:220 - loadIPPluginJar : add dma3
2025-12-07 13:04:10,137 [INFO] IPUIPlugin:80 - create IPUIPlugin
2025-12-07 13:04:10,138 [INFO] PluginManager:220 - loadIPPluginJar : add extmemmanager
2025-12-07 13:04:10,138 [INFO] IPUIPlugin:80 - create IPUIPlugin
2025-12-07 13:04:10,138 [INFO] PluginManager:220 - loadIPPluginJar : add fatfs
2025-12-07 13:04:10,143 [INFO] IPUIPlugin:80 - create IPUIPlugin
2025-12-07 13:04:10,143 [INFO] PluginManager:220 - loadIPPluginJar : add fmc
2025-12-07 13:04:10,148 [INFO] IPUIPlugin:80 - create IPUIPlugin
2025-12-07 13:04:10,149 [INFO] PluginManager:220 - loadIPPluginJar : add freertos
2025-12-07 13:04:10,150 [INFO] IPUIPlugin:80 - create IPUIPlugin
2025-12-07 13:04:10,150 [INFO] PluginManager:220 - loadIPPluginJar : add genericplugin
2025-12-07 13:04:10,151 [INFO] IPUIPlugin:80 - create IPUIPlugin
2025-12-07 13:04:10,151 [INFO] PluginManager:220 - loadIPPluginJar : add gfxmmu
2025-12-07 13:04:10,155 [INFO] IPUIPlugin:80 - create IPUIPlugin
2025-12-07 13:04:10,155 [INFO] PluginManager:220 - loadIPPluginJar : add gic
2025-12-07 13:04:10,158 [INFO] IPUIPlugin:80 - create IPUIPlugin
2025-12-07 13:04:10,158 [INFO] PluginManager:220 - loadIPPluginJar : add gpio
2025-12-07 13:04:10,161 [INFO] IPUIPlugin:80 - create IPUIPlugin
2025-12-07 13:04:10,161 [INFO] PluginManager:220 - loadIPPluginJar : add gtzc
2025-12-07 13:04:10,163 [INFO] IPUIPlugin:80 - create IPUIPlugin
2025-12-07 13:04:10,163 [INFO] PluginManager:220 - loadIPPluginJar : add hash
2025-12-07 13:04:10,164 [INFO] IPUIPlugin:80 - create IPUIPlugin
2025-12-07 13:04:10,164 [INFO] PluginManager:220 - loadIPPluginJar : add i2c
2025-12-07 13:04:10,166 [INFO] IPUIPlugin:80 - create IPUIPlugin
2025-12-07 13:04:10,166 [INFO] PluginManager:220 - loadIPPluginJar : add i2s
2025-12-07 13:04:10,168 [INFO] IPUIPlugin:80 - create IPUIPlugin
2025-12-07 13:04:10,168 [INFO] PluginManager:220 - loadIPPluginJar : add i3c
2025-12-07 13:04:10,170 [INFO] IPUIPlugin:80 - create IPUIPlugin
2025-12-07 13:04:10,170 [INFO] PluginManager:220 - loadIPPluginJar : add ipddr
2025-12-07 13:04:10,176 [INFO] IPUIPlugin:80 - create IPUIPlugin
2025-12-07 13:04:10,176 [INFO] PluginManager:220 - loadIPPluginJar : add linkedlist
2025-12-07 13:04:10,177 [INFO] IPUIPlugin:80 - create IPUIPlugin
2025-12-07 13:04:10,178 [INFO] PluginManager:220 - loadIPPluginJar : add lorawan
2025-12-07 13:04:10,178 [INFO] IPUIPlugin:80 - create IPUIPlugin
2025-12-07 13:04:10,178 [INFO] PluginManager:220 - loadIPPluginJar : add ltdc
2025-12-07 13:04:10,183 [INFO] IPUIPlugin:80 - create IPUIPlugin
2025-12-07 13:04:10,183 [INFO] PluginManager:220 - loadIPPluginJar : add mdma
2025-12-07 13:04:10,186 [INFO] IPUIPlugin:80 - create IPUIPlugin
2025-12-07 13:04:10,186 [INFO] PluginManager:220 - loadIPPluginJar : add nvic
2025-12-07 13:04:10,188 [INFO] IPUIPlugin:80 - create IPUIPlugin
2025-12-07 13:04:10,188 [INFO] PluginManager:220 - loadIPPluginJar : add opamp
2025-12-07 13:04:10,190 [INFO] IPUIPlugin:80 - create IPUIPlugin
2025-12-07 13:04:10,191 [INFO] PluginManager:220 - loadIPPluginJar : add openamp
2025-12-07 13:04:10,192 [INFO] IPUIPlugin:80 - create IPUIPlugin
2025-12-07 13:04:10,192 [INFO] PluginManager:220 - loadIPPluginJar : add pdm2pcm
2025-12-07 13:04:10,197 [INFO] IPUIPlugin:80 - create IPUIPlugin
2025-12-07 13:04:10,199 [INFO] PluginManager:220 - loadIPPluginJar : add plateformsettings
2025-12-07 13:04:10,200 [INFO] IPUIPlugin:80 - create IPUIPlugin
2025-12-07 13:04:10,200 [INFO] PluginManager:220 - loadIPPluginJar : add quadspi
2025-12-07 13:04:10,202 [INFO] IPUIPlugin:80 - create IPUIPlugin
2025-12-07 13:04:10,203 [INFO] PluginManager:220 - loadIPPluginJar : add radio
2025-12-07 13:04:10,206 [INFO] IPUIPlugin:80 - create IPUIPlugin
2025-12-07 13:04:10,206 [INFO] PluginManager:220 - loadIPPluginJar : add resmgrutility
2025-12-07 13:04:10,300 [FATAL] Updater:351 - Updater called before beeing initialized
2025-12-07 13:04:10,316 [INFO] RulesReader:64 - Compatibility file has been processed (317 Rules)
2025-12-07 13:04:10,323 [INFO] RulesReader:64 - Compatibility file has been processed (317 Rules)
2025-12-07 13:04:10,329 [INFO] CADModel:165 - CPN selected for project level
2025-12-07 13:04:10,329 [INFO] CADModel:114 - Register for checkConnection events
2025-12-07 13:04:10,329 [FATAL] Updater:351 - Updater called before beeing initialized
2025-12-07 13:04:10,329 [ERROR] CADModel:125 - Updater not yet initialized, retry later 
2025-12-07 13:04:10,426 [FATAL] Updater:351 - Updater called before beeing initialized
2025-12-07 13:04:10,427 [INFO] CADModel:165 - CPN selected for project level
2025-12-07 13:04:10,428 [INFO] CADModel:114 - Register for checkConnection events
2025-12-07 13:04:10,428 [FATAL] Updater:351 - Updater called before beeing initialized
2025-12-07 13:04:10,428 [ERROR] CADModel:125 - Updater not yet initialized, retry later 
2025-12-07 13:04:10,431 [FATAL] Updater:351 - Updater called before beeing initialized
2025-12-07 13:04:10,480 [FATAL] Updater:351 - Updater called before beeing initialized
2025-12-07 13:04:10,483 [INFO] DbMcusAds:53 - JSON generation date=Mon Nov 10 18:43:01 CST 2025 (1762771381061)
2025-12-07 13:04:10,483 [FATAL] Updater:351 - Updater called before beeing initialized
2025-12-07 13:04:10,510 [WARN] DetailPanel:346 - Failed to get advertising image, set to default
2025-12-07 13:04:10,559 [FATAL] Updater:351 - Updater called before beeing initialized
2025-12-07 13:04:10,560 [FATAL] Updater:351 - Updater called before beeing initialized
2025-12-07 13:04:10,561 [FATAL] Updater:351 - Updater called before beeing initialized
2025-12-07 13:04:10,561 [WARN] DetailPanel:346 - Failed to get advertising image, set to default
2025-12-07 13:04:10,561 [FATAL] Updater:351 - Updater called before beeing initialized
2025-12-07 13:04:10,585 [ERROR] Updater:1198 - MainUpdater not yet initialized. External WinMGr cannot be set.
2025-12-07 13:04:10,587 [INFO] Updater:1134 - Updater Version found : 6.15.0
2025-12-07 13:04:10,602 [INFO] ApplicationProperties:184 - Using Application install path: /opt/st/stm32cubeide_1.19.0/plugins/com.st.stm32cube.common.mx_6.15.0.202507011659
2025-12-07 13:04:10,899 [INFO] MainUpdater:2872 - connection check result : 10
2025-12-07 13:04:10,900 [INFO] MainUpdater:289 - Updater Check For Update Now.
2025-12-07 13:04:10,900 [INFO] MicroXplorer:498 - Change Database Version : DB.6.0.150
2025-12-07 13:04:10,904 [INFO] McuFinderGlobals:63 - Set McuFinder mode to 2 (CubeIDE integrated)
2025-12-07 13:04:10,905 [INFO] UserAuth:487 - Internet connection configuration mode: 1
2025-12-07 13:04:10,924 [INFO] JxBrowserEngine:152 - Initiate JxBrowser Engine with user profile folder
2025-12-07 13:04:11,050 [INFO] CheckServerUpdateThread:120 - End of CheckServer Thread
2025-12-07 13:04:11,703 [INFO] WebApp:169 - Instantiating new browser for Auth
2025-12-07 13:04:12,298 [INFO] WebApp:463 - Apply proxy settings
2025-12-07 13:04:12,299 [INFO] WebApp:548 - Chromium requires no authentication
2025-12-07 13:04:12,305 [INFO] WebApp:491 - Direct internet connection detected
2025-12-07 13:04:12,319 [INFO] WebApp:900 - Register for checkConnection events
2025-12-07 13:04:12,319 [INFO] WebApp:463 - Apply proxy settings
2025-12-07 13:04:12,319 [INFO] WebApp:548 - Chromium requires no authentication
2025-12-07 13:04:12,320 [INFO] WebApp:491 - Direct internet connection detected
2025-12-07 13:04:12,428 [INFO] WebApp:225 - Starting web application
2025-12-07 13:04:12,428 [INFO] WebApp:593 - Web application path used /opt/st/stm32cubeide_1.19.0/plugins/com.st.stm32cube.common.mx_6.15.0.202507011659/db/plugins/mcufinder/reactClient1/index.html
2025-12-07 13:04:12,505 [INFO] UserAuth:487 - Internet connection configuration mode: 1
2025-12-07 13:04:12,765 [WARN] PackLoader:240 - Cannot read IP mode file for STMicroelectronics.FP-SNS-MOTENVWB1.1.4.0
2025-12-07 13:04:12,770 [WARN] PackLoader:240 - Cannot read IP mode file for STMicroelectronics.FP-ATR-ASTRA1.2.0.2
2025-12-07 13:04:12,775 [WARN] PackLoader:240 - Cannot read IP mode file for STMicroelectronics.X-CUBE-SMBUS.2.1.0
2025-12-07 13:04:12,779 [WARN] PackLoader:240 - Cannot read IP mode file for STMicroelectronics.X-CUBE-ST60.1.0.0
2025-12-07 13:04:12,796 [WARN] PackLoader:240 - Cannot read IP mode file for STMicroelectronics.X-CUBE-AZRTOS-F7.1.1.0
2025-12-07 13:04:12,803 [WARN] PackLoader:240 - Cannot read IP mode file for STMicroelectronics.FP-SNS-MOTENV1.5.1.0
2025-12-07 13:04:12,809 [WARN] PackLoader:240 - Cannot read IP mode file for WES.I-CUBE-Cesium.1.4.0
2025-12-07 13:04:12,823 [WARN] PackLoader:240 - Cannot read IP mode file for Infineon.AIROC-Wi-Fi-Bluetooth-STM32.1.7.1
2025-12-07 13:04:12,852 [WARN] PackLoader:240 - Cannot read IP mode file for STMicroelectronics.X-CUBE-AZRTOS-H7.3.4.0
2025-12-07 13:04:12,862 [WARN] PackLoader:240 - Cannot read IP mode file for STMicroelectronics.X-CUBE-DISPLAY.3.0.0
2025-12-07 13:04:12,873 [WARN] PackLoader:240 - Cannot read IP mode file for STMicroelectronics.X-CUBE-NFC10.1.0.0
2025-12-07 13:04:12,891 [WARN] PackLoader:240 - Cannot read IP mode file for STMicroelectronics.X-CUBE-ST60.1.1.0
2025-12-07 13:04:12,898 [WARN] PackLoader:240 - Cannot read IP mode file for emotas.I-CUBE-CANOPEN.1.3.0
2025-12-07 13:04:12,902 [WARN] PackLoader:240 - Cannot read IP mode file for STMicroelectronics.X-CUBE-GNSS1.7.1.0
2025-12-07 13:04:12,909 [WARN] PackLoader:240 - Cannot read IP mode file for STMicroelectronics.FP-SNS-STBOX1.2.1.0
2025-12-07 13:04:12,916 [WARN] PackLoader:240 - Cannot read IP mode file for STMicroelectronics.FP-SNS-SMARTAG2.1.2.0
2025-12-07 13:04:12,919 [WARN] PackLoader:240 - Cannot read IP mode file for STMicroelectronics.FP-SNS-FLIGHT1.5.1.0
2025-12-07 13:04:12,925 [INFO] LogOutputStream:77 - [STDOUT_REDIRECT] 1 : Invalid condition id : UX_CORESTACK_Condition cause : null
2025-12-07 13:04:12,926 [INFO] LogOutputStream:77 - [STDOUT_REDIRECT] 1 : Invalid condition id : UX_CORESTACK_Condition cause : null
2025-12-07 13:04:12,926 [INFO] LogOutputStream:77 - [STDOUT_REDIRECT] 1 : Invalid condition id : UX_CORESTACK_Condition cause : null
2025-12-07 13:04:12,926 [INFO] LogOutputStream:77 - [STDOUT_REDIRECT] 1 : Invalid condition id : UX_CORESTACK_Condition cause : null
2025-12-07 13:04:12,926 [INFO] LogOutputStream:77 - [STDOUT_REDIRECT] 1 : Invalid condition id : UX_CORESTACK_Condition cause : null
2025-12-07 13:04:12,928 [WARN] PackLoader:240 - Cannot read IP mode file for STMicroelectronics.X-CUBE-AZRTOS-WL.2.0.0
2025-12-07 13:04:12,933 [WARN] PackLoader:240 - Cannot read IP mode file for STMicroelectronics.FP-SNS-MOTENV1.5.0.0
2025-12-07 13:04:12,943 [WARN] PackLoader:240 - Cannot read IP mode file for STMicroelectronics.X-CUBE-AZRTOS-H7RS.1.2.0
2025-12-07 13:04:12,949 [WARN] PackLoader:240 - Cannot read IP mode file for WES.I-CUBE-Cesium.1.3.0
2025-12-07 13:04:12,952 [WARN] PackLoader:240 - Cannot read IP mode file for STMicroelectronics.X-CUBE-BLE2.3.3.0
2025-12-07 13:04:12,965 [WARN] PackLoader:240 - Cannot read IP mode file for STMicroelectronics.X-CUBE-NFC9.1.0.0
2025-12-07 13:04:12,970 [WARN] PackLoader:240 - Cannot read IP mode file for wolfSSL.I-CUBE-wolfSSL.5.8.2
2025-12-07 13:04:12,972 [WARN] PackLoader:240 - Cannot read IP mode file for STMicroelectronics.X-CUBE-BLE1.7.1.0
2025-12-07 13:04:12,975 [WARN] PackLoader:240 - Cannot read IP mode file for wolfSSL.I-CUBE-wolfMQTT.1.19.2
2025-12-07 13:04:12,978 [WARN] PackLoader:240 - Cannot read IP mode file for STMicroelectronics.X-CUBE-FREERTOS.1.4.0
2025-12-07 13:04:12,982 [WARN] PackLoader:240 - Cannot read IP mode file for STMicroelectronics.X-CUBE-EEPRMA1.5.2.0
2025-12-07 13:04:12,987 [WARN] PackLoader:240 - Cannot read IP mode file for STMicroelectronics.X-CUBE-ST67W61.1.1.0
2025-12-07 13:04:13,008 [WARN] PackLoader:240 - Cannot read IP mode file for STMicroelectronics.X-CUBE-MEMS1.12.0.0
2025-12-07 13:04:13,107 [WARN] PackLoader:240 - Cannot read IP mode file for STMicroelectronics.X-CUBE-AZRTOS-G0.1.1.0
2025-12-07 13:04:13,112 [WARN] PackLoader:240 - Cannot read IP mode file for STMicroelectronics.X-CUBE-SAFEA1.1.2.2
2025-12-07 13:04:13,116 [WARN] PackLoader:240 - Cannot read IP mode file for STMicroelectronics.X-CUBE-NFC4.3.0.0
2025-12-07 13:04:13,121 [WARN] PackLoader:240 - Cannot read IP mode file for EmbeddedOffice.I-CUBE-FS-RTOS.1.0.1
2025-12-07 13:04:13,126 [WARN] PackLoader:240 - Cannot read IP mode file for STMicroelectronics.X-CUBE-WB05N.2.0.0
2025-12-07 13:04:13,129 [WARN] PackLoader:240 - Cannot read IP mode file for wolfSSL.I-CUBE-wolfTPM.3.8.0
2025-12-07 13:04:13,132 [WARN] PackLoader:240 - Cannot read IP mode file for STMicroelectronics.X-CUBE-TCPP.4.2.0
2025-12-07 13:04:13,136 [WARN] PackLoader:240 - Cannot read IP mode file for RealThread.X-CUBE-RT-Thread_Nano.4.1.1
2025-12-07 13:04:13,139 [WARN] PackLoader:240 - Cannot read IP mode file for STMicroelectronics.FP-ATR-SIGFOX1.3.2.0
2025-12-07 13:04:13,142 [WARN] PackLoader:240 - Cannot read IP mode file for ITTIA_DB.I-CUBE-ITTIADB.8.9.0
2025-12-07 13:04:13,146 [WARN] PackLoader:240 - Cannot read IP mode file for STMicroelectronics.X-CUBE-ST67W61.1.0.0
2025-12-07 13:04:13,149 [WARN] PackLoader:240 - Cannot read IP mode file for STMicroelectronics.X-CUBE-AI.10.2.0
2025-12-07 13:04:13,164 [WARN] PackLoader:240 - Cannot read IP mode file for SEGGER.I-CUBE-embOS.1.3.1
2025-12-07 13:04:13,211 [WARN] PackLoader:240 - Cannot read IP mode file for STMicroelectronics.X-CUBE-ALGOBUILD.1.4.0
2025-12-07 13:04:13,233 [WARN] PackLoader:240 - Cannot read IP mode file for STMicroelectronics.X-CUBE-MEMS1.11.3.0
2025-12-07 13:04:13,364 [WARN] PackLoader:240 - Cannot read IP mode file for STMicroelectronics.X-CUBE-PM33A1.1.0.0
2025-12-07 13:04:13,375 [WARN] PackLoader:240 - Cannot read IP mode file for STMicroelectronics.X-CUBE-AZRTOS-F4.1.1.0
2025-12-07 13:04:13,382 [WARN] PackLoader:240 - Cannot read IP mode file for Avnet-IotConnect.X-CUBE-IoTC-DA16k-PMOD.1.0.0
2025-12-07 13:04:13,384 [WARN] PackLoader:240 - Cannot read IP mode file for STMicroelectronics.X-CUBE-ISPU.2.1.0
2025-12-07 13:04:13,392 [WARN] PackLoader:240 - Cannot read IP mode file for STMicroelectronics.X-CUBE-IPS.3.2.0
2025-12-07 13:04:13,406 [WARN] PackLoader:240 - Cannot read IP mode file for STMicroelectronics.X-CUBE-NFC12.1.0.0
2025-12-07 13:04:13,434 [WARN] PackLoader:240 - Cannot read IP mode file for STMicroelectronics.X-CUBE-AZRTOS-L5.2.0.0
2025-12-07 13:04:13,445 [WARN] PackLoader:240 - Cannot read IP mode file for STMicroelectronics.X-CUBE-NFC6.3.1.0
2025-12-07 13:04:13,450 [WARN] PackLoader:240 - Cannot read IP mode file for STMicroelectronics.X-CUBE-FREERTOS.1.3.1
2025-12-07 13:04:13,454 [WARN] PackLoader:240 - Cannot read IP mode file for STMicroelectronics.X-CUBE-TOUCHGFX.4.26.0
2025-12-07 13:04:13,457 [WARN] PackLoader:240 - Cannot read IP mode file for STMicroelectronics.FP-SNS-STAIOTCFT.1.0.0
2025-12-07 13:04:13,462 [WARN] PackLoader:240 - Cannot read IP mode file for STMicroelectronics.X-CUBE-DPower.1.3.0
2025-12-07 13:04:13,469 [WARN] ConditionMgr:438 - getConditionDescription Invalid condition id : LAN8742 Phy interface Condition cause : null
2025-12-07 13:04:13,470 [WARN] PackLoader:240 - Cannot read IP mode file for STMicroelectronics.X-CUBE-AZRTOS-L4.2.0.0
2025-12-07 13:04:13,470 [WARN] ConditionMgr:1044 - genDependencies : Invalid condition id : LAN8742 Phy interface Condition cause : null
2025-12-07 13:04:13,471 [WARN] ConditionMgr:1044 - genDependencies : Invalid condition id : LAN8742 Phy interface Condition cause : null
2025-12-07 13:04:13,471 [WARN] ConditionMgr:1044 - genDependencies : Invalid condition id : LAN8742 Phy interface Condition cause : null
2025-12-07 13:04:13,476 [WARN] PackLoader:240 - Cannot read IP mode file for STMicroelectronics.X-CUBE-SFXS2LP1.4.0.0
2025-12-07 13:04:13,482 [WARN] PackLoader:240 - Cannot read IP mode file for STMicroelectronics.X-CUBE-BLEMGR.4.1.0
2025-12-07 13:04:13,490 [WARN] ConditionMgr:438 - getConditionDescription Invalid condition id : UX DEVICE CLASS RTOS Condition cause : null
2025-12-07 13:04:13,490 [WARN] ConditionMgr:438 - getConditionDescription Invalid condition id : UX DEVICE CLASS RTOS Condition cause : null
2025-12-07 13:04:13,491 [WARN] PackLoader:240 - Cannot read IP mode file for STMicroelectronics.X-CUBE-AZRTOS-WB.2.0.0
2025-12-07 13:04:13,492 [WARN] ConditionMgr:1044 - genDependencies : Invalid condition id : UX DEVICE CLASS RTOS Condition cause : null
2025-12-07 13:04:13,492 [WARN] ConditionMgr:1044 - genDependencies : Invalid condition id : UX DEVICE CLASS RTOS Condition cause : null
2025-12-07 13:04:13,492 [WARN] ConditionMgr:1044 - genDependencies : Invalid condition id : UX DEVICE CLASS RTOS Condition cause : null
2025-12-07 13:04:13,493 [WARN] ConditionMgr:1044 - genDependencies : Invalid condition id : UX DEVICE CLASS RTOS Condition cause : null
2025-12-07 13:04:13,493 [WARN] ConditionMgr:1044 - genDependencies : Invalid condition id : UX DEVICE CLASS RTOS Condition cause : null
2025-12-07 13:04:13,496 [WARN] PackLoader:240 - Cannot read IP mode file for STMicroelectronics.X-CUBE-GNSS1.7.0.1
2025-12-07 13:04:13,498 [WARN] PackLoader:240 - Cannot read IP mode file for STMicroelectronics.X-CUBE-TOUCHGFX.4.25.0
2025-12-07 13:04:13,500 [WARN] ConditionMgr:438 - getConditionDescription Invalid condition id : Cortex-A Device cause : null
2025-12-07 13:04:13,504 [WARN] ConditionMgr:1044 - genDependencies : Invalid condition id : Cortex-A Device cause : null
2025-12-07 13:04:13,504 [WARN] ConditionMgr:1044 - genDependencies : Invalid condition id : Cortex-A Device cause : null
2025-12-07 13:04:13,504 [WARN] ConditionMgr:1044 - genDependencies : Invalid condition id : Cortex-A Device cause : null
2025-12-07 13:04:13,509 [WARN] PackLoader:240 - Cannot read IP mode file for STMicroelectronics.X-CUBE-SUBG2.5.0.0
2025-12-07 13:04:13,523 [WARN] PackLoader:240 - Cannot read IP mode file for STMicroelectronics.X-CUBE-AZRTOS-H7RS.1.1.0
2025-12-07 13:04:13,527 [WARN] PackLoader:240 - Cannot read IP mode file for Cesanta.I-CUBE-Mongoose.7.13.0
2025-12-07 13:04:13,533 [WARN] PackLoader:240 - Cannot read IP mode file for STMicroelectronics.X-CUBE-AZRTOS-G4.2.0.0
2025-12-07 13:04:13,537 [WARN] PackLoader:240 - Cannot read IP mode file for wolfSSL.I-CUBE-wolfSSH.1.4.20
2025-12-07 13:04:13,540 [WARN] PackLoader:240 - Cannot read IP mode file for STMicroelectronics.X-CUBE-NFC7.2.0.0
2025-12-07 13:04:13,549 [WARN] PackLoader:240 - Cannot read IP mode file for STMicroelectronics.X-CUBE-IPS.3.1.0
2025-12-07 13:04:13,561 [WARN] PackLoader:240 - Cannot read IP mode file for STMicroelectronics.X-CUBE-ALS.1.0.2
2025-12-07 13:04:13,568 [WARN] PackLoader:240 - Cannot read IP mode file for STMicroelectronics.X-CUBE-STSE01.1.0.0
2025-12-07 13:04:13,573 [WARN] PackLoader:240 - Cannot read IP mode file for portGmbH.I-Cube-SoM-uGOAL.1.1.0
2025-12-07 13:04:13,579 [WARN] PackLoader:240 - Cannot read IP mode file for STMicroelectronics.X-CUBE-TOF1.3.4.3
2025-12-07 13:04:13,594 [INFO] ThirdParty:978 - Integrity check success = true
2025-12-07 13:04:13,595 [INFO] IntegrityCheckThread:100 - exiting critical section [integrity check]
2025-12-07 13:04:13,595 [INFO] IntegrityCheckThread:103 - End integrity checks thread
2025-12-07 13:04:13,870 [INFO] WebApp:191 - Connection restablished
2025-12-07 14:19:21,418 [INFO] WebApp:194 - Connection lost
2025-12-07 14:19:34,169 [INFO] WebApp:191 - Connection restablished
2025-12-07 14:19:51,941 [INFO] WebApp:194 - Connection lost
2025-12-07 14:19:58,174 [INFO] WebApp:191 - Connection restablished
2025-12-07 14:25:10,304 [INFO] WebApp:194 - Connection lost
2025-12-07 14:25:17,888 [INFO] WebApp:191 - Connection restablished
2025-12-07 14:30:55,311 [INFO] WebApp:194 - Connection lost
2025-12-07 14:31:01,953 [INFO] WebApp:191 - Connection restablished
2025-12-07 14:42:25,234 [INFO] WebApp:194 - Connection lost
2025-12-07 14:42:31,745 [INFO] WebApp:191 - Connection restablished
2025-12-07 15:12:55,388 [ERROR] LogOutputStream:75 - [STDERR_REDIRECT] SWT SessionManagerDBus: Failed to UnregisterClient: GDBus.Error:org.freedesktop.DBus.Error.NoReply: Message recipient disconnected from message bus without replying
2025-12-07 15:12:55,420 [ERROR] LogOutputStream:75 - [STDERR_REDIRECT] 
2025-12-07 15:32:46,703 [INFO] Activator:176 - 


2025-12-07 15:32:46,705 [INFO] Activator:177 - !SESSION log4j initialized
2025-12-07 15:32:54,898 [INFO] LogOutputStream:77 - [STDOUT_REDIRECT] 
2025-12-07 15:32:55,749 [INFO] ApplicationProperties:184 - Using Application install path: /opt/st/stm32cubeide_1.19.0/plugins/com.st.stm32cube.common.mx_6.15.0.202507011659
2025-12-07 15:32:55,761 [INFO] DbMcusXml:78 - Set database path to: /opt/st/stm32cubeide_1.19.0/plugins/com.st.stm32cube.common.mx_6.15.0.202507011659//db//mcu/
2025-12-07 15:32:55,761 [INFO] ApiDb:274 - Set plugin database path to: /opt/st/stm32cubeide_1.19.0/plugins/com.st.stm32cube.common.mx_6.15.0.202507011659//db//plugins/boardmanager/
2025-12-07 15:32:55,761 [WARN] ApiDb:259 - Overriding images path with different value:  => /opt/st/stm32cubeide_1.19.0/plugins/com.st.stm32cube.common.mx_6.15.0.202507011659//db//plugins/mcufinder/images/
2025-12-07 15:32:55,766 [INFO] ApiDb:250 - Set database path to: /home/h/.stmcufinder/plugins/mcufinder//mcu/
2025-12-07 15:32:55,767 [INFO] DbMcusAds:125 - Set database path to: /home/h/.stmcufinder/plugins/mcufinder//mcu/
2025-12-07 15:32:55,769 [INFO] CrossReferenceDbSqlite:203 - Set database path to: /home/h/.stmcufinder/plugins/mcufinder//mcu/cs/
2025-12-07 15:32:55,836 [INFO] RulesReader:64 - Compatibility file has been processed (317 Rules)
2025-12-07 15:32:55,884 [INFO] DbMcusXml:78 - Set database path to: /opt/st/stm32cubeide_1.19.0/plugins/com.st.stm32cube.common.mx_6.15.0.202507011659//db//mcu/
2025-12-07 15:32:55,884 [INFO] ApiDb:274 - Set plugin database path to: /opt/st/stm32cubeide_1.19.0/plugins/com.st.stm32cube.common.mx_6.15.0.202507011659//db//plugins/boardmanager/
2025-12-07 15:32:55,885 [INFO] ApiDb:261 - Set plugin images path to: /opt/st/stm32cubeide_1.19.0/plugins/com.st.stm32cube.common.mx_6.15.0.202507011659//db//plugins/mcufinder/images/
2025-12-07 15:32:55,885 [WARN] DbFile:41 - Overriding database path with different value: /home/h/.stmcufinder/plugins/mcufinder/ => /home/h/.stmcufinder/plugins/mcufinder
2025-12-07 15:32:55,885 [INFO] ApiDb:250 - Set database path to: /home/h/.stmcufinder/plugins/mcufinder//mcu/
2025-12-07 15:32:55,885 [WARN] DbFile:41 - Overriding database path with different value: /home/h/.stmcufinder/plugins/mcufinder/ => /home/h/.stmcufinder/plugins/mcufinder
2025-12-07 15:32:55,885 [INFO] DbMcusAds:125 - Set database path to: /home/h/.stmcufinder/plugins/mcufinder//mcu/
2025-12-07 15:32:55,885 [WARN] DbFile:41 - Overriding database path with different value: /home/h/.stmcufinder/plugins/mcufinder/ => /home/h/.stmcufinder/plugins/mcufinder
2025-12-07 15:32:55,885 [WARN] DbFile:41 - Overriding database path with different value: /home/h/.stmcufinder/plugins/mcufinder/ => /home/h/.stmcufinder/plugins/mcufinder
2025-12-07 15:32:55,885 [INFO] CrossReferenceDbSqlite:203 - Set database path to: /home/h/.stmcufinder/plugins/mcufinder//mcu/cs/
2025-12-07 15:32:55,931 [INFO] MainPanel:274 - HeapMemory: 268435456
2025-12-07 15:32:56,021 [INFO] DbMcusXml:78 - Set database path to: /opt/st/stm32cubeide_1.19.0/plugins/com.st.stm32cube.common.mx_6.15.0.202507011659//db//mcu/
2025-12-07 15:32:56,021 [INFO] ApiDb:274 - Set plugin database path to: /opt/st/stm32cubeide_1.19.0/plugins/com.st.stm32cube.common.mx_6.15.0.202507011659//db//plugins/boardmanager/
2025-12-07 15:32:56,021 [INFO] ApiDb:261 - Set plugin images path to: /opt/st/stm32cubeide_1.19.0/plugins/com.st.stm32cube.common.mx_6.15.0.202507011659//db//plugins/mcufinder/images/
2025-12-07 15:32:56,021 [WARN] DbFile:41 - Overriding database path with different value: /home/h/.stmcufinder/plugins/mcufinder/ => /home/h/.stmcufinder/plugins/mcufinder
2025-12-07 15:32:56,022 [INFO] ApiDb:250 - Set database path to: /home/h/.stmcufinder/plugins/mcufinder//mcu/
2025-12-07 15:32:56,022 [WARN] DbFile:41 - Overriding database path with different value: /home/h/.stmcufinder/plugins/mcufinder/ => /home/h/.stmcufinder/plugins/mcufinder
2025-12-07 15:32:56,022 [INFO] DbMcusAds:125 - Set database path to: /home/h/.stmcufinder/plugins/mcufinder//mcu/
2025-12-07 15:32:56,022 [WARN] DbFile:41 - Overriding database path with different value: /home/h/.stmcufinder/plugins/mcufinder/ => /home/h/.stmcufinder/plugins/mcufinder
2025-12-07 15:32:56,022 [WARN] DbFile:41 - Overriding database path with different value: /home/h/.stmcufinder/plugins/mcufinder/ => /home/h/.stmcufinder/plugins/mcufinder
2025-12-07 15:32:56,022 [INFO] CrossReferenceDbSqlite:203 - Set database path to: /home/h/.stmcufinder/plugins/mcufinder//mcu/cs/
2025-12-07 15:32:56,032 [INFO] ApplicationProperties:184 - Using Application install path: /opt/st/stm32cubeide_1.19.0/plugins/com.st.stm32cube.common.mx_6.15.0.202507011659
2025-12-07 15:32:56,034 [INFO] PluginManage:196 - Search for loadable plugins [exclusion list=, ]
2025-12-07 15:32:56,034 [INFO] PluginManage:310 - Check plugin analytics
2025-12-07 15:32:56,128 [INFO] AnalyticsPlugin:253 - Accepted Software Licenses: STM32CubeMX.6.15.0
2025-12-07 15:32:56,129 [INFO] AnalyticsPlugin:255 - Accepted CMSIS Pack Licenses: 
2025-12-07 15:32:56,129 [INFO] AnalyticsPlugin:257 - Accepted Firmware Licenses: FW.G4.1.6.0
2025-12-07 15:32:56,130 [INFO] PluginManage:359 - Loaded plugin analytics (category:tool,tabindex:-1)
2025-12-07 15:32:56,130 [INFO] PluginManage:310 - Check plugin cadmodel
2025-12-07 15:32:56,133 [INFO] CADModel:105 - Init CAD model plugin
2025-12-07 15:32:56,133 [INFO] PluginManage:359 - Loaded plugin cadmodel (category:power,tabindex:5)
2025-12-07 15:32:56,134 [INFO] PluginManage:310 - Check plugin clock
2025-12-07 15:32:56,140 [INFO] PluginManage:359 - Loaded plugin clock (category:base,tabindex:2)
2025-12-07 15:32:56,140 [INFO] PluginManage:310 - Check plugin ddr
2025-12-07 15:32:56,142 [INFO] PluginManage:359 - Loaded plugin ddr (category:tool,tabindex:6)
2025-12-07 15:32:56,142 [INFO] PluginManage:310 - Check plugin filemanager
2025-12-07 15:32:56,240 [INFO] PluginManage:359 - Loaded plugin filemanager (category:base,tabindex:10)
2025-12-07 15:32:56,240 [INFO] PluginManage:310 - Check plugin ipmanager
2025-12-07 15:32:56,244 [INFO] PluginManage:359 - Loaded plugin ipmanager (category:base,tabindex:5)
2025-12-07 15:32:56,244 [INFO] PluginManage:310 - Check plugin lpbam
2025-12-07 15:32:56,251 [INFO] PluginManage:359 - Loaded plugin lpbam (category:base,tabindex:0)
2025-12-07 15:32:56,251 [INFO] PluginManage:310 - Check plugin memorymap
2025-12-07 15:32:56,261 [INFO] PluginManage:359 - Loaded plugin memorymap (category:base,tabindex:4)
2025-12-07 15:32:56,261 [INFO] PluginManage:310 - Check plugin pinoutandconfiguration
2025-12-07 15:32:56,267 [INFO] PluginManage:359 - Loaded plugin pinoutandconfiguration (category:base,tabindex:1)
2025-12-07 15:32:56,267 [INFO] PluginManage:310 - Check plugin pinoutconfig
2025-12-07 15:32:56,329 [WARN] SupportedApi:132 - Cannot load RTOS API schema: s4s-elt-must-match.1: The content of 'definitions' must match (annotation?, (simpleType | complexType)?, (unique | key | keyref)*)). A problem was found starting at: attribute.
2025-12-07 15:32:56,431 [INFO] PluginManage:359 - Loaded plugin pinoutconfig (category:base,tabindex:0)
2025-12-07 15:32:56,432 [INFO] PluginManage:310 - Check plugin power
2025-12-07 15:32:56,448 [INFO] PluginManage:359 - Loaded plugin power (category:power,tabindex:4)
2025-12-07 15:32:56,448 [INFO] PluginManage:310 - Check plugin projectmanager
2025-12-07 15:32:56,459 [INFO] PluginManage:359 - Loaded plugin projectmanager (category:projectmanager,tabindex:4)
2025-12-07 15:32:56,460 [INFO] PluginManage:310 - Check plugin rif
2025-12-07 15:32:56,466 [INFO] PluginManage:359 - Loaded plugin rif (category:base,tabindex:3)
2025-12-07 15:32:56,466 [INFO] PluginManage:310 - Check plugin thirdparty
2025-12-07 15:32:56,545 [INFO] PluginManage:359 - Loaded plugin thirdparty (category:base,tabindex:-1)
2025-12-07 15:32:56,545 [WARN] IntegrityCheckThread:84 - waiting for thirdparty lock release [integrity check]
2025-12-07 15:32:56,546 [INFO] PluginManage:310 - Check plugin tools
2025-12-07 15:32:56,546 [INFO] IntegrityCheckThread:86 - entering critical section [integrity check]
2025-12-07 15:32:56,546 [INFO] ThirdPartyUpdaterWithRetryManager:70 - Updater plugin not ready yet. [1/15]
2025-12-07 15:32:56,547 [INFO] PluginManage:359 - Loaded plugin tools (category:base,tabindex:7)
2025-12-07 15:32:56,547 [INFO] PluginManage:310 - Check plugin tutovideos
2025-12-07 15:32:56,687 [INFO] PluginManage:359 - Loaded plugin tutovideos (category:base,tabindex:-1)
2025-12-07 15:32:56,687 [INFO] PluginManage:310 - Check plugin updater
2025-12-07 15:32:56,703 [INFO] PluginManage:359 - Loaded plugin updater (category:base,tabindex:12)
2025-12-07 15:32:56,703 [INFO] PluginManage:310 - Check plugin userauth
2025-12-07 15:32:56,706 [INFO] UserAuth:118 - Init User Auth plugin
2025-12-07 15:32:56,706 [INFO] PluginManage:359 - Loaded plugin userauth (category:base,tabindex:14)
2025-12-07 15:32:56,707 [INFO] PluginManage:283 - PluginManage : Loaded plugins [18]
2025-12-07 15:32:56,823 [INFO] PinOutPanel:1589 - setPackage(No Configuration,No Configuration)
2025-12-07 15:32:56,866 [INFO] CADModel:165 - CPN selected for project level
2025-12-07 15:32:56,866 [INFO] CADModel:114 - Register for checkConnection events
2025-12-07 15:32:56,876 [INFO] IPUIPlugin:80 - create IPUIPlugin
2025-12-07 15:32:56,876 [INFO] PluginManager:220 - loadIPPluginJar : add sai
2025-12-07 15:32:56,877 [INFO] IPUIPlugin:80 - create IPUIPlugin
2025-12-07 15:32:56,877 [INFO] PluginManager:220 - loadIPPluginJar : add spi
2025-12-07 15:32:56,882 [INFO] IPUIPlugin:80 - create IPUIPlugin
2025-12-07 15:32:56,883 [INFO] PluginManager:220 - loadIPPluginJar : add stm32_wpan
2025-12-07 15:32:56,884 [INFO] IPUIPlugin:80 - create IPUIPlugin
2025-12-07 15:32:56,884 [INFO] PluginManager:220 - loadIPPluginJar : add tim
2025-12-07 15:32:56,886 [INFO] IPUIPlugin:80 - create IPUIPlugin
2025-12-07 15:32:56,886 [INFO] PluginManager:220 - loadIPPluginJar : add touchsensing
2025-12-07 15:32:56,887 [INFO] IPUIPlugin:80 - create IPUIPlugin
2025-12-07 15:32:56,887 [INFO] PluginManager:220 - loadIPPluginJar : add tracer_emb
2025-12-07 15:32:56,888 [INFO] IPUIPlugin:80 - create IPUIPlugin
2025-12-07 15:32:56,888 [INFO] PluginManager:220 - loadIPPluginJar : add ts
2025-12-07 15:32:56,888 [INFO] IPUIPlugin:80 - create IPUIPlugin
2025-12-07 15:32:56,888 [INFO] PluginManager:220 - loadIPPluginJar : add tsc
2025-12-07 15:32:56,889 [INFO] IPUIPlugin:80 - create IPUIPlugin
2025-12-07 15:32:56,890 [INFO] PluginManager:220 - loadIPPluginJar : add ucpd
2025-12-07 15:32:56,891 [INFO] IPUIPlugin:80 - create IPUIPlugin
2025-12-07 15:32:56,891 [INFO] PluginManager:220 - loadIPPluginJar : add usart
2025-12-07 15:32:56,893 [INFO] IPUIPlugin:80 - create IPUIPlugin
2025-12-07 15:32:56,893 [INFO] PluginManager:220 - loadIPPluginJar : add usbx
2025-12-07 15:32:56,897 [INFO] IPUIPlugin:80 - create IPUIPlugin
2025-12-07 15:32:56,897 [INFO] PluginManager:220 - loadIPPluginJar : add adc
2025-12-07 15:32:56,898 [INFO] IPUIPlugin:80 - create IPUIPlugin
2025-12-07 15:32:56,898 [INFO] PluginManager:220 - loadIPPluginJar : add aes
2025-12-07 15:32:56,900 [INFO] IPUIPlugin:80 - create IPUIPlugin
2025-12-07 15:32:56,900 [INFO] PluginManager:220 - loadIPPluginJar : add can
2025-12-07 15:32:56,901 [INFO] IPUIPlugin:80 - create IPUIPlugin
2025-12-07 15:32:56,901 [INFO] PluginManager:220 - loadIPPluginJar : add comp
2025-12-07 15:32:56,902 [INFO] IPUIPlugin:80 - create IPUIPlugin
2025-12-07 15:32:56,902 [INFO] PluginManager:220 - loadIPPluginJar : add cryp
2025-12-07 15:32:56,905 [INFO] IPUIPlugin:80 - create IPUIPlugin
2025-12-07 15:32:56,905 [INFO] PluginManager:220 - loadIPPluginJar : add ddr_ctrl_phy
2025-12-07 15:32:56,906 [INFO] IPUIPlugin:80 - create IPUIPlugin
2025-12-07 15:32:56,906 [INFO] PluginManager:220 - loadIPPluginJar : add dfsdm
2025-12-07 15:32:56,910 [INFO] IPUIPlugin:80 - create IPUIPlugin
2025-12-07 15:32:56,911 [INFO] PluginManager:220 - loadIPPluginJar : add dma
2025-12-07 15:32:56,912 [INFO] IPUIPlugin:80 - create IPUIPlugin
2025-12-07 15:32:56,912 [INFO] PluginManager:220 - loadIPPluginJar : add dma3
2025-12-07 15:32:56,913 [INFO] IPUIPlugin:80 - create IPUIPlugin
2025-12-07 15:32:56,914 [INFO] PluginManager:220 - loadIPPluginJar : add extmemmanager
2025-12-07 15:32:56,914 [INFO] IPUIPlugin:80 - create IPUIPlugin
2025-12-07 15:32:56,914 [INFO] PluginManager:220 - loadIPPluginJar : add fatfs
2025-12-07 15:32:56,917 [INFO] IPUIPlugin:80 - create IPUIPlugin
2025-12-07 15:32:56,918 [INFO] PluginManager:220 - loadIPPluginJar : add fmc
2025-12-07 15:32:56,921 [INFO] IPUIPlugin:80 - create IPUIPlugin
2025-12-07 15:32:56,922 [INFO] PluginManager:220 - loadIPPluginJar : add freertos
2025-12-07 15:32:56,923 [INFO] IPUIPlugin:80 - create IPUIPlugin
2025-12-07 15:32:56,923 [INFO] PluginManager:220 - loadIPPluginJar : add genericplugin
2025-12-07 15:32:56,924 [INFO] IPUIPlugin:80 - create IPUIPlugin
2025-12-07 15:32:56,924 [INFO] PluginManager:220 - loadIPPluginJar : add gfxmmu
2025-12-07 15:32:56,927 [INFO] IPUIPlugin:80 - create IPUIPlugin
2025-12-07 15:32:56,927 [INFO] PluginManager:220 - loadIPPluginJar : add gic
2025-12-07 15:32:56,930 [INFO] IPUIPlugin:80 - create IPUIPlugin
2025-12-07 15:32:56,930 [INFO] PluginManager:220 - loadIPPluginJar : add gpio
2025-12-07 15:32:56,933 [INFO] IPUIPlugin:80 - create IPUIPlugin
2025-12-07 15:32:56,933 [INFO] PluginManager:220 - loadIPPluginJar : add gtzc
2025-12-07 15:32:56,934 [INFO] IPUIPlugin:80 - create IPUIPlugin
2025-12-07 15:32:56,934 [INFO] PluginManager:220 - loadIPPluginJar : add hash
2025-12-07 15:32:56,935 [INFO] IPUIPlugin:80 - create IPUIPlugin
2025-12-07 15:32:56,935 [INFO] PluginManager:220 - loadIPPluginJar : add i2c
2025-12-07 15:32:56,936 [INFO] IPUIPlugin:80 - create IPUIPlugin
2025-12-07 15:32:56,936 [INFO] PluginManager:220 - loadIPPluginJar : add i2s
2025-12-07 15:32:56,938 [INFO] IPUIPlugin:80 - create IPUIPlugin
2025-12-07 15:32:56,938 [INFO] PluginManager:220 - loadIPPluginJar : add i3c
2025-12-07 15:32:56,940 [INFO] IPUIPlugin:80 - create IPUIPlugin
2025-12-07 15:32:56,940 [INFO] PluginManager:220 - loadIPPluginJar : add ipddr
2025-12-07 15:32:56,944 [INFO] IPUIPlugin:80 - create IPUIPlugin
2025-12-07 15:32:56,945 [INFO] PluginManager:220 - loadIPPluginJar : add linkedlist
2025-12-07 15:32:56,946 [INFO] IPUIPlugin:80 - create IPUIPlugin
2025-12-07 15:32:56,946 [INFO] PluginManager:220 - loadIPPluginJar : add lorawan
2025-12-07 15:32:56,946 [INFO] IPUIPlugin:80 - create IPUIPlugin
2025-12-07 15:32:56,946 [INFO] PluginManager:220 - loadIPPluginJar : add ltdc
2025-12-07 15:32:56,950 [INFO] IPUIPlugin:80 - create IPUIPlugin
2025-12-07 15:32:56,950 [INFO] PluginManager:220 - loadIPPluginJar : add mdma
2025-12-07 15:32:56,952 [INFO] IPUIPlugin:80 - create IPUIPlugin
2025-12-07 15:32:56,952 [INFO] PluginManager:220 - loadIPPluginJar : add nvic
2025-12-07 15:32:56,953 [INFO] IPUIPlugin:80 - create IPUIPlugin
2025-12-07 15:32:56,953 [INFO] PluginManager:220 - loadIPPluginJar : add opamp
2025-12-07 15:32:56,955 [INFO] IPUIPlugin:80 - create IPUIPlugin
2025-12-07 15:32:56,955 [INFO] PluginManager:220 - loadIPPluginJar : add openamp
2025-12-07 15:32:56,956 [INFO] IPUIPlugin:80 - create IPUIPlugin
2025-12-07 15:32:56,956 [INFO] PluginManager:220 - loadIPPluginJar : add pdm2pcm
2025-12-07 15:32:56,960 [INFO] IPUIPlugin:80 - create IPUIPlugin
2025-12-07 15:32:56,961 [INFO] PluginManager:220 - loadIPPluginJar : add plateformsettings
2025-12-07 15:32:56,962 [INFO] IPUIPlugin:80 - create IPUIPlugin
2025-12-07 15:32:56,962 [INFO] PluginManager:220 - loadIPPluginJar : add quadspi
2025-12-07 15:32:56,963 [INFO] IPUIPlugin:80 - create IPUIPlugin
2025-12-07 15:32:56,963 [INFO] PluginManager:220 - loadIPPluginJar : add radio
2025-12-07 15:32:56,965 [INFO] IPUIPlugin:80 - create IPUIPlugin
2025-12-07 15:32:56,965 [INFO] PluginManager:220 - loadIPPluginJar : add resmgrutility
2025-12-07 15:32:57,054 [FATAL] Updater:351 - Updater called before beeing initialized
2025-12-07 15:32:57,074 [INFO] RulesReader:64 - Compatibility file has been processed (317 Rules)
2025-12-07 15:32:57,081 [INFO] RulesReader:64 - Compatibility file has been processed (317 Rules)
2025-12-07 15:32:57,089 [INFO] CADModel:165 - CPN selected for project level
2025-12-07 15:32:57,089 [INFO] CADModel:114 - Register for checkConnection events
2025-12-07 15:32:57,089 [FATAL] Updater:351 - Updater called before beeing initialized
2025-12-07 15:32:57,089 [ERROR] CADModel:125 - Updater not yet initialized, retry later 
2025-12-07 15:32:57,178 [FATAL] Updater:351 - Updater called before beeing initialized
2025-12-07 15:32:57,179 [INFO] CADModel:165 - CPN selected for project level
2025-12-07 15:32:57,180 [INFO] CADModel:114 - Register for checkConnection events
2025-12-07 15:32:57,180 [FATAL] Updater:351 - Updater called before beeing initialized
2025-12-07 15:32:57,180 [ERROR] CADModel:125 - Updater not yet initialized, retry later 
2025-12-07 15:32:57,182 [FATAL] Updater:351 - Updater called before beeing initialized
2025-12-07 15:32:57,228 [FATAL] Updater:351 - Updater called before beeing initialized
2025-12-07 15:32:57,230 [INFO] DbMcusAds:53 - JSON generation date=Mon Nov 10 18:43:01 CST 2025 (1762771381061)
2025-12-07 15:32:57,230 [FATAL] Updater:351 - Updater called before beeing initialized
2025-12-07 15:32:57,252 [WARN] DetailPanel:346 - Failed to get advertising image, set to default
2025-12-07 15:32:57,303 [FATAL] Updater:351 - Updater called before beeing initialized
2025-12-07 15:32:57,304 [FATAL] Updater:351 - Updater called before beeing initialized
2025-12-07 15:32:57,304 [FATAL] Updater:351 - Updater called before beeing initialized
2025-12-07 15:32:57,304 [WARN] DetailPanel:346 - Failed to get advertising image, set to default
2025-12-07 15:32:57,305 [FATAL] Updater:351 - Updater called before beeing initialized
2025-12-07 15:32:57,323 [ERROR] Updater:1198 - MainUpdater not yet initialized. External WinMGr cannot be set.
2025-12-07 15:32:57,324 [INFO] Updater:1134 - Updater Version found : 6.15.0
2025-12-07 15:32:57,337 [INFO] ApplicationProperties:184 - Using Application install path: /opt/st/stm32cubeide_1.19.0/plugins/com.st.stm32cube.common.mx_6.15.0.202507011659
2025-12-07 15:32:59,546 [INFO] ThirdPartyUpdaterWithRetryManager:70 - Updater plugin not ready yet. [2/15]
2025-12-07 15:33:00,928 [INFO] MainUpdater:2872 - connection check result : 10
2025-12-07 15:33:00,928 [INFO] MainUpdater:289 - Updater Check For Update Now.
2025-12-07 15:33:00,929 [INFO] MicroXplorer:498 - Change Database Version : DB.6.0.150
2025-12-07 15:33:00,935 [INFO] McuFinderGlobals:63 - Set McuFinder mode to 2 (CubeIDE integrated)
2025-12-07 15:33:00,936 [INFO] UserAuth:487 - Internet connection configuration mode: 1
2025-12-07 15:33:00,969 [INFO] JxBrowserEngine:152 - Initiate JxBrowser Engine with user profile folder
2025-12-07 15:33:01,100 [INFO] CheckServerUpdateThread:120 - End of CheckServer Thread
2025-12-07 15:33:01,876 [INFO] WebApp:169 - Instantiating new browser for Auth
2025-12-07 15:33:02,439 [INFO] WebApp:463 - Apply proxy settings
2025-12-07 15:33:02,439 [INFO] WebApp:548 - Chromium requires no authentication
2025-12-07 15:33:02,445 [INFO] WebApp:491 - Direct internet connection detected
2025-12-07 15:33:02,456 [INFO] WebApp:900 - Register for checkConnection events
2025-12-07 15:33:02,456 [INFO] WebApp:463 - Apply proxy settings
2025-12-07 15:33:02,456 [INFO] WebApp:548 - Chromium requires no authentication
2025-12-07 15:33:02,457 [INFO] WebApp:491 - Direct internet connection detected
2025-12-07 15:33:02,541 [INFO] WebApp:225 - Starting web application
2025-12-07 15:33:02,541 [INFO] WebApp:593 - Web application path used /opt/st/stm32cubeide_1.19.0/plugins/com.st.stm32cube.common.mx_6.15.0.202507011659/db/plugins/mcufinder/reactClient1/index.html
2025-12-07 15:33:02,621 [INFO] UserAuth:487 - Internet connection configuration mode: 1
2025-12-07 15:33:02,660 [WARN] PackLoader:240 - Cannot read IP mode file for STMicroelectronics.FP-SNS-MOTENVWB1.1.4.0
2025-12-07 15:33:02,665 [WARN] PackLoader:240 - Cannot read IP mode file for STMicroelectronics.FP-ATR-ASTRA1.2.0.2
2025-12-07 15:33:02,670 [WARN] PackLoader:240 - Cannot read IP mode file for STMicroelectronics.X-CUBE-SMBUS.2.1.0
2025-12-07 15:33:02,674 [WARN] PackLoader:240 - Cannot read IP mode file for STMicroelectronics.X-CUBE-ST60.1.0.0
2025-12-07 15:33:02,697 [WARN] PackLoader:240 - Cannot read IP mode file for STMicroelectronics.X-CUBE-AZRTOS-F7.1.1.0
2025-12-07 15:33:02,705 [WARN] PackLoader:240 - Cannot read IP mode file for STMicroelectronics.FP-SNS-MOTENV1.5.1.0
2025-12-07 15:33:02,719 [WARN] PackLoader:240 - Cannot read IP mode file for WES.I-CUBE-Cesium.1.4.0
2025-12-07 15:33:02,731 [WARN] PackLoader:240 - Cannot read IP mode file for Infineon.AIROC-Wi-Fi-Bluetooth-STM32.1.7.1
2025-12-07 15:33:02,749 [WARN] PackLoader:240 - Cannot read IP mode file for STMicroelectronics.X-CUBE-AZRTOS-H7.3.4.0
2025-12-07 15:33:02,759 [WARN] PackLoader:240 - Cannot read IP mode file for STMicroelectronics.X-CUBE-DISPLAY.3.0.0
2025-12-07 15:33:02,771 [WARN] PackLoader:240 - Cannot read IP mode file for STMicroelectronics.X-CUBE-NFC10.1.0.0
2025-12-07 15:33:02,776 [WARN] PackLoader:240 - Cannot read IP mode file for STMicroelectronics.X-CUBE-ST60.1.1.0
2025-12-07 15:33:02,780 [WARN] PackLoader:240 - Cannot read IP mode file for emotas.I-CUBE-CANOPEN.1.3.0
2025-12-07 15:33:02,784 [WARN] PackLoader:240 - Cannot read IP mode file for STMicroelectronics.X-CUBE-GNSS1.7.1.0
2025-12-07 15:33:02,790 [WARN] PackLoader:240 - Cannot read IP mode file for STMicroelectronics.FP-SNS-STBOX1.2.1.0
2025-12-07 15:33:02,795 [WARN] PackLoader:240 - Cannot read IP mode file for STMicroelectronics.FP-SNS-SMARTAG2.1.2.0
2025-12-07 15:33:02,798 [WARN] PackLoader:240 - Cannot read IP mode file for STMicroelectronics.FP-SNS-FLIGHT1.5.1.0
2025-12-07 15:33:02,803 [INFO] LogOutputStream:77 - [STDOUT_REDIRECT] 1 : Invalid condition id : UX_CORESTACK_Condition cause : null
2025-12-07 15:33:02,804 [INFO] LogOutputStream:77 - [STDOUT_REDIRECT] 1 : Invalid condition id : UX_CORESTACK_Condition cause : null
2025-12-07 15:33:02,804 [INFO] LogOutputStream:77 - [STDOUT_REDIRECT] 1 : Invalid condition id : UX_CORESTACK_Condition cause : null
2025-12-07 15:33:02,805 [INFO] LogOutputStream:77 - [STDOUT_REDIRECT] 1 : Invalid condition id : UX_CORESTACK_Condition cause : null
2025-12-07 15:33:02,805 [INFO] LogOutputStream:77 - [STDOUT_REDIRECT] 1 : Invalid condition id : UX_CORESTACK_Condition cause : null
2025-12-07 15:33:02,806 [WARN] PackLoader:240 - Cannot read IP mode file for STMicroelectronics.X-CUBE-AZRTOS-WL.2.0.0
2025-12-07 15:33:02,810 [WARN] PackLoader:240 - Cannot read IP mode file for STMicroelectronics.FP-SNS-MOTENV1.5.0.0
2025-12-07 15:33:02,821 [WARN] PackLoader:240 - Cannot read IP mode file for STMicroelectronics.X-CUBE-AZRTOS-H7RS.1.2.0
2025-12-07 15:33:02,827 [WARN] PackLoader:240 - Cannot read IP mode file for WES.I-CUBE-Cesium.1.3.0
2025-12-07 15:33:02,830 [WARN] PackLoader:240 - Cannot read IP mode file for STMicroelectronics.X-CUBE-BLE2.3.3.0
2025-12-07 15:33:02,847 [WARN] PackLoader:240 - Cannot read IP mode file for STMicroelectronics.X-CUBE-NFC9.1.0.0
2025-12-07 15:33:02,852 [WARN] PackLoader:240 - Cannot read IP mode file for wolfSSL.I-CUBE-wolfSSL.5.8.2
2025-12-07 15:33:02,856 [WARN] PackLoader:240 - Cannot read IP mode file for STMicroelectronics.X-CUBE-BLE1.7.1.0
2025-12-07 15:33:02,859 [WARN] PackLoader:240 - Cannot read IP mode file for wolfSSL.I-CUBE-wolfMQTT.1.19.2
2025-12-07 15:33:02,863 [WARN] PackLoader:240 - Cannot read IP mode file for STMicroelectronics.X-CUBE-FREERTOS.1.4.0
2025-12-07 15:33:02,868 [WARN] PackLoader:240 - Cannot read IP mode file for STMicroelectronics.X-CUBE-EEPRMA1.5.2.0
2025-12-07 15:33:02,876 [WARN] PackLoader:240 - Cannot read IP mode file for STMicroelectronics.X-CUBE-ST67W61.1.1.0
2025-12-07 15:33:02,909 [WARN] PackLoader:240 - Cannot read IP mode file for STMicroelectronics.X-CUBE-MEMS1.12.0.0
2025-12-07 15:33:03,022 [WARN] PackLoader:240 - Cannot read IP mode file for STMicroelectronics.X-CUBE-AZRTOS-G0.1.1.0
2025-12-07 15:33:03,027 [WARN] PackLoader:240 - Cannot read IP mode file for STMicroelectronics.X-CUBE-SAFEA1.1.2.2
2025-12-07 15:33:03,031 [WARN] PackLoader:240 - Cannot read IP mode file for STMicroelectronics.X-CUBE-NFC4.3.0.0
2025-12-07 15:33:03,036 [WARN] PackLoader:240 - Cannot read IP mode file for EmbeddedOffice.I-CUBE-FS-RTOS.1.0.1
2025-12-07 15:33:03,041 [WARN] PackLoader:240 - Cannot read IP mode file for STMicroelectronics.X-CUBE-WB05N.2.0.0
2025-12-07 15:33:03,045 [WARN] PackLoader:240 - Cannot read IP mode file for wolfSSL.I-CUBE-wolfTPM.3.8.0
2025-12-07 15:33:03,048 [WARN] PackLoader:240 - Cannot read IP mode file for STMicroelectronics.X-CUBE-TCPP.4.2.0
2025-12-07 15:33:03,052 [WARN] PackLoader:240 - Cannot read IP mode file for RealThread.X-CUBE-RT-Thread_Nano.4.1.1
2025-12-07 15:33:03,055 [WARN] PackLoader:240 - Cannot read IP mode file for STMicroelectronics.FP-ATR-SIGFOX1.3.2.0
2025-12-07 15:33:03,058 [WARN] PackLoader:240 - Cannot read IP mode file for ITTIA_DB.I-CUBE-ITTIADB.8.9.0
2025-12-07 15:33:03,062 [WARN] PackLoader:240 - Cannot read IP mode file for STMicroelectronics.X-CUBE-ST67W61.1.0.0
2025-12-07 15:33:03,064 [WARN] PackLoader:240 - Cannot read IP mode file for STMicroelectronics.X-CUBE-AI.10.2.0
2025-12-07 15:33:03,076 [WARN] PackLoader:240 - Cannot read IP mode file for SEGGER.I-CUBE-embOS.1.3.1
2025-12-07 15:33:03,114 [WARN] PackLoader:240 - Cannot read IP mode file for STMicroelectronics.X-CUBE-ALGOBUILD.1.4.0
2025-12-07 15:33:03,150 [WARN] PackLoader:240 - Cannot read IP mode file for STMicroelectronics.X-CUBE-MEMS1.11.3.0
2025-12-07 15:33:03,298 [WARN] PackLoader:240 - Cannot read IP mode file for STMicroelectronics.X-CUBE-PM33A1.1.0.0
2025-12-07 15:33:03,305 [WARN] PackLoader:240 - Cannot read IP mode file for STMicroelectronics.X-CUBE-AZRTOS-F4.1.1.0
2025-12-07 15:33:03,309 [WARN] PackLoader:240 - Cannot read IP mode file for Avnet-IotConnect.X-CUBE-IoTC-DA16k-PMOD.1.0.0
2025-12-07 15:33:03,311 [WARN] PackLoader:240 - Cannot read IP mode file for STMicroelectronics.X-CUBE-ISPU.2.1.0
2025-12-07 15:33:03,316 [WARN] PackLoader:240 - Cannot read IP mode file for STMicroelectronics.X-CUBE-IPS.3.2.0
2025-12-07 15:33:03,327 [WARN] PackLoader:240 - Cannot read IP mode file for STMicroelectronics.X-CUBE-NFC12.1.0.0
2025-12-07 15:33:03,336 [WARN] PackLoader:240 - Cannot read IP mode file for STMicroelectronics.X-CUBE-AZRTOS-L5.2.0.0
2025-12-07 15:33:03,346 [WARN] PackLoader:240 - Cannot read IP mode file for STMicroelectronics.X-CUBE-NFC6.3.1.0
2025-12-07 15:33:03,352 [WARN] PackLoader:240 - Cannot read IP mode file for STMicroelectronics.X-CUBE-FREERTOS.1.3.1
2025-12-07 15:33:03,355 [WARN] PackLoader:240 - Cannot read IP mode file for STMicroelectronics.X-CUBE-TOUCHGFX.4.26.0
2025-12-07 15:33:03,357 [WARN] PackLoader:240 - Cannot read IP mode file for STMicroelectronics.FP-SNS-STAIOTCFT.1.0.0
2025-12-07 15:33:03,360 [WARN] PackLoader:240 - Cannot read IP mode file for STMicroelectronics.X-CUBE-DPower.1.3.0
2025-12-07 15:33:03,366 [WARN] ConditionMgr:438 - getConditionDescription Invalid condition id : LAN8742 Phy interface Condition cause : null
2025-12-07 15:33:03,367 [WARN] PackLoader:240 - Cannot read IP mode file for STMicroelectronics.X-CUBE-AZRTOS-L4.2.0.0
2025-12-07 15:33:03,367 [WARN] ConditionMgr:1044 - genDependencies : Invalid condition id : LAN8742 Phy interface Condition cause : null
2025-12-07 15:33:03,367 [WARN] ConditionMgr:1044 - genDependencies : Invalid condition id : LAN8742 Phy interface Condition cause : null
2025-12-07 15:33:03,368 [WARN] ConditionMgr:1044 - genDependencies : Invalid condition id : LAN8742 Phy interface Condition cause : null
2025-12-07 15:33:03,372 [WARN] PackLoader:240 - Cannot read IP mode file for STMicroelectronics.X-CUBE-SFXS2LP1.4.0.0
2025-12-07 15:33:03,377 [WARN] PackLoader:240 - Cannot read IP mode file for STMicroelectronics.X-CUBE-BLEMGR.4.1.0
2025-12-07 15:33:03,384 [WARN] ConditionMgr:438 - getConditionDescription Invalid condition id : UX DEVICE CLASS RTOS Condition cause : null
2025-12-07 15:33:03,384 [WARN] ConditionMgr:438 - getConditionDescription Invalid condition id : UX DEVICE CLASS RTOS Condition cause : null
2025-12-07 15:33:03,384 [WARN] PackLoader:240 - Cannot read IP mode file for STMicroelectronics.X-CUBE-AZRTOS-WB.2.0.0
2025-12-07 15:33:03,385 [WARN] ConditionMgr:1044 - genDependencies : Invalid condition id : UX DEVICE CLASS RTOS Condition cause : null
2025-12-07 15:33:03,385 [WARN] ConditionMgr:1044 - genDependencies : Invalid condition id : UX DEVICE CLASS RTOS Condition cause : null
2025-12-07 15:33:03,385 [WARN] ConditionMgr:1044 - genDependencies : Invalid condition id : UX DEVICE CLASS RTOS Condition cause : null
2025-12-07 15:33:03,385 [WARN] ConditionMgr:1044 - genDependencies : Invalid condition id : UX DEVICE CLASS RTOS Condition cause : null
2025-12-07 15:33:03,385 [WARN] ConditionMgr:1044 - genDependencies : Invalid condition id : UX DEVICE CLASS RTOS Condition cause : null
2025-12-07 15:33:03,389 [WARN] PackLoader:240 - Cannot read IP mode file for STMicroelectronics.X-CUBE-GNSS1.7.0.1
2025-12-07 15:33:03,391 [WARN] PackLoader:240 - Cannot read IP mode file for STMicroelectronics.X-CUBE-TOUCHGFX.4.25.0
2025-12-07 15:33:03,392 [WARN] ConditionMgr:438 - getConditionDescription Invalid condition id : Cortex-A Device cause : null
2025-12-07 15:33:03,398 [WARN] ConditionMgr:1044 - genDependencies : Invalid condition id : Cortex-A Device cause : null
2025-12-07 15:33:03,398 [WARN] ConditionMgr:1044 - genDependencies : Invalid condition id : Cortex-A Device cause : null
2025-12-07 15:33:03,398 [WARN] ConditionMgr:1044 - genDependencies : Invalid condition id : Cortex-A Device cause : null
2025-12-07 15:33:03,401 [WARN] PackLoader:240 - Cannot read IP mode file for STMicroelectronics.X-CUBE-SUBG2.5.0.0
2025-12-07 15:33:03,412 [WARN] PackLoader:240 - Cannot read IP mode file for STMicroelectronics.X-CUBE-AZRTOS-H7RS.1.1.0
2025-12-07 15:33:03,416 [WARN] PackLoader:240 - Cannot read IP mode file for Cesanta.I-CUBE-Mongoose.7.13.0
2025-12-07 15:33:03,421 [WARN] PackLoader:240 - Cannot read IP mode file for STMicroelectronics.X-CUBE-AZRTOS-G4.2.0.0
2025-12-07 15:33:03,424 [WARN] PackLoader:240 - Cannot read IP mode file for wolfSSL.I-CUBE-wolfSSH.1.4.20
2025-12-07 15:33:03,426 [WARN] PackLoader:240 - Cannot read IP mode file for STMicroelectronics.X-CUBE-NFC7.2.0.0
2025-12-07 15:33:03,430 [WARN] PackLoader:240 - Cannot read IP mode file for STMicroelectronics.X-CUBE-IPS.3.1.0
2025-12-07 15:33:03,438 [WARN] PackLoader:240 - Cannot read IP mode file for STMicroelectronics.X-CUBE-ALS.1.0.2
2025-12-07 15:33:03,441 [WARN] PackLoader:240 - Cannot read IP mode file for STMicroelectronics.X-CUBE-STSE01.1.0.0
2025-12-07 15:33:03,445 [WARN] PackLoader:240 - Cannot read IP mode file for portGmbH.I-Cube-SoM-uGOAL.1.1.0
2025-12-07 15:33:03,448 [WARN] PackLoader:240 - Cannot read IP mode file for STMicroelectronics.X-CUBE-TOF1.3.4.3
2025-12-07 15:33:03,460 [INFO] ThirdParty:978 - Integrity check success = true
2025-12-07 15:33:03,460 [INFO] IntegrityCheckThread:100 - exiting critical section [integrity check]
2025-12-07 15:33:03,460 [INFO] IntegrityCheckThread:103 - End integrity checks thread
2025-12-07 15:33:04,244 [INFO] WebApp:191 - Connection restablished
2025-12-07 17:49:29,224 [INFO] WebApp:194 - Connection lost
2025-12-07 19:00:52,532 [INFO] WebApp:191 - Connection restablished
2025-12-07 19:00:54,838 [INFO] WebApp:194 - Connection lost
2025-12-07 19:00:58,960 [INFO] WebApp:191 - Connection restablished
2025-12-07 19:01:18,631 [INFO] WebApp:194 - Connection lost
2025-12-07 19:01:24,381 [INFO] WebApp:191 - Connection restablished
2025-12-07 19:06:39,870 [INFO] WebApp:194 - Connection lost
2025-12-07 19:06:45,911 [INFO] WebApp:191 - Connection restablished
2025-12-07 19:12:24,844 [INFO] WebApp:194 - Connection lost
2025-12-07 19:12:31,280 [INFO] WebApp:191 - Connection restablished
2025-12-07 19:23:54,923 [INFO] WebApp:194 - Connection lost
2025-12-07 19:24:01,756 [INFO] WebApp:191 - Connection restablished
2025-12-07 19:47:31,298 [INFO] WebApp:194 - Connection lost
2025-12-07 21:37:44,016 [INFO] WebApp:191 - Connection restablished
2025-12-07 21:38:03,737 [INFO] WebApp:194 - Connection lost
2025-12-07 21:38:09,907 [INFO] WebApp:191 - Connection restablished
2025-12-07 21:43:25,016 [INFO] WebApp:194 - Connection lost
2025-12-07 21:43:31,587 [INFO] WebApp:191 - Connection restablished
2025-12-07 21:49:10,740 [INFO] WebApp:194 - Connection lost
2025-12-07 21:49:17,753 [INFO] WebApp:191 - Connection restablished
2025-12-07 22:00:40,690 [INFO] WebApp:194 - Connection lost
2025-12-07 22:00:48,044 [INFO] WebApp:191 - Connection restablished
2025-12-07 22:35:10,722 [INFO] WebApp:194 - Connection lost
2025-12-07 22:35:17,712 [INFO] WebApp:191 - Connection restablished
2025-12-07 23:09:40,783 [INFO] WebApp:194 - Connection lost
2025-12-07 23:09:47,284 [INFO] WebApp:191 - Connection restablished
2025-12-07 23:44:10,827 [INFO] WebApp:194 - Connection lost
2025-12-07 23:44:16,991 [INFO] WebApp:191 - Connection restablished
