2025-12-19 18:34:06,478 [INFO] Activator:176 - 


2025-12-19 18:34:06,482 [INFO] Activator:177 - !SESSION log4j initialized
2025-12-19 18:34:13,624 [INFO] LogOutputStream:77 - [STDOUT_REDIRECT] 
2025-12-19 18:34:14,820 [INFO] ApplicationProperties:184 - Using Application install path: /opt/st/stm32cubeide_1.19.0/plugins/com.st.stm32cube.common.mx_6.15.0.202507011659
2025-12-19 18:34:14,832 [INFO] DbMcusXml:78 - Set database path to: /opt/st/stm32cubeide_1.19.0/plugins/com.st.stm32cube.common.mx_6.15.0.202507011659//db//mcu/
2025-12-19 18:34:14,832 [INFO] ApiDb:274 - Set plugin database path to: /opt/st/stm32cubeide_1.19.0/plugins/com.st.stm32cube.common.mx_6.15.0.202507011659//db//plugins/boardmanager/
2025-12-19 18:34:14,832 [WARN] ApiDb:259 - Overriding images path with different value:  => /opt/st/stm32cubeide_1.19.0/plugins/com.st.stm32cube.common.mx_6.15.0.202507011659//db//plugins/mcufinder/images/
2025-12-19 18:34:14,839 [INFO] ApiDb:250 - Set database path to: /home/h/.stmcufinder/plugins/mcufinder//mcu/
2025-12-19 18:34:14,840 [INFO] DbMcusAds:125 - Set database path to: /home/h/.stmcufinder/plugins/mcufinder//mcu/
2025-12-19 18:34:14,842 [INFO] CrossReferenceDbSqlite:203 - Set database path to: /home/h/.stmcufinder/plugins/mcufinder//mcu/cs/
2025-12-19 18:34:14,914 [INFO] RulesReader:64 - Compatibility file has been processed (317 Rules)
2025-12-19 18:34:14,960 [INFO] DbMcusXml:78 - Set database path to: /opt/st/stm32cubeide_1.19.0/plugins/com.st.stm32cube.common.mx_6.15.0.202507011659//db//mcu/
2025-12-19 18:34:14,960 [INFO] ApiDb:274 - Set plugin database path to: /opt/st/stm32cubeide_1.19.0/plugins/com.st.stm32cube.common.mx_6.15.0.202507011659//db//plugins/boardmanager/
2025-12-19 18:34:14,960 [INFO] ApiDb:261 - Set plugin images path to: /opt/st/stm32cubeide_1.19.0/plugins/com.st.stm32cube.common.mx_6.15.0.202507011659//db//plugins/mcufinder/images/
2025-12-19 18:34:14,961 [WARN] DbFile:41 - Overriding database path with different value: /home/h/.stmcufinder/plugins/mcufinder/ => /home/h/.stmcufinder/plugins/mcufinder
2025-12-19 18:34:14,961 [INFO] ApiDb:250 - Set database path to: /home/h/.stmcufinder/plugins/mcufinder//mcu/
2025-12-19 18:34:14,961 [WARN] DbFile:41 - Overriding database path with different value: /home/h/.stmcufinder/plugins/mcufinder/ => /home/h/.stmcufinder/plugins/mcufinder
2025-12-19 18:34:14,961 [INFO] DbMcusAds:125 - Set database path to: /home/h/.stmcufinder/plugins/mcufinder//mcu/
2025-12-19 18:34:14,961 [WARN] DbFile:41 - Overriding database path with different value: /home/h/.stmcufinder/plugins/mcufinder/ => /home/h/.stmcufinder/plugins/mcufinder
2025-12-19 18:34:14,961 [WARN] DbFile:41 - Overriding database path with different value: /home/h/.stmcufinder/plugins/mcufinder/ => /home/h/.stmcufinder/plugins/mcufinder
2025-12-19 18:34:14,961 [INFO] CrossReferenceDbSqlite:203 - Set database path to: /home/h/.stmcufinder/plugins/mcufinder//mcu/cs/
2025-12-19 18:34:15,014 [INFO] MainPanel:274 - HeapMemory: 268435456
2025-12-19 18:34:15,169 [INFO] DbMcusXml:78 - Set database path to: /opt/st/stm32cubeide_1.19.0/plugins/com.st.stm32cube.common.mx_6.15.0.202507011659//db//mcu/
2025-12-19 18:34:15,169 [INFO] ApiDb:274 - Set plugin database path to: /opt/st/stm32cubeide_1.19.0/plugins/com.st.stm32cube.common.mx_6.15.0.202507011659//db//plugins/boardmanager/
2025-12-19 18:34:15,169 [INFO] ApiDb:261 - Set plugin images path to: /opt/st/stm32cubeide_1.19.0/plugins/com.st.stm32cube.common.mx_6.15.0.202507011659//db//plugins/mcufinder/images/
2025-12-19 18:34:15,169 [WARN] DbFile:41 - Overriding database path with different value: /home/h/.stmcufinder/plugins/mcufinder/ => /home/h/.stmcufinder/plugins/mcufinder
2025-12-19 18:34:15,170 [INFO] ApiDb:250 - Set database path to: /home/h/.stmcufinder/plugins/mcufinder//mcu/
2025-12-19 18:34:15,170 [WARN] DbFile:41 - Overriding database path with different value: /home/h/.stmcufinder/plugins/mcufinder/ => /home/h/.stmcufinder/plugins/mcufinder
2025-12-19 18:34:15,170 [INFO] DbMcusAds:125 - Set database path to: /home/h/.stmcufinder/plugins/mcufinder//mcu/
2025-12-19 18:34:15,170 [WARN] DbFile:41 - Overriding database path with different value: /home/h/.stmcufinder/plugins/mcufinder/ => /home/h/.stmcufinder/plugins/mcufinder
2025-12-19 18:34:15,170 [WARN] DbFile:41 - Overriding database path with different value: /home/h/.stmcufinder/plugins/mcufinder/ => /home/h/.stmcufinder/plugins/mcufinder
2025-12-19 18:34:15,170 [INFO] CrossReferenceDbSqlite:203 - Set database path to: /home/h/.stmcufinder/plugins/mcufinder//mcu/cs/
2025-12-19 18:34:15,182 [INFO] ApplicationProperties:184 - Using Application install path: /opt/st/stm32cubeide_1.19.0/plugins/com.st.stm32cube.common.mx_6.15.0.202507011659
2025-12-19 18:34:15,184 [INFO] PluginManage:196 - Search for loadable plugins [exclusion list=, ]
2025-12-19 18:34:15,185 [INFO] PluginManage:310 - Check plugin analytics
2025-12-19 18:34:15,289 [INFO] AnalyticsPlugin:253 - Accepted Software Licenses: STM32CubeMX.6.15.0
2025-12-19 18:34:15,289 [INFO] AnalyticsPlugin:255 - Accepted CMSIS Pack Licenses: 
2025-12-19 18:34:15,289 [INFO] AnalyticsPlugin:257 - Accepted Firmware Licenses: FW.G4.1.6.0
2025-12-19 18:34:15,291 [INFO] PluginManage:359 - Loaded plugin analytics (category:tool,tabindex:-1)
2025-12-19 18:34:15,291 [INFO] PluginManage:310 - Check plugin cadmodel
2025-12-19 18:34:15,294 [INFO] CADModel:105 - Init CAD model plugin
2025-12-19 18:34:15,294 [INFO] PluginManage:359 - Loaded plugin cadmodel (category:power,tabindex:5)
2025-12-19 18:34:15,294 [INFO] PluginManage:310 - Check plugin clock
2025-12-19 18:34:15,301 [INFO] PluginManage:359 - Loaded plugin clock (category:base,tabindex:2)
2025-12-19 18:34:15,301 [INFO] PluginManage:310 - Check plugin ddr
2025-12-19 18:34:15,303 [INFO] PluginManage:359 - Loaded plugin ddr (category:tool,tabindex:6)
2025-12-19 18:34:15,303 [INFO] PluginManage:310 - Check plugin filemanager
2025-12-19 18:34:15,400 [INFO] PluginManage:359 - Loaded plugin filemanager (category:base,tabindex:10)
2025-12-19 18:34:15,400 [INFO] PluginManage:310 - Check plugin ipmanager
2025-12-19 18:34:15,404 [INFO] PluginManage:359 - Loaded plugin ipmanager (category:base,tabindex:5)
2025-12-19 18:34:15,404 [INFO] PluginManage:310 - Check plugin lpbam
2025-12-19 18:34:15,411 [INFO] PluginManage:359 - Loaded plugin lpbam (category:base,tabindex:0)
2025-12-19 18:34:15,411 [INFO] PluginManage:310 - Check plugin memorymap
2025-12-19 18:34:15,419 [INFO] PluginManage:359 - Loaded plugin memorymap (category:base,tabindex:4)
2025-12-19 18:34:15,420 [INFO] PluginManage:310 - Check plugin pinoutandconfiguration
2025-12-19 18:34:15,426 [INFO] PluginManage:359 - Loaded plugin pinoutandconfiguration (category:base,tabindex:1)
2025-12-19 18:34:15,426 [INFO] PluginManage:310 - Check plugin pinoutconfig
2025-12-19 18:34:15,485 [WARN] SupportedApi:132 - Cannot load RTOS API schema: s4s-elt-must-match.1: The content of 'definitions' must match (annotation?, (simpleType | complexType)?, (unique | key | keyref)*)). A problem was found starting at: attribute.
2025-12-19 18:34:15,582 [INFO] PluginManage:359 - Loaded plugin pinoutconfig (category:base,tabindex:0)
2025-12-19 18:34:15,582 [INFO] PluginManage:310 - Check plugin power
2025-12-19 18:34:15,591 [INFO] PluginManage:359 - Loaded plugin power (category:power,tabindex:4)
2025-12-19 18:34:15,591 [INFO] PluginManage:310 - Check plugin projectmanager
2025-12-19 18:34:15,601 [INFO] PluginManage:359 - Loaded plugin projectmanager (category:projectmanager,tabindex:4)
2025-12-19 18:34:15,601 [INFO] PluginManage:310 - Check plugin rif
2025-12-19 18:34:15,607 [INFO] PluginManage:359 - Loaded plugin rif (category:base,tabindex:3)
2025-12-19 18:34:15,607 [INFO] PluginManage:310 - Check plugin thirdparty
2025-12-19 18:34:15,704 [INFO] PluginManage:359 - Loaded plugin thirdparty (category:base,tabindex:-1)
2025-12-19 18:34:15,704 [WARN] IntegrityCheckThread:84 - waiting for thirdparty lock release [integrity check]
2025-12-19 18:34:15,705 [INFO] IntegrityCheckThread:86 - entering critical section [integrity check]
2025-12-19 18:34:15,705 [INFO] PluginManage:310 - Check plugin tools
2025-12-19 18:34:15,705 [INFO] ThirdPartyUpdaterWithRetryManager:70 - Updater plugin not ready yet. [1/15]
2025-12-19 18:34:15,707 [INFO] PluginManage:359 - Loaded plugin tools (category:base,tabindex:7)
2025-12-19 18:34:15,707 [INFO] PluginManage:310 - Check plugin tutovideos
2025-12-19 18:34:15,851 [INFO] PluginManage:359 - Loaded plugin tutovideos (category:base,tabindex:-1)
2025-12-19 18:34:15,852 [INFO] PluginManage:310 - Check plugin updater
2025-12-19 18:34:15,869 [INFO] PluginManage:359 - Loaded plugin updater (category:base,tabindex:12)
2025-12-19 18:34:15,869 [INFO] PluginManage:310 - Check plugin userauth
2025-12-19 18:34:15,872 [INFO] UserAuth:118 - Init User Auth plugin
2025-12-19 18:34:15,873 [INFO] PluginManage:359 - Loaded plugin userauth (category:base,tabindex:14)
2025-12-19 18:34:15,873 [INFO] PluginManage:283 - PluginManage : Loaded plugins [18]
2025-12-19 18:34:15,992 [INFO] PinOutPanel:1589 - setPackage(No Configuration,No Configuration)
2025-12-19 18:34:16,037 [INFO] CADModel:165 - CPN selected for project level
2025-12-19 18:34:16,037 [INFO] CADModel:114 - Register for checkConnection events
2025-12-19 18:34:16,053 [INFO] IPUIPlugin:80 - create IPUIPlugin
2025-12-19 18:34:16,053 [INFO] PluginManager:220 - loadIPPluginJar : add sai
2025-12-19 18:34:16,055 [INFO] IPUIPlugin:80 - create IPUIPlugin
2025-12-19 18:34:16,055 [INFO] PluginManager:220 - loadIPPluginJar : add spi
2025-12-19 18:34:16,062 [INFO] IPUIPlugin:80 - create IPUIPlugin
2025-12-19 18:34:16,062 [INFO] PluginManager:220 - loadIPPluginJar : add stm32_wpan
2025-12-19 18:34:16,063 [INFO] IPUIPlugin:80 - create IPUIPlugin
2025-12-19 18:34:16,063 [INFO] PluginManager:220 - loadIPPluginJar : add tim
2025-12-19 18:34:16,066 [INFO] IPUIPlugin:80 - create IPUIPlugin
2025-12-19 18:34:16,066 [INFO] PluginManager:220 - loadIPPluginJar : add touchsensing
2025-12-19 18:34:16,067 [INFO] IPUIPlugin:80 - create IPUIPlugin
2025-12-19 18:34:16,067 [INFO] PluginManager:220 - loadIPPluginJar : add tracer_emb
2025-12-19 18:34:16,068 [INFO] IPUIPlugin:80 - create IPUIPlugin
2025-12-19 18:34:16,068 [INFO] PluginManager:220 - loadIPPluginJar : add ts
2025-12-19 18:34:16,069 [INFO] IPUIPlugin:80 - create IPUIPlugin
2025-12-19 18:34:16,069 [INFO] PluginManager:220 - loadIPPluginJar : add tsc
2025-12-19 18:34:16,070 [INFO] IPUIPlugin:80 - create IPUIPlugin
2025-12-19 18:34:16,070 [INFO] PluginManager:220 - loadIPPluginJar : add ucpd
2025-12-19 18:34:16,073 [INFO] IPUIPlugin:80 - create IPUIPlugin
2025-12-19 18:34:16,073 [INFO] PluginManager:220 - loadIPPluginJar : add usart
2025-12-19 18:34:16,075 [INFO] IPUIPlugin:80 - create IPUIPlugin
2025-12-19 18:34:16,075 [INFO] PluginManager:220 - loadIPPluginJar : add usbx
2025-12-19 18:34:16,081 [INFO] IPUIPlugin:80 - create IPUIPlugin
2025-12-19 18:34:16,081 [INFO] PluginManager:220 - loadIPPluginJar : add adc
2025-12-19 18:34:16,083 [INFO] IPUIPlugin:80 - create IPUIPlugin
2025-12-19 18:34:16,083 [INFO] PluginManager:220 - loadIPPluginJar : add aes
2025-12-19 18:34:16,084 [INFO] IPUIPlugin:80 - create IPUIPlugin
2025-12-19 18:34:16,084 [INFO] PluginManager:220 - loadIPPluginJar : add can
2025-12-19 18:34:16,085 [INFO] IPUIPlugin:80 - create IPUIPlugin
2025-12-19 18:34:16,086 [INFO] PluginManager:220 - loadIPPluginJar : add comp
2025-12-19 18:34:16,087 [INFO] IPUIPlugin:80 - create IPUIPlugin
2025-12-19 18:34:16,088 [INFO] PluginManager:220 - loadIPPluginJar : add cryp
2025-12-19 18:34:16,091 [INFO] IPUIPlugin:80 - create IPUIPlugin
2025-12-19 18:34:16,091 [INFO] PluginManager:220 - loadIPPluginJar : add ddr_ctrl_phy
2025-12-19 18:34:16,093 [INFO] IPUIPlugin:80 - create IPUIPlugin
2025-12-19 18:34:16,093 [INFO] PluginManager:220 - loadIPPluginJar : add dfsdm
2025-12-19 18:34:16,097 [INFO] IPUIPlugin:80 - create IPUIPlugin
2025-12-19 18:34:16,097 [INFO] PluginManager:220 - loadIPPluginJar : add dma
2025-12-19 18:34:16,099 [INFO] IPUIPlugin:80 - create IPUIPlugin
2025-12-19 18:34:16,099 [INFO] PluginManager:220 - loadIPPluginJar : add dma3
2025-12-19 18:34:16,101 [INFO] IPUIPlugin:80 - create IPUIPlugin
2025-12-19 18:34:16,101 [INFO] PluginManager:220 - loadIPPluginJar : add extmemmanager
2025-12-19 18:34:16,102 [INFO] IPUIPlugin:80 - create IPUIPlugin
2025-12-19 18:34:16,102 [INFO] PluginManager:220 - loadIPPluginJar : add fatfs
2025-12-19 18:34:16,105 [INFO] IPUIPlugin:80 - create IPUIPlugin
2025-12-19 18:34:16,105 [INFO] PluginManager:220 - loadIPPluginJar : add fmc
2025-12-19 18:34:16,109 [INFO] IPUIPlugin:80 - create IPUIPlugin
2025-12-19 18:34:16,109 [INFO] PluginManager:220 - loadIPPluginJar : add freertos
2025-12-19 18:34:16,111 [INFO] IPUIPlugin:80 - create IPUIPlugin
2025-12-19 18:34:16,111 [INFO] PluginManager:220 - loadIPPluginJar : add genericplugin
2025-12-19 18:34:16,112 [INFO] IPUIPlugin:80 - create IPUIPlugin
2025-12-19 18:34:16,112 [INFO] PluginManager:220 - loadIPPluginJar : add gfxmmu
2025-12-19 18:34:16,115 [INFO] IPUIPlugin:80 - create IPUIPlugin
2025-12-19 18:34:16,115 [INFO] PluginManager:220 - loadIPPluginJar : add gic
2025-12-19 18:34:16,118 [INFO] IPUIPlugin:80 - create IPUIPlugin
2025-12-19 18:34:16,118 [INFO] PluginManager:220 - loadIPPluginJar : add gpio
2025-12-19 18:34:16,120 [INFO] IPUIPlugin:80 - create IPUIPlugin
2025-12-19 18:34:16,120 [INFO] PluginManager:220 - loadIPPluginJar : add gtzc
2025-12-19 18:34:16,121 [INFO] IPUIPlugin:80 - create IPUIPlugin
2025-12-19 18:34:16,121 [INFO] PluginManager:220 - loadIPPluginJar : add hash
2025-12-19 18:34:16,122 [INFO] IPUIPlugin:80 - create IPUIPlugin
2025-12-19 18:34:16,122 [INFO] PluginManager:220 - loadIPPluginJar : add i2c
2025-12-19 18:34:16,124 [INFO] IPUIPlugin:80 - create IPUIPlugin
2025-12-19 18:34:16,124 [INFO] PluginManager:220 - loadIPPluginJar : add i2s
2025-12-19 18:34:16,125 [INFO] IPUIPlugin:80 - create IPUIPlugin
2025-12-19 18:34:16,126 [INFO] PluginManager:220 - loadIPPluginJar : add i3c
2025-12-19 18:34:16,128 [INFO] IPUIPlugin:80 - create IPUIPlugin
2025-12-19 18:34:16,128 [INFO] PluginManager:220 - loadIPPluginJar : add ipddr
2025-12-19 18:34:16,132 [INFO] IPUIPlugin:80 - create IPUIPlugin
2025-12-19 18:34:16,132 [INFO] PluginManager:220 - loadIPPluginJar : add linkedlist
2025-12-19 18:34:16,134 [INFO] IPUIPlugin:80 - create IPUIPlugin
2025-12-19 18:34:16,134 [INFO] PluginManager:220 - loadIPPluginJar : add lorawan
2025-12-19 18:34:16,135 [INFO] IPUIPlugin:80 - create IPUIPlugin
2025-12-19 18:34:16,135 [INFO] PluginManager:220 - loadIPPluginJar : add ltdc
2025-12-19 18:34:16,139 [INFO] IPUIPlugin:80 - create IPUIPlugin
2025-12-19 18:34:16,139 [INFO] PluginManager:220 - loadIPPluginJar : add mdma
2025-12-19 18:34:16,142 [INFO] IPUIPlugin:80 - create IPUIPlugin
2025-12-19 18:34:16,142 [INFO] PluginManager:220 - loadIPPluginJar : add nvic
2025-12-19 18:34:16,144 [INFO] IPUIPlugin:80 - create IPUIPlugin
2025-12-19 18:34:16,144 [INFO] PluginManager:220 - loadIPPluginJar : add opamp
2025-12-19 18:34:16,146 [INFO] IPUIPlugin:80 - create IPUIPlugin
2025-12-19 18:34:16,146 [INFO] PluginManager:220 - loadIPPluginJar : add openamp
2025-12-19 18:34:16,147 [INFO] IPUIPlugin:80 - create IPUIPlugin
2025-12-19 18:34:16,148 [INFO] PluginManager:220 - loadIPPluginJar : add pdm2pcm
2025-12-19 18:34:16,152 [INFO] IPUIPlugin:80 - create IPUIPlugin
2025-12-19 18:34:16,154 [INFO] PluginManager:220 - loadIPPluginJar : add plateformsettings
2025-12-19 18:34:16,155 [INFO] IPUIPlugin:80 - create IPUIPlugin
2025-12-19 18:34:16,155 [INFO] PluginManager:220 - loadIPPluginJar : add quadspi
2025-12-19 18:34:16,156 [INFO] IPUIPlugin:80 - create IPUIPlugin
2025-12-19 18:34:16,157 [INFO] PluginManager:220 - loadIPPluginJar : add radio
2025-12-19 18:34:16,159 [INFO] IPUIPlugin:80 - create IPUIPlugin
2025-12-19 18:34:16,159 [INFO] PluginManager:220 - loadIPPluginJar : add resmgrutility
2025-12-19 18:34:16,248 [FATAL] Updater:351 - Updater called before beeing initialized
2025-12-19 18:34:16,274 [INFO] RulesReader:64 - Compatibility file has been processed (317 Rules)
2025-12-19 18:34:16,281 [INFO] RulesReader:64 - Compatibility file has been processed (317 Rules)
2025-12-19 18:34:16,285 [INFO] CADModel:165 - CPN selected for project level
2025-12-19 18:34:16,286 [INFO] CADModel:114 - Register for checkConnection events
2025-12-19 18:34:16,286 [FATAL] Updater:351 - Updater called before beeing initialized
2025-12-19 18:34:16,286 [ERROR] CADModel:125 - Updater not yet initialized, retry later 
2025-12-19 18:34:16,370 [FATAL] Updater:351 - Updater called before beeing initialized
2025-12-19 18:34:16,371 [INFO] CADModel:165 - CPN selected for project level
2025-12-19 18:34:16,371 [INFO] CADModel:114 - Register for checkConnection events
2025-12-19 18:34:16,371 [FATAL] Updater:351 - Updater called before beeing initialized
2025-12-19 18:34:16,371 [ERROR] CADModel:125 - Updater not yet initialized, retry later 
2025-12-19 18:34:16,374 [FATAL] Updater:351 - Updater called before beeing initialized
2025-12-19 18:34:16,424 [FATAL] Updater:351 - Updater called before beeing initialized
2025-12-19 18:34:16,427 [INFO] DbMcusAds:53 - JSON generation date=Mon Nov 10 18:43:01 CST 2025 (1762771381061)
2025-12-19 18:34:16,427 [FATAL] Updater:351 - Updater called before beeing initialized
2025-12-19 18:34:16,451 [WARN] DetailPanel:346 - Failed to get advertising image, set to default
2025-12-19 18:34:16,498 [FATAL] Updater:351 - Updater called before beeing initialized
2025-12-19 18:34:16,499 [FATAL] Updater:351 - Updater called before beeing initialized
2025-12-19 18:34:16,499 [FATAL] Updater:351 - Updater called before beeing initialized
2025-12-19 18:34:16,499 [WARN] DetailPanel:346 - Failed to get advertising image, set to default
2025-12-19 18:34:16,500 [FATAL] Updater:351 - Updater called before beeing initialized
2025-12-19 18:34:16,521 [ERROR] Updater:1198 - MainUpdater not yet initialized. External WinMGr cannot be set.
2025-12-19 18:34:16,522 [INFO] Updater:1134 - Updater Version found : 6.15.0
2025-12-19 18:34:16,537 [INFO] ApplicationProperties:184 - Using Application install path: /opt/st/stm32cubeide_1.19.0/plugins/com.st.stm32cube.common.mx_6.15.0.202507011659
2025-12-19 18:34:18,097 [INFO] MainUpdater:2872 - connection check result : 10
2025-12-19 18:34:18,098 [INFO] MainUpdater:289 - Updater Check For Update Now.
2025-12-19 18:34:18,098 [INFO] MicroXplorer:498 - Change Database Version : DB.6.0.150
2025-12-19 18:34:18,102 [INFO] McuFinderGlobals:63 - Set McuFinder mode to 2 (CubeIDE integrated)
2025-12-19 18:34:18,103 [INFO] UserAuth:487 - Internet connection configuration mode: 1
2025-12-19 18:34:18,119 [INFO] JxBrowserEngine:152 - Initiate JxBrowser Engine with user profile folder
2025-12-19 18:34:18,243 [INFO] CheckServerUpdateThread:120 - End of CheckServer Thread
2025-12-19 18:34:18,803 [INFO] WebApp:169 - Instantiating new browser for Auth
2025-12-19 18:34:18,813 [WARN] PackLoader:240 - Cannot read IP mode file for STMicroelectronics.FP-SNS-MOTENVWB1.1.4.0
2025-12-19 18:34:18,819 [WARN] PackLoader:240 - Cannot read IP mode file for STMicroelectronics.FP-ATR-ASTRA1.2.0.2
2025-12-19 18:34:18,823 [WARN] PackLoader:240 - Cannot read IP mode file for STMicroelectronics.X-CUBE-SMBUS.2.1.0
2025-12-19 18:34:18,830 [WARN] PackLoader:240 - Cannot read IP mode file for STMicroelectronics.X-CUBE-ST60.1.0.0
2025-12-19 18:34:18,856 [WARN] PackLoader:240 - Cannot read IP mode file for STMicroelectronics.X-CUBE-AZRTOS-F7.1.1.0
2025-12-19 18:34:18,862 [WARN] PackLoader:240 - Cannot read IP mode file for STMicroelectronics.FP-SNS-MOTENV1.5.1.0
2025-12-19 18:34:18,869 [WARN] PackLoader:240 - Cannot read IP mode file for WES.I-CUBE-Cesium.1.4.0
2025-12-19 18:34:18,880 [WARN] PackLoader:240 - Cannot read IP mode file for Infineon.AIROC-Wi-Fi-Bluetooth-STM32.1.7.1
2025-12-19 18:34:18,899 [WARN] PackLoader:240 - Cannot read IP mode file for STMicroelectronics.X-CUBE-AZRTOS-H7.3.4.0
2025-12-19 18:34:18,906 [WARN] PackLoader:240 - Cannot read IP mode file for STMicroelectronics.X-CUBE-DISPLAY.3.0.0
2025-12-19 18:34:18,914 [WARN] PackLoader:240 - Cannot read IP mode file for STMicroelectronics.X-CUBE-NFC10.1.0.0
2025-12-19 18:34:18,919 [WARN] PackLoader:240 - Cannot read IP mode file for STMicroelectronics.X-CUBE-ST60.1.1.0
2025-12-19 18:34:18,922 [WARN] PackLoader:240 - Cannot read IP mode file for emotas.I-CUBE-CANOPEN.1.3.0
2025-12-19 18:34:18,926 [WARN] PackLoader:240 - Cannot read IP mode file for STMicroelectronics.X-CUBE-GNSS1.7.1.0
2025-12-19 18:34:18,931 [WARN] PackLoader:240 - Cannot read IP mode file for STMicroelectronics.FP-SNS-STBOX1.2.1.0
2025-12-19 18:34:18,936 [WARN] PackLoader:240 - Cannot read IP mode file for STMicroelectronics.FP-SNS-SMARTAG2.1.2.0
2025-12-19 18:34:18,938 [WARN] PackLoader:240 - Cannot read IP mode file for STMicroelectronics.FP-SNS-FLIGHT1.5.1.0
2025-12-19 18:34:18,943 [INFO] LogOutputStream:77 - [STDOUT_REDIRECT] 1 : Invalid condition id : UX_CORESTACK_Condition cause : null
2025-12-19 18:34:18,943 [INFO] LogOutputStream:77 - [STDOUT_REDIRECT] 1 : Invalid condition id : UX_CORESTACK_Condition cause : null
2025-12-19 18:34:18,943 [INFO] LogOutputStream:77 - [STDOUT_REDIRECT] 1 : Invalid condition id : UX_CORESTACK_Condition cause : null
2025-12-19 18:34:18,943 [INFO] LogOutputStream:77 - [STDOUT_REDIRECT] 1 : Invalid condition id : UX_CORESTACK_Condition cause : null
2025-12-19 18:34:18,944 [INFO] LogOutputStream:77 - [STDOUT_REDIRECT] 1 : Invalid condition id : UX_CORESTACK_Condition cause : null
2025-12-19 18:34:18,945 [WARN] PackLoader:240 - Cannot read IP mode file for STMicroelectronics.X-CUBE-AZRTOS-WL.2.0.0
2025-12-19 18:34:18,949 [WARN] PackLoader:240 - Cannot read IP mode file for STMicroelectronics.FP-SNS-MOTENV1.5.0.0
2025-12-19 18:34:18,960 [WARN] PackLoader:240 - Cannot read IP mode file for STMicroelectronics.X-CUBE-AZRTOS-H7RS.1.2.0
2025-12-19 18:34:18,971 [WARN] PackLoader:240 - Cannot read IP mode file for WES.I-CUBE-Cesium.1.3.0
2025-12-19 18:34:18,974 [WARN] PackLoader:240 - Cannot read IP mode file for STMicroelectronics.X-CUBE-BLE2.3.3.0
2025-12-19 18:34:18,985 [WARN] PackLoader:240 - Cannot read IP mode file for STMicroelectronics.X-CUBE-NFC9.1.0.0
2025-12-19 18:34:18,989 [WARN] PackLoader:240 - Cannot read IP mode file for wolfSSL.I-CUBE-wolfSSL.5.8.2
2025-12-19 18:34:18,991 [WARN] PackLoader:240 - Cannot read IP mode file for STMicroelectronics.X-CUBE-BLE1.7.1.0
2025-12-19 18:34:18,994 [WARN] PackLoader:240 - Cannot read IP mode file for wolfSSL.I-CUBE-wolfMQTT.1.19.2
2025-12-19 18:34:18,996 [WARN] PackLoader:240 - Cannot read IP mode file for STMicroelectronics.X-CUBE-FREERTOS.1.4.0
2025-12-19 18:34:19,000 [WARN] PackLoader:240 - Cannot read IP mode file for STMicroelectronics.X-CUBE-EEPRMA1.5.2.0
2025-12-19 18:34:19,004 [WARN] PackLoader:240 - Cannot read IP mode file for STMicroelectronics.X-CUBE-ST67W61.1.1.0
2025-12-19 18:34:19,023 [WARN] PackLoader:240 - Cannot read IP mode file for STMicroelectronics.X-CUBE-MEMS1.12.0.0
2025-12-19 18:34:19,123 [WARN] PackLoader:240 - Cannot read IP mode file for STMicroelectronics.X-CUBE-AZRTOS-G0.1.1.0
2025-12-19 18:34:19,129 [WARN] PackLoader:240 - Cannot read IP mode file for STMicroelectronics.X-CUBE-SAFEA1.1.2.2
2025-12-19 18:34:19,134 [WARN] PackLoader:240 - Cannot read IP mode file for STMicroelectronics.X-CUBE-NFC4.3.0.0
2025-12-19 18:34:19,140 [WARN] PackLoader:240 - Cannot read IP mode file for EmbeddedOffice.I-CUBE-FS-RTOS.1.0.1
2025-12-19 18:34:19,144 [WARN] PackLoader:240 - Cannot read IP mode file for STMicroelectronics.X-CUBE-WB05N.2.0.0
2025-12-19 18:34:19,164 [WARN] PackLoader:240 - Cannot read IP mode file for wolfSSL.I-CUBE-wolfTPM.3.8.0
2025-12-19 18:34:19,168 [WARN] PackLoader:240 - Cannot read IP mode file for STMicroelectronics.X-CUBE-TCPP.4.2.0
2025-12-19 18:34:19,172 [WARN] PackLoader:240 - Cannot read IP mode file for RealThread.X-CUBE-RT-Thread_Nano.4.1.1
2025-12-19 18:34:19,176 [WARN] PackLoader:240 - Cannot read IP mode file for STMicroelectronics.FP-ATR-SIGFOX1.3.2.0
2025-12-19 18:34:19,180 [WARN] PackLoader:240 - Cannot read IP mode file for ITTIA_DB.I-CUBE-ITTIADB.8.9.0
2025-12-19 18:34:19,185 [WARN] PackLoader:240 - Cannot read IP mode file for STMicroelectronics.X-CUBE-ST67W61.1.0.0
2025-12-19 18:34:19,190 [WARN] PackLoader:240 - Cannot read IP mode file for STMicroelectronics.X-CUBE-AI.10.2.0
2025-12-19 18:34:19,211 [WARN] PackLoader:240 - Cannot read IP mode file for SEGGER.I-CUBE-embOS.1.3.1
2025-12-19 18:34:19,258 [WARN] PackLoader:240 - Cannot read IP mode file for STMicroelectronics.X-CUBE-ALGOBUILD.1.4.0
2025-12-19 18:34:19,284 [WARN] PackLoader:240 - Cannot read IP mode file for STMicroelectronics.X-CUBE-MEMS1.11.3.0
2025-12-19 18:34:19,403 [WARN] PackLoader:240 - Cannot read IP mode file for STMicroelectronics.X-CUBE-PM33A1.1.0.0
2025-12-19 18:34:19,414 [WARN] PackLoader:240 - Cannot read IP mode file for STMicroelectronics.X-CUBE-AZRTOS-F4.1.1.0
2025-12-19 18:34:19,417 [INFO] WebApp:463 - Apply proxy settings
2025-12-19 18:34:19,417 [INFO] WebApp:548 - Chromium requires no authentication
2025-12-19 18:34:19,418 [WARN] PackLoader:240 - Cannot read IP mode file for Avnet-IotConnect.X-CUBE-IoTC-DA16k-PMOD.1.0.0
2025-12-19 18:34:19,422 [WARN] PackLoader:240 - Cannot read IP mode file for STMicroelectronics.X-CUBE-ISPU.2.1.0
2025-12-19 18:34:19,425 [INFO] WebApp:491 - Direct internet connection detected
2025-12-19 18:34:19,427 [WARN] PackLoader:240 - Cannot read IP mode file for STMicroelectronics.X-CUBE-IPS.3.2.0
2025-12-19 18:34:19,437 [INFO] WebApp:900 - Register for checkConnection events
2025-12-19 18:34:19,438 [INFO] WebApp:463 - Apply proxy settings
2025-12-19 18:34:19,438 [INFO] WebApp:548 - Chromium requires no authentication
2025-12-19 18:34:19,438 [INFO] WebApp:491 - Direct internet connection detected
2025-12-19 18:34:19,438 [WARN] PackLoader:240 - Cannot read IP mode file for STMicroelectronics.X-CUBE-NFC12.1.0.0
2025-12-19 18:34:19,446 [WARN] PackLoader:240 - Cannot read IP mode file for STMicroelectronics.X-CUBE-AZRTOS-L5.2.0.0
2025-12-19 18:34:19,451 [WARN] PackLoader:240 - Cannot read IP mode file for STMicroelectronics.X-CUBE-NFC6.3.1.0
2025-12-19 18:34:19,455 [WARN] PackLoader:240 - Cannot read IP mode file for STMicroelectronics.X-CUBE-FREERTOS.1.3.1
2025-12-19 18:34:19,458 [WARN] PackLoader:240 - Cannot read IP mode file for STMicroelectronics.X-CUBE-TOUCHGFX.4.26.0
2025-12-19 18:34:19,461 [WARN] PackLoader:240 - Cannot read IP mode file for STMicroelectronics.FP-SNS-STAIOTCFT.1.0.0
2025-12-19 18:34:19,465 [WARN] PackLoader:240 - Cannot read IP mode file for STMicroelectronics.X-CUBE-DPower.1.3.0
2025-12-19 18:34:19,474 [WARN] ConditionMgr:438 - getConditionDescription Invalid condition id : LAN8742 Phy interface Condition cause : null
2025-12-19 18:34:19,474 [WARN] PackLoader:240 - Cannot read IP mode file for STMicroelectronics.X-CUBE-AZRTOS-L4.2.0.0
2025-12-19 18:34:19,475 [WARN] ConditionMgr:1044 - genDependencies : Invalid condition id : LAN8742 Phy interface Condition cause : null
2025-12-19 18:34:19,475 [WARN] ConditionMgr:1044 - genDependencies : Invalid condition id : LAN8742 Phy interface Condition cause : null
2025-12-19 18:34:19,475 [WARN] ConditionMgr:1044 - genDependencies : Invalid condition id : LAN8742 Phy interface Condition cause : null
2025-12-19 18:34:19,478 [WARN] PackLoader:240 - Cannot read IP mode file for STMicroelectronics.X-CUBE-SFXS2LP1.4.0.0
2025-12-19 18:34:19,483 [WARN] PackLoader:240 - Cannot read IP mode file for STMicroelectronics.X-CUBE-BLEMGR.4.1.0
2025-12-19 18:34:19,490 [WARN] ConditionMgr:438 - getConditionDescription Invalid condition id : UX DEVICE CLASS RTOS Condition cause : null
2025-12-19 18:34:19,490 [WARN] ConditionMgr:438 - getConditionDescription Invalid condition id : UX DEVICE CLASS RTOS Condition cause : null
2025-12-19 18:34:19,491 [WARN] PackLoader:240 - Cannot read IP mode file for STMicroelectronics.X-CUBE-AZRTOS-WB.2.0.0
2025-12-19 18:34:19,492 [WARN] ConditionMgr:1044 - genDependencies : Invalid condition id : UX DEVICE CLASS RTOS Condition cause : null
2025-12-19 18:34:19,492 [WARN] ConditionMgr:1044 - genDependencies : Invalid condition id : UX DEVICE CLASS RTOS Condition cause : null
2025-12-19 18:34:19,492 [WARN] ConditionMgr:1044 - genDependencies : Invalid condition id : UX DEVICE CLASS RTOS Condition cause : null
2025-12-19 18:34:19,492 [WARN] ConditionMgr:1044 - genDependencies : Invalid condition id : UX DEVICE CLASS RTOS Condition cause : null
2025-12-19 18:34:19,492 [WARN] ConditionMgr:1044 - genDependencies : Invalid condition id : UX DEVICE CLASS RTOS Condition cause : null
2025-12-19 18:34:19,495 [WARN] PackLoader:240 - Cannot read IP mode file for STMicroelectronics.X-CUBE-GNSS1.7.0.1
2025-12-19 18:34:19,497 [WARN] PackLoader:240 - Cannot read IP mode file for STMicroelectronics.X-CUBE-TOUCHGFX.4.25.0
2025-12-19 18:34:19,499 [WARN] ConditionMgr:438 - getConditionDescription Invalid condition id : Cortex-A Device cause : null
2025-12-19 18:34:19,504 [WARN] ConditionMgr:1044 - genDependencies : Invalid condition id : Cortex-A Device cause : null
2025-12-19 18:34:19,504 [WARN] ConditionMgr:1044 - genDependencies : Invalid condition id : Cortex-A Device cause : null
2025-12-19 18:34:19,504 [WARN] ConditionMgr:1044 - genDependencies : Invalid condition id : Cortex-A Device cause : null
2025-12-19 18:34:19,508 [WARN] PackLoader:240 - Cannot read IP mode file for STMicroelectronics.X-CUBE-SUBG2.5.0.0
2025-12-19 18:34:19,520 [WARN] PackLoader:240 - Cannot read IP mode file for STMicroelectronics.X-CUBE-AZRTOS-H7RS.1.1.0
2025-12-19 18:34:19,523 [WARN] PackLoader:240 - Cannot read IP mode file for Cesanta.I-CUBE-Mongoose.7.13.0
2025-12-19 18:34:19,529 [WARN] PackLoader:240 - Cannot read IP mode file for STMicroelectronics.X-CUBE-AZRTOS-G4.2.0.0
2025-12-19 18:34:19,531 [WARN] PackLoader:240 - Cannot read IP mode file for wolfSSL.I-CUBE-wolfSSH.1.4.20
2025-12-19 18:34:19,534 [WARN] PackLoader:240 - Cannot read IP mode file for STMicroelectronics.X-CUBE-NFC7.2.0.0
2025-12-19 18:34:19,539 [WARN] PackLoader:240 - Cannot read IP mode file for STMicroelectronics.X-CUBE-IPS.3.1.0
2025-12-19 18:34:19,548 [WARN] PackLoader:240 - Cannot read IP mode file for STMicroelectronics.X-CUBE-ALS.1.0.2
2025-12-19 18:34:19,549 [INFO] WebApp:225 - Starting web application
2025-12-19 18:34:19,550 [INFO] WebApp:593 - Web application path used /opt/st/stm32cubeide_1.19.0/plugins/com.st.stm32cube.common.mx_6.15.0.202507011659/db/plugins/mcufinder/reactClient1/index.html
2025-12-19 18:34:19,551 [WARN] PackLoader:240 - Cannot read IP mode file for STMicroelectronics.X-CUBE-STSE01.1.0.0
2025-12-19 18:34:19,555 [WARN] PackLoader:240 - Cannot read IP mode file for portGmbH.I-Cube-SoM-uGOAL.1.1.0
2025-12-19 18:34:19,560 [WARN] PackLoader:240 - Cannot read IP mode file for STMicroelectronics.X-CUBE-TOF1.3.4.3
2025-12-19 18:34:19,572 [INFO] ThirdParty:978 - Integrity check success = true
2025-12-19 18:34:19,572 [INFO] IntegrityCheckThread:100 - exiting critical section [integrity check]
2025-12-19 18:34:19,572 [INFO] IntegrityCheckThread:103 - End integrity checks thread
2025-12-19 18:34:19,627 [INFO] UserAuth:487 - Internet connection configuration mode: 1
2025-12-19 18:34:20,682 [INFO] WebApp:191 - Connection restablished
2025-12-19 18:48:04,221 [INFO] WebApp:194 - Connection lost
2025-12-19 18:48:11,290 [INFO] WebApp:191 - Connection restablished
