2025-12-16 03:05:51,628 [ERROR] LogOutputStream:75 - [STDERR_REDIRECT] SWT SessionManagerDBus: Failed to UnregisterClient: GDBus.Error:org.freedesktop.DBus.Error.NoReply: Message recipient disconnected from message bus without replying
2025-12-16 19:53:48,565 [INFO] Activator:176 - 


2025-12-16 19:53:48,567 [INFO] Activator:177 - !SESSION log4j initialized
2025-12-16 19:53:53,817 [INFO] LogOutputStream:77 - [STDOUT_REDIRECT] 
2025-12-16 19:53:54,678 [INFO] ApplicationProperties:184 - Using Application install path: /opt/st/stm32cubeide_1.19.0/plugins/com.st.stm32cube.common.mx_6.15.0.202507011659
2025-12-16 19:53:54,691 [INFO] DbMcusXml:78 - Set database path to: /opt/st/stm32cubeide_1.19.0/plugins/com.st.stm32cube.common.mx_6.15.0.202507011659//db//mcu/
2025-12-16 19:53:54,691 [INFO] ApiDb:274 - Set plugin database path to: /opt/st/stm32cubeide_1.19.0/plugins/com.st.stm32cube.common.mx_6.15.0.202507011659//db//plugins/boardmanager/
2025-12-16 19:53:54,691 [WARN] ApiDb:259 - Overriding images path with different value:  => /opt/st/stm32cubeide_1.19.0/plugins/com.st.stm32cube.common.mx_6.15.0.202507011659//db//plugins/mcufinder/images/
2025-12-16 19:53:54,698 [INFO] ApiDb:250 - Set database path to: /home/h/.stmcufinder/plugins/mcufinder//mcu/
2025-12-16 19:53:54,699 [INFO] DbMcusAds:125 - Set database path to: /home/h/.stmcufinder/plugins/mcufinder//mcu/
2025-12-16 19:53:54,701 [INFO] CrossReferenceDbSqlite:203 - Set database path to: /home/h/.stmcufinder/plugins/mcufinder//mcu/cs/
2025-12-16 19:53:54,770 [INFO] RulesReader:64 - Compatibility file has been processed (317 Rules)
2025-12-16 19:53:54,826 [INFO] DbMcusXml:78 - Set database path to: /opt/st/stm32cubeide_1.19.0/plugins/com.st.stm32cube.common.mx_6.15.0.202507011659//db//mcu/
2025-12-16 19:53:54,826 [INFO] ApiDb:274 - Set plugin database path to: /opt/st/stm32cubeide_1.19.0/plugins/com.st.stm32cube.common.mx_6.15.0.202507011659//db//plugins/boardmanager/
2025-12-16 19:53:54,826 [INFO] ApiDb:261 - Set plugin images path to: /opt/st/stm32cubeide_1.19.0/plugins/com.st.stm32cube.common.mx_6.15.0.202507011659//db//plugins/mcufinder/images/
2025-12-16 19:53:54,826 [WARN] DbFile:41 - Overriding database path with different value: /home/h/.stmcufinder/plugins/mcufinder/ => /home/h/.stmcufinder/plugins/mcufinder
2025-12-16 19:53:54,826 [INFO] ApiDb:250 - Set database path to: /home/h/.stmcufinder/plugins/mcufinder//mcu/
2025-12-16 19:53:54,826 [WARN] DbFile:41 - Overriding database path with different value: /home/h/.stmcufinder/plugins/mcufinder/ => /home/h/.stmcufinder/plugins/mcufinder
2025-12-16 19:53:54,826 [INFO] DbMcusAds:125 - Set database path to: /home/h/.stmcufinder/plugins/mcufinder//mcu/
2025-12-16 19:53:54,826 [WARN] DbFile:41 - Overriding database path with different value: /home/h/.stmcufinder/plugins/mcufinder/ => /home/h/.stmcufinder/plugins/mcufinder
2025-12-16 19:53:54,827 [WARN] DbFile:41 - Overriding database path with different value: /home/h/.stmcufinder/plugins/mcufinder/ => /home/h/.stmcufinder/plugins/mcufinder
2025-12-16 19:53:54,827 [INFO] CrossReferenceDbSqlite:203 - Set database path to: /home/h/.stmcufinder/plugins/mcufinder//mcu/cs/
2025-12-16 19:53:54,873 [INFO] MainPanel:274 - HeapMemory: 268435456
2025-12-16 19:53:54,976 [INFO] DbMcusXml:78 - Set database path to: /opt/st/stm32cubeide_1.19.0/plugins/com.st.stm32cube.common.mx_6.15.0.202507011659//db//mcu/
2025-12-16 19:53:54,976 [INFO] ApiDb:274 - Set plugin database path to: /opt/st/stm32cubeide_1.19.0/plugins/com.st.stm32cube.common.mx_6.15.0.202507011659//db//plugins/boardmanager/
2025-12-16 19:53:54,976 [INFO] ApiDb:261 - Set plugin images path to: /opt/st/stm32cubeide_1.19.0/plugins/com.st.stm32cube.common.mx_6.15.0.202507011659//db//plugins/mcufinder/images/
2025-12-16 19:53:54,976 [WARN] DbFile:41 - Overriding database path with different value: /home/h/.stmcufinder/plugins/mcufinder/ => /home/h/.stmcufinder/plugins/mcufinder
2025-12-16 19:53:54,976 [INFO] ApiDb:250 - Set database path to: /home/h/.stmcufinder/plugins/mcufinder//mcu/
2025-12-16 19:53:54,976 [WARN] DbFile:41 - Overriding database path with different value: /home/h/.stmcufinder/plugins/mcufinder/ => /home/h/.stmcufinder/plugins/mcufinder
2025-12-16 19:53:54,976 [INFO] DbMcusAds:125 - Set database path to: /home/h/.stmcufinder/plugins/mcufinder//mcu/
2025-12-16 19:53:54,976 [WARN] DbFile:41 - Overriding database path with different value: /home/h/.stmcufinder/plugins/mcufinder/ => /home/h/.stmcufinder/plugins/mcufinder
2025-12-16 19:53:54,977 [WARN] DbFile:41 - Overriding database path with different value: /home/h/.stmcufinder/plugins/mcufinder/ => /home/h/.stmcufinder/plugins/mcufinder
2025-12-16 19:53:54,977 [INFO] CrossReferenceDbSqlite:203 - Set database path to: /home/h/.stmcufinder/plugins/mcufinder//mcu/cs/
2025-12-16 19:53:54,988 [INFO] ApplicationProperties:184 - Using Application install path: /opt/st/stm32cubeide_1.19.0/plugins/com.st.stm32cube.common.mx_6.15.0.202507011659
2025-12-16 19:53:54,989 [INFO] PluginManage:196 - Search for loadable plugins [exclusion list=, ]
2025-12-16 19:53:54,990 [INFO] PluginManage:310 - Check plugin analytics
2025-12-16 19:53:55,085 [INFO] AnalyticsPlugin:253 - Accepted Software Licenses: STM32CubeMX.6.15.0
2025-12-16 19:53:55,085 [INFO] AnalyticsPlugin:255 - Accepted CMSIS Pack Licenses: 
2025-12-16 19:53:55,085 [INFO] AnalyticsPlugin:257 - Accepted Firmware Licenses: FW.G4.1.6.0
2025-12-16 19:53:55,087 [INFO] PluginManage:359 - Loaded plugin analytics (category:tool,tabindex:-1)
2025-12-16 19:53:55,087 [INFO] PluginManage:310 - Check plugin cadmodel
2025-12-16 19:53:55,091 [INFO] CADModel:105 - Init CAD model plugin
2025-12-16 19:53:55,091 [INFO] PluginManage:359 - Loaded plugin cadmodel (category:power,tabindex:5)
2025-12-16 19:53:55,091 [INFO] PluginManage:310 - Check plugin clock
2025-12-16 19:53:55,098 [INFO] PluginManage:359 - Loaded plugin clock (category:base,tabindex:2)
2025-12-16 19:53:55,098 [INFO] PluginManage:310 - Check plugin ddr
2025-12-16 19:53:55,100 [INFO] PluginManage:359 - Loaded plugin ddr (category:tool,tabindex:6)
2025-12-16 19:53:55,100 [INFO] PluginManage:310 - Check plugin filemanager
2025-12-16 19:53:55,200 [INFO] PluginManage:359 - Loaded plugin filemanager (category:base,tabindex:10)
2025-12-16 19:53:55,200 [INFO] PluginManage:310 - Check plugin ipmanager
2025-12-16 19:53:55,203 [INFO] PluginManage:359 - Loaded plugin ipmanager (category:base,tabindex:5)
2025-12-16 19:53:55,203 [INFO] PluginManage:310 - Check plugin lpbam
2025-12-16 19:53:55,210 [INFO] PluginManage:359 - Loaded plugin lpbam (category:base,tabindex:0)
2025-12-16 19:53:55,211 [INFO] PluginManage:310 - Check plugin memorymap
2025-12-16 19:53:55,219 [INFO] PluginManage:359 - Loaded plugin memorymap (category:base,tabindex:4)
2025-12-16 19:53:55,219 [INFO] PluginManage:310 - Check plugin pinoutandconfiguration
2025-12-16 19:53:55,226 [INFO] PluginManage:359 - Loaded plugin pinoutandconfiguration (category:base,tabindex:1)
2025-12-16 19:53:55,226 [INFO] PluginManage:310 - Check plugin pinoutconfig
2025-12-16 19:53:55,289 [WARN] SupportedApi:132 - Cannot load RTOS API schema: s4s-elt-must-match.1: The content of 'definitions' must match (annotation?, (simpleType | complexType)?, (unique | key | keyref)*)). A problem was found starting at: attribute.
2025-12-16 19:53:55,387 [INFO] PluginManage:359 - Loaded plugin pinoutconfig (category:base,tabindex:0)
2025-12-16 19:53:55,387 [INFO] PluginManage:310 - Check plugin power
2025-12-16 19:53:55,393 [INFO] PluginManage:359 - Loaded plugin power (category:power,tabindex:4)
2025-12-16 19:53:55,393 [INFO] PluginManage:310 - Check plugin projectmanager
2025-12-16 19:53:55,402 [INFO] PluginManage:359 - Loaded plugin projectmanager (category:projectmanager,tabindex:4)
2025-12-16 19:53:55,402 [INFO] PluginManage:310 - Check plugin rif
2025-12-16 19:53:55,409 [INFO] PluginManage:359 - Loaded plugin rif (category:base,tabindex:3)
2025-12-16 19:53:55,409 [INFO] PluginManage:310 - Check plugin thirdparty
2025-12-16 19:53:55,485 [INFO] PluginManage:359 - Loaded plugin thirdparty (category:base,tabindex:-1)
2025-12-16 19:53:55,485 [WARN] IntegrityCheckThread:84 - waiting for thirdparty lock release [integrity check]
2025-12-16 19:53:55,485 [INFO] PluginManage:310 - Check plugin tools
2025-12-16 19:53:55,485 [INFO] IntegrityCheckThread:86 - entering critical section [integrity check]
2025-12-16 19:53:55,485 [INFO] ThirdPartyUpdaterWithRetryManager:70 - Updater plugin not ready yet. [1/15]
2025-12-16 19:53:55,487 [INFO] PluginManage:359 - Loaded plugin tools (category:base,tabindex:7)
2025-12-16 19:53:55,487 [INFO] PluginManage:310 - Check plugin tutovideos
2025-12-16 19:53:55,642 [INFO] PluginManage:359 - Loaded plugin tutovideos (category:base,tabindex:-1)
2025-12-16 19:53:55,642 [INFO] PluginManage:310 - Check plugin updater
2025-12-16 19:53:55,659 [INFO] PluginManage:359 - Loaded plugin updater (category:base,tabindex:12)
2025-12-16 19:53:55,660 [INFO] PluginManage:310 - Check plugin userauth
2025-12-16 19:53:55,663 [INFO] UserAuth:118 - Init User Auth plugin
2025-12-16 19:53:55,664 [INFO] PluginManage:359 - Loaded plugin userauth (category:base,tabindex:14)
2025-12-16 19:53:55,664 [INFO] PluginManage:283 - PluginManage : Loaded plugins [18]
2025-12-16 19:53:55,794 [INFO] PinOutPanel:1589 - setPackage(No Configuration,No Configuration)
2025-12-16 19:53:55,843 [INFO] CADModel:165 - CPN selected for project level
2025-12-16 19:53:55,843 [INFO] CADModel:114 - Register for checkConnection events
2025-12-16 19:53:55,854 [INFO] IPUIPlugin:80 - create IPUIPlugin
2025-12-16 19:53:55,854 [INFO] PluginManager:220 - loadIPPluginJar : add sai
2025-12-16 19:53:55,856 [INFO] IPUIPlugin:80 - create IPUIPlugin
2025-12-16 19:53:55,856 [INFO] PluginManager:220 - loadIPPluginJar : add spi
2025-12-16 19:53:55,862 [INFO] IPUIPlugin:80 - create IPUIPlugin
2025-12-16 19:53:55,862 [INFO] PluginManager:220 - loadIPPluginJar : add stm32_wpan
2025-12-16 19:53:55,863 [INFO] IPUIPlugin:80 - create IPUIPlugin
2025-12-16 19:53:55,863 [INFO] PluginManager:220 - loadIPPluginJar : add tim
2025-12-16 19:53:55,866 [INFO] IPUIPlugin:80 - create IPUIPlugin
2025-12-16 19:53:55,866 [INFO] PluginManager:220 - loadIPPluginJar : add touchsensing
2025-12-16 19:53:55,867 [INFO] IPUIPlugin:80 - create IPUIPlugin
2025-12-16 19:53:55,867 [INFO] PluginManager:220 - loadIPPluginJar : add tracer_emb
2025-12-16 19:53:55,868 [INFO] IPUIPlugin:80 - create IPUIPlugin
2025-12-16 19:53:55,868 [INFO] PluginManager:220 - loadIPPluginJar : add ts
2025-12-16 19:53:55,869 [INFO] IPUIPlugin:80 - create IPUIPlugin
2025-12-16 19:53:55,869 [INFO] PluginManager:220 - loadIPPluginJar : add tsc
2025-12-16 19:53:55,870 [INFO] IPUIPlugin:80 - create IPUIPlugin
2025-12-16 19:53:55,870 [INFO] PluginManager:220 - loadIPPluginJar : add ucpd
2025-12-16 19:53:55,872 [INFO] IPUIPlugin:80 - create IPUIPlugin
2025-12-16 19:53:55,872 [INFO] PluginManager:220 - loadIPPluginJar : add usart
2025-12-16 19:53:55,874 [INFO] IPUIPlugin:80 - create IPUIPlugin
2025-12-16 19:53:55,874 [INFO] PluginManager:220 - loadIPPluginJar : add usbx
2025-12-16 19:53:55,879 [INFO] IPUIPlugin:80 - create IPUIPlugin
2025-12-16 19:53:55,879 [INFO] PluginManager:220 - loadIPPluginJar : add adc
2025-12-16 19:53:55,881 [INFO] IPUIPlugin:80 - create IPUIPlugin
2025-12-16 19:53:55,881 [INFO] PluginManager:220 - loadIPPluginJar : add aes
2025-12-16 19:53:55,882 [INFO] IPUIPlugin:80 - create IPUIPlugin
2025-12-16 19:53:55,882 [INFO] PluginManager:220 - loadIPPluginJar : add can
2025-12-16 19:53:55,883 [INFO] IPUIPlugin:80 - create IPUIPlugin
2025-12-16 19:53:55,883 [INFO] PluginManager:220 - loadIPPluginJar : add comp
2025-12-16 19:53:55,885 [INFO] IPUIPlugin:80 - create IPUIPlugin
2025-12-16 19:53:55,885 [INFO] PluginManager:220 - loadIPPluginJar : add cryp
2025-12-16 19:53:55,887 [INFO] IPUIPlugin:80 - create IPUIPlugin
2025-12-16 19:53:55,888 [INFO] PluginManager:220 - loadIPPluginJar : add ddr_ctrl_phy
2025-12-16 19:53:55,889 [INFO] IPUIPlugin:80 - create IPUIPlugin
2025-12-16 19:53:55,889 [INFO] PluginManager:220 - loadIPPluginJar : add dfsdm
2025-12-16 19:53:55,894 [INFO] IPUIPlugin:80 - create IPUIPlugin
2025-12-16 19:53:55,894 [INFO] PluginManager:220 - loadIPPluginJar : add dma
2025-12-16 19:53:55,896 [INFO] IPUIPlugin:80 - create IPUIPlugin
2025-12-16 19:53:55,896 [INFO] PluginManager:220 - loadIPPluginJar : add dma3
2025-12-16 19:53:55,897 [INFO] IPUIPlugin:80 - create IPUIPlugin
2025-12-16 19:53:55,897 [INFO] PluginManager:220 - loadIPPluginJar : add extmemmanager
2025-12-16 19:53:55,898 [INFO] IPUIPlugin:80 - create IPUIPlugin
2025-12-16 19:53:55,898 [INFO] PluginManager:220 - loadIPPluginJar : add fatfs
2025-12-16 19:53:55,902 [INFO] IPUIPlugin:80 - create IPUIPlugin
2025-12-16 19:53:55,902 [INFO] PluginManager:220 - loadIPPluginJar : add fmc
2025-12-16 19:53:55,907 [INFO] IPUIPlugin:80 - create IPUIPlugin
2025-12-16 19:53:55,907 [INFO] PluginManager:220 - loadIPPluginJar : add freertos
2025-12-16 19:53:55,909 [INFO] IPUIPlugin:80 - create IPUIPlugin
2025-12-16 19:53:55,909 [INFO] PluginManager:220 - loadIPPluginJar : add genericplugin
2025-12-16 19:53:55,910 [INFO] IPUIPlugin:80 - create IPUIPlugin
2025-12-16 19:53:55,911 [INFO] PluginManager:220 - loadIPPluginJar : add gfxmmu
2025-12-16 19:53:55,915 [INFO] IPUIPlugin:80 - create IPUIPlugin
2025-12-16 19:53:55,915 [INFO] PluginManager:220 - loadIPPluginJar : add gic
2025-12-16 19:53:55,919 [INFO] IPUIPlugin:80 - create IPUIPlugin
2025-12-16 19:53:55,919 [INFO] PluginManager:220 - loadIPPluginJar : add gpio
2025-12-16 19:53:55,920 [INFO] IPUIPlugin:80 - create IPUIPlugin
2025-12-16 19:53:55,920 [INFO] PluginManager:220 - loadIPPluginJar : add gtzc
2025-12-16 19:53:55,921 [INFO] IPUIPlugin:80 - create IPUIPlugin
2025-12-16 19:53:55,921 [INFO] PluginManager:220 - loadIPPluginJar : add hash
2025-12-16 19:53:55,923 [INFO] IPUIPlugin:80 - create IPUIPlugin
2025-12-16 19:53:55,923 [INFO] PluginManager:220 - loadIPPluginJar : add i2c
2025-12-16 19:53:55,924 [INFO] IPUIPlugin:80 - create IPUIPlugin
2025-12-16 19:53:55,924 [INFO] PluginManager:220 - loadIPPluginJar : add i2s
2025-12-16 19:53:55,926 [INFO] IPUIPlugin:80 - create IPUIPlugin
2025-12-16 19:53:55,926 [INFO] PluginManager:220 - loadIPPluginJar : add i3c
2025-12-16 19:53:55,928 [INFO] IPUIPlugin:80 - create IPUIPlugin
2025-12-16 19:53:55,928 [INFO] PluginManager:220 - loadIPPluginJar : add ipddr
2025-12-16 19:53:55,933 [INFO] IPUIPlugin:80 - create IPUIPlugin
2025-12-16 19:53:55,933 [INFO] PluginManager:220 - loadIPPluginJar : add linkedlist
2025-12-16 19:53:55,934 [INFO] IPUIPlugin:80 - create IPUIPlugin
2025-12-16 19:53:55,934 [INFO] PluginManager:220 - loadIPPluginJar : add lorawan
2025-12-16 19:53:55,935 [INFO] IPUIPlugin:80 - create IPUIPlugin
2025-12-16 19:53:55,935 [INFO] PluginManager:220 - loadIPPluginJar : add ltdc
2025-12-16 19:53:55,939 [INFO] IPUIPlugin:80 - create IPUIPlugin
2025-12-16 19:53:55,939 [INFO] PluginManager:220 - loadIPPluginJar : add mdma
2025-12-16 19:53:55,942 [INFO] IPUIPlugin:80 - create IPUIPlugin
2025-12-16 19:53:55,942 [INFO] PluginManager:220 - loadIPPluginJar : add nvic
2025-12-16 19:53:55,943 [INFO] IPUIPlugin:80 - create IPUIPlugin
2025-12-16 19:53:55,943 [INFO] PluginManager:220 - loadIPPluginJar : add opamp
2025-12-16 19:53:55,945 [INFO] IPUIPlugin:80 - create IPUIPlugin
2025-12-16 19:53:55,945 [INFO] PluginManager:220 - loadIPPluginJar : add openamp
2025-12-16 19:53:55,946 [INFO] IPUIPlugin:80 - create IPUIPlugin
2025-12-16 19:53:55,946 [INFO] PluginManager:220 - loadIPPluginJar : add pdm2pcm
2025-12-16 19:53:55,951 [INFO] IPUIPlugin:80 - create IPUIPlugin
2025-12-16 19:53:55,953 [INFO] PluginManager:220 - loadIPPluginJar : add plateformsettings
2025-12-16 19:53:55,954 [INFO] IPUIPlugin:80 - create IPUIPlugin
2025-12-16 19:53:55,954 [INFO] PluginManager:220 - loadIPPluginJar : add quadspi
2025-12-16 19:53:55,955 [INFO] IPUIPlugin:80 - create IPUIPlugin
2025-12-16 19:53:55,955 [INFO] PluginManager:220 - loadIPPluginJar : add radio
2025-12-16 19:53:55,957 [INFO] IPUIPlugin:80 - create IPUIPlugin
2025-12-16 19:53:55,957 [INFO] PluginManager:220 - loadIPPluginJar : add resmgrutility
2025-12-16 19:53:56,047 [FATAL] Updater:351 - Updater called before beeing initialized
2025-12-16 19:53:56,067 [INFO] RulesReader:64 - Compatibility file has been processed (317 Rules)
2025-12-16 19:53:56,073 [INFO] RulesReader:64 - Compatibility file has been processed (317 Rules)
2025-12-16 19:53:56,077 [INFO] CADModel:165 - CPN selected for project level
2025-12-16 19:53:56,078 [INFO] CADModel:114 - Register for checkConnection events
2025-12-16 19:53:56,078 [FATAL] Updater:351 - Updater called before beeing initialized
2025-12-16 19:53:56,078 [ERROR] CADModel:125 - Updater not yet initialized, retry later 
2025-12-16 19:53:56,165 [FATAL] Updater:351 - Updater called before beeing initialized
2025-12-16 19:53:56,167 [INFO] CADModel:165 - CPN selected for project level
2025-12-16 19:53:56,167 [INFO] CADModel:114 - Register for checkConnection events
2025-12-16 19:53:56,167 [FATAL] Updater:351 - Updater called before beeing initialized
2025-12-16 19:53:56,167 [ERROR] CADModel:125 - Updater not yet initialized, retry later 
2025-12-16 19:53:56,170 [FATAL] Updater:351 - Updater called before beeing initialized
2025-12-16 19:53:56,230 [FATAL] Updater:351 - Updater called before beeing initialized
2025-12-16 19:53:56,233 [INFO] DbMcusAds:53 - JSON generation date=Mon Nov 10 18:43:01 CST 2025 (1762771381061)
2025-12-16 19:53:56,233 [FATAL] Updater:351 - Updater called before beeing initialized
2025-12-16 19:53:56,257 [WARN] DetailPanel:346 - Failed to get advertising image, set to default
2025-12-16 19:53:56,309 [FATAL] Updater:351 - Updater called before beeing initialized
2025-12-16 19:53:56,312 [FATAL] Updater:351 - Updater called before beeing initialized
2025-12-16 19:53:56,312 [FATAL] Updater:351 - Updater called before beeing initialized
2025-12-16 19:53:56,312 [WARN] DetailPanel:346 - Failed to get advertising image, set to default
2025-12-16 19:53:56,312 [FATAL] Updater:351 - Updater called before beeing initialized
2025-12-16 19:53:56,334 [ERROR] Updater:1198 - MainUpdater not yet initialized. External WinMGr cannot be set.
2025-12-16 19:53:56,336 [INFO] Updater:1134 - Updater Version found : 6.15.0
2025-12-16 19:53:56,351 [INFO] ApplicationProperties:184 - Using Application install path: /opt/st/stm32cubeide_1.19.0/plugins/com.st.stm32cube.common.mx_6.15.0.202507011659
2025-12-16 19:53:57,038 [INFO] MainUpdater:2872 - connection check result : 10
2025-12-16 19:53:57,039 [INFO] MainUpdater:289 - Updater Check For Update Now.
2025-12-16 19:53:57,039 [INFO] MicroXplorer:498 - Change Database Version : DB.6.0.150
2025-12-16 19:53:57,042 [INFO] McuFinderGlobals:63 - Set McuFinder mode to 2 (CubeIDE integrated)
2025-12-16 19:53:57,043 [INFO] UserAuth:487 - Internet connection configuration mode: 1
2025-12-16 19:53:57,067 [INFO] JxBrowserEngine:152 - Initiate JxBrowser Engine with user profile folder
2025-12-16 19:53:57,201 [INFO] CheckServerUpdateThread:120 - End of CheckServer Thread
2025-12-16 19:53:57,858 [INFO] WebApp:169 - Instantiating new browser for Auth
2025-12-16 19:53:58,436 [INFO] WebApp:463 - Apply proxy settings
2025-12-16 19:53:58,436 [INFO] WebApp:548 - Chromium requires no authentication
2025-12-16 19:53:58,442 [INFO] WebApp:491 - Direct internet connection detected
2025-12-16 19:53:58,455 [INFO] WebApp:900 - Register for checkConnection events
2025-12-16 19:53:58,455 [INFO] WebApp:463 - Apply proxy settings
2025-12-16 19:53:58,456 [INFO] WebApp:548 - Chromium requires no authentication
2025-12-16 19:53:58,456 [INFO] WebApp:491 - Direct internet connection detected
2025-12-16 19:53:58,578 [INFO] WebApp:225 - Starting web application
2025-12-16 19:53:58,578 [INFO] WebApp:593 - Web application path used /opt/st/stm32cubeide_1.19.0/plugins/com.st.stm32cube.common.mx_6.15.0.202507011659/db/plugins/mcufinder/reactClient1/index.html
2025-12-16 19:53:58,604 [WARN] PackLoader:240 - Cannot read IP mode file for STMicroelectronics.FP-SNS-MOTENVWB1.1.4.0
2025-12-16 19:53:58,611 [WARN] PackLoader:240 - Cannot read IP mode file for STMicroelectronics.FP-ATR-ASTRA1.2.0.2
2025-12-16 19:53:58,616 [WARN] PackLoader:240 - Cannot read IP mode file for STMicroelectronics.X-CUBE-SMBUS.2.1.0
2025-12-16 19:53:58,619 [WARN] PackLoader:240 - Cannot read IP mode file for STMicroelectronics.X-CUBE-ST60.1.0.0
2025-12-16 19:53:58,635 [WARN] PackLoader:240 - Cannot read IP mode file for STMicroelectronics.X-CUBE-AZRTOS-F7.1.1.0
2025-12-16 19:53:58,642 [WARN] PackLoader:240 - Cannot read IP mode file for STMicroelectronics.FP-SNS-MOTENV1.5.1.0
2025-12-16 19:53:58,648 [WARN] PackLoader:240 - Cannot read IP mode file for WES.I-CUBE-Cesium.1.4.0
2025-12-16 19:53:58,666 [INFO] UserAuth:487 - Internet connection configuration mode: 1
2025-12-16 19:53:58,667 [WARN] PackLoader:240 - Cannot read IP mode file for Infineon.AIROC-Wi-Fi-Bluetooth-STM32.1.7.1
2025-12-16 19:53:58,685 [WARN] PackLoader:240 - Cannot read IP mode file for STMicroelectronics.X-CUBE-AZRTOS-H7.3.4.0
2025-12-16 19:53:58,692 [WARN] PackLoader:240 - Cannot read IP mode file for STMicroelectronics.X-CUBE-DISPLAY.3.0.0
2025-12-16 19:53:58,700 [WARN] PackLoader:240 - Cannot read IP mode file for STMicroelectronics.X-CUBE-NFC10.1.0.0
2025-12-16 19:53:58,704 [WARN] PackLoader:240 - Cannot read IP mode file for STMicroelectronics.X-CUBE-ST60.1.1.0
2025-12-16 19:53:58,707 [WARN] PackLoader:240 - Cannot read IP mode file for emotas.I-CUBE-CANOPEN.1.3.0
2025-12-16 19:53:58,710 [WARN] PackLoader:240 - Cannot read IP mode file for STMicroelectronics.X-CUBE-GNSS1.7.1.0
2025-12-16 19:53:58,714 [WARN] PackLoader:240 - Cannot read IP mode file for STMicroelectronics.FP-SNS-STBOX1.2.1.0
2025-12-16 19:53:58,718 [WARN] PackLoader:240 - Cannot read IP mode file for STMicroelectronics.FP-SNS-SMARTAG2.1.2.0
2025-12-16 19:53:58,720 [WARN] PackLoader:240 - Cannot read IP mode file for STMicroelectronics.FP-SNS-FLIGHT1.5.1.0
2025-12-16 19:53:58,724 [INFO] LogOutputStream:77 - [STDOUT_REDIRECT] 1 : Invalid condition id : UX_CORESTACK_Condition cause : null
2025-12-16 19:53:58,725 [INFO] LogOutputStream:77 - [STDOUT_REDIRECT] 1 : Invalid condition id : UX_CORESTACK_Condition cause : null
2025-12-16 19:53:58,725 [INFO] LogOutputStream:77 - [STDOUT_REDIRECT] 1 : Invalid condition id : UX_CORESTACK_Condition cause : null
2025-12-16 19:53:58,725 [INFO] LogOutputStream:77 - [STDOUT_REDIRECT] 1 : Invalid condition id : UX_CORESTACK_Condition cause : null
2025-12-16 19:53:58,725 [INFO] LogOutputStream:77 - [STDOUT_REDIRECT] 1 : Invalid condition id : UX_CORESTACK_Condition cause : null
2025-12-16 19:53:58,727 [WARN] PackLoader:240 - Cannot read IP mode file for STMicroelectronics.X-CUBE-AZRTOS-WL.2.0.0
2025-12-16 19:53:58,730 [WARN] PackLoader:240 - Cannot read IP mode file for STMicroelectronics.FP-SNS-MOTENV1.5.0.0
2025-12-16 19:53:58,739 [WARN] PackLoader:240 - Cannot read IP mode file for STMicroelectronics.X-CUBE-AZRTOS-H7RS.1.2.0
2025-12-16 19:53:58,744 [WARN] PackLoader:240 - Cannot read IP mode file for WES.I-CUBE-Cesium.1.3.0
2025-12-16 19:53:58,746 [WARN] PackLoader:240 - Cannot read IP mode file for STMicroelectronics.X-CUBE-BLE2.3.3.0
2025-12-16 19:53:58,757 [WARN] PackLoader:240 - Cannot read IP mode file for STMicroelectronics.X-CUBE-NFC9.1.0.0
2025-12-16 19:53:58,761 [WARN] PackLoader:240 - Cannot read IP mode file for wolfSSL.I-CUBE-wolfSSL.5.8.2
2025-12-16 19:53:58,763 [WARN] PackLoader:240 - Cannot read IP mode file for STMicroelectronics.X-CUBE-BLE1.7.1.0
2025-12-16 19:53:58,765 [WARN] PackLoader:240 - Cannot read IP mode file for wolfSSL.I-CUBE-wolfMQTT.1.19.2
2025-12-16 19:53:58,767 [WARN] PackLoader:240 - Cannot read IP mode file for STMicroelectronics.X-CUBE-FREERTOS.1.4.0
2025-12-16 19:53:58,770 [WARN] PackLoader:240 - Cannot read IP mode file for STMicroelectronics.X-CUBE-EEPRMA1.5.2.0
2025-12-16 19:53:58,775 [WARN] PackLoader:240 - Cannot read IP mode file for STMicroelectronics.X-CUBE-ST67W61.1.1.0
2025-12-16 19:53:58,797 [WARN] PackLoader:240 - Cannot read IP mode file for STMicroelectronics.X-CUBE-MEMS1.12.0.0
2025-12-16 19:53:58,886 [WARN] PackLoader:240 - Cannot read IP mode file for STMicroelectronics.X-CUBE-AZRTOS-G0.1.1.0
2025-12-16 19:53:58,890 [WARN] PackLoader:240 - Cannot read IP mode file for STMicroelectronics.X-CUBE-SAFEA1.1.2.2
2025-12-16 19:53:58,894 [WARN] PackLoader:240 - Cannot read IP mode file for STMicroelectronics.X-CUBE-NFC4.3.0.0
2025-12-16 19:53:58,898 [WARN] PackLoader:240 - Cannot read IP mode file for EmbeddedOffice.I-CUBE-FS-RTOS.1.0.1
2025-12-16 19:53:58,901 [WARN] PackLoader:240 - Cannot read IP mode file for STMicroelectronics.X-CUBE-WB05N.2.0.0
2025-12-16 19:53:58,904 [WARN] PackLoader:240 - Cannot read IP mode file for wolfSSL.I-CUBE-wolfTPM.3.8.0
2025-12-16 19:53:58,911 [WARN] PackLoader:240 - Cannot read IP mode file for STMicroelectronics.X-CUBE-TCPP.4.2.0
2025-12-16 19:53:58,916 [WARN] PackLoader:240 - Cannot read IP mode file for RealThread.X-CUBE-RT-Thread_Nano.4.1.1
2025-12-16 19:53:58,918 [WARN] PackLoader:240 - Cannot read IP mode file for STMicroelectronics.FP-ATR-SIGFOX1.3.2.0
2025-12-16 19:53:58,922 [WARN] PackLoader:240 - Cannot read IP mode file for ITTIA_DB.I-CUBE-ITTIADB.8.9.0
2025-12-16 19:53:58,926 [WARN] PackLoader:240 - Cannot read IP mode file for STMicroelectronics.X-CUBE-ST67W61.1.0.0
2025-12-16 19:53:58,929 [WARN] PackLoader:240 - Cannot read IP mode file for STMicroelectronics.X-CUBE-AI.10.2.0
2025-12-16 19:53:58,959 [WARN] PackLoader:240 - Cannot read IP mode file for SEGGER.I-CUBE-embOS.1.3.1
2025-12-16 19:53:59,012 [WARN] PackLoader:240 - Cannot read IP mode file for STMicroelectronics.X-CUBE-ALGOBUILD.1.4.0
2025-12-16 19:53:59,037 [WARN] PackLoader:240 - Cannot read IP mode file for STMicroelectronics.X-CUBE-MEMS1.11.3.0
2025-12-16 19:53:59,155 [WARN] PackLoader:240 - Cannot read IP mode file for STMicroelectronics.X-CUBE-PM33A1.1.0.0
2025-12-16 19:53:59,162 [WARN] PackLoader:240 - Cannot read IP mode file for STMicroelectronics.X-CUBE-AZRTOS-F4.1.1.0
2025-12-16 19:53:59,166 [WARN] PackLoader:240 - Cannot read IP mode file for Avnet-IotConnect.X-CUBE-IoTC-DA16k-PMOD.1.0.0
2025-12-16 19:53:59,168 [WARN] PackLoader:240 - Cannot read IP mode file for STMicroelectronics.X-CUBE-ISPU.2.1.0
2025-12-16 19:53:59,174 [WARN] PackLoader:240 - Cannot read IP mode file for STMicroelectronics.X-CUBE-IPS.3.2.0
2025-12-16 19:53:59,185 [WARN] PackLoader:240 - Cannot read IP mode file for STMicroelectronics.X-CUBE-NFC12.1.0.0
2025-12-16 19:53:59,193 [WARN] PackLoader:240 - Cannot read IP mode file for STMicroelectronics.X-CUBE-AZRTOS-L5.2.0.0
2025-12-16 19:53:59,198 [WARN] PackLoader:240 - Cannot read IP mode file for STMicroelectronics.X-CUBE-NFC6.3.1.0
2025-12-16 19:53:59,202 [WARN] PackLoader:240 - Cannot read IP mode file for STMicroelectronics.X-CUBE-FREERTOS.1.3.1
2025-12-16 19:53:59,205 [WARN] PackLoader:240 - Cannot read IP mode file for STMicroelectronics.X-CUBE-TOUCHGFX.4.26.0
2025-12-16 19:53:59,208 [WARN] PackLoader:240 - Cannot read IP mode file for STMicroelectronics.FP-SNS-STAIOTCFT.1.0.0
2025-12-16 19:53:59,211 [WARN] PackLoader:240 - Cannot read IP mode file for STMicroelectronics.X-CUBE-DPower.1.3.0
2025-12-16 19:53:59,218 [WARN] ConditionMgr:438 - getConditionDescription Invalid condition id : LAN8742 Phy interface Condition cause : null
2025-12-16 19:53:59,219 [WARN] PackLoader:240 - Cannot read IP mode file for STMicroelectronics.X-CUBE-AZRTOS-L4.2.0.0
2025-12-16 19:53:59,220 [WARN] ConditionMgr:1044 - genDependencies : Invalid condition id : LAN8742 Phy interface Condition cause : null
2025-12-16 19:53:59,220 [WARN] ConditionMgr:1044 - genDependencies : Invalid condition id : LAN8742 Phy interface Condition cause : null
2025-12-16 19:53:59,220 [WARN] ConditionMgr:1044 - genDependencies : Invalid condition id : LAN8742 Phy interface Condition cause : null
2025-12-16 19:53:59,229 [WARN] PackLoader:240 - Cannot read IP mode file for STMicroelectronics.X-CUBE-SFXS2LP1.4.0.0
2025-12-16 19:53:59,235 [WARN] PackLoader:240 - Cannot read IP mode file for STMicroelectronics.X-CUBE-BLEMGR.4.1.0
2025-12-16 19:53:59,243 [WARN] ConditionMgr:438 - getConditionDescription Invalid condition id : UX DEVICE CLASS RTOS Condition cause : null
2025-12-16 19:53:59,243 [WARN] ConditionMgr:438 - getConditionDescription Invalid condition id : UX DEVICE CLASS RTOS Condition cause : null
2025-12-16 19:53:59,244 [WARN] PackLoader:240 - Cannot read IP mode file for STMicroelectronics.X-CUBE-AZRTOS-WB.2.0.0
2025-12-16 19:53:59,244 [WARN] ConditionMgr:1044 - genDependencies : Invalid condition id : UX DEVICE CLASS RTOS Condition cause : null
2025-12-16 19:53:59,244 [WARN] ConditionMgr:1044 - genDependencies : Invalid condition id : UX DEVICE CLASS RTOS Condition cause : null
2025-12-16 19:53:59,244 [WARN] ConditionMgr:1044 - genDependencies : Invalid condition id : UX DEVICE CLASS RTOS Condition cause : null
2025-12-16 19:53:59,245 [WARN] ConditionMgr:1044 - genDependencies : Invalid condition id : UX DEVICE CLASS RTOS Condition cause : null
2025-12-16 19:53:59,245 [WARN] ConditionMgr:1044 - genDependencies : Invalid condition id : UX DEVICE CLASS RTOS Condition cause : null
2025-12-16 19:53:59,249 [WARN] PackLoader:240 - Cannot read IP mode file for STMicroelectronics.X-CUBE-GNSS1.7.0.1
2025-12-16 19:53:59,251 [WARN] PackLoader:240 - Cannot read IP mode file for STMicroelectronics.X-CUBE-TOUCHGFX.4.25.0
2025-12-16 19:53:59,252 [WARN] ConditionMgr:438 - getConditionDescription Invalid condition id : Cortex-A Device cause : null
2025-12-16 19:53:59,256 [WARN] ConditionMgr:1044 - genDependencies : Invalid condition id : Cortex-A Device cause : null
2025-12-16 19:53:59,256 [WARN] ConditionMgr:1044 - genDependencies : Invalid condition id : Cortex-A Device cause : null
2025-12-16 19:53:59,256 [WARN] ConditionMgr:1044 - genDependencies : Invalid condition id : Cortex-A Device cause : null
2025-12-16 19:53:59,259 [WARN] PackLoader:240 - Cannot read IP mode file for STMicroelectronics.X-CUBE-SUBG2.5.0.0
2025-12-16 19:53:59,272 [WARN] PackLoader:240 - Cannot read IP mode file for STMicroelectronics.X-CUBE-AZRTOS-H7RS.1.1.0
2025-12-16 19:53:59,276 [WARN] PackLoader:240 - Cannot read IP mode file for Cesanta.I-CUBE-Mongoose.7.13.0
2025-12-16 19:53:59,282 [WARN] PackLoader:240 - Cannot read IP mode file for STMicroelectronics.X-CUBE-AZRTOS-G4.2.0.0
2025-12-16 19:53:59,285 [WARN] PackLoader:240 - Cannot read IP mode file for wolfSSL.I-CUBE-wolfSSH.1.4.20
2025-12-16 19:53:59,287 [WARN] PackLoader:240 - Cannot read IP mode file for STMicroelectronics.X-CUBE-NFC7.2.0.0
2025-12-16 19:53:59,293 [WARN] PackLoader:240 - Cannot read IP mode file for STMicroelectronics.X-CUBE-IPS.3.1.0
2025-12-16 19:53:59,301 [WARN] PackLoader:240 - Cannot read IP mode file for STMicroelectronics.X-CUBE-ALS.1.0.2
2025-12-16 19:53:59,305 [WARN] PackLoader:240 - Cannot read IP mode file for STMicroelectronics.X-CUBE-STSE01.1.0.0
2025-12-16 19:53:59,309 [WARN] PackLoader:240 - Cannot read IP mode file for portGmbH.I-Cube-SoM-uGOAL.1.1.0
2025-12-16 19:53:59,314 [WARN] PackLoader:240 - Cannot read IP mode file for STMicroelectronics.X-CUBE-TOF1.3.4.3
2025-12-16 19:53:59,325 [INFO] ThirdParty:978 - Integrity check success = true
2025-12-16 19:53:59,325 [INFO] IntegrityCheckThread:100 - exiting critical section [integrity check]
2025-12-16 19:53:59,326 [INFO] IntegrityCheckThread:103 - End integrity checks thread
2025-12-16 19:53:59,490 [INFO] WebApp:191 - Connection restablished
