2025-11-26 09:54:39,597 [INFO] Activator:176 - 


2025-11-26 09:54:39,599 [INFO] Activator:177 - !SESSION log4j initialized
2025-11-26 09:54:45,851 [INFO] LogOutputStream:77 - [STDOUT_REDIRECT] 
2025-11-26 09:54:46,488 [INFO] ApplicationProperties:184 - Using Application install path: /opt/st/stm32cubeide_1.19.0/plugins/com.st.stm32cube.common.mx_6.15.0.202507011659
2025-11-26 09:54:46,500 [INFO] DbMcusXml:78 - Set database path to: /opt/st/stm32cubeide_1.19.0/plugins/com.st.stm32cube.common.mx_6.15.0.202507011659//db//mcu/
2025-11-26 09:54:46,500 [INFO] ApiDb:274 - Set plugin database path to: /opt/st/stm32cubeide_1.19.0/plugins/com.st.stm32cube.common.mx_6.15.0.202507011659//db//plugins/boardmanager/
2025-11-26 09:54:46,501 [WARN] ApiDb:259 - Overriding images path with different value:  => /opt/st/stm32cubeide_1.19.0/plugins/com.st.stm32cube.common.mx_6.15.0.202507011659//db//plugins/mcufinder/images/
2025-11-26 09:54:46,504 [INFO] ApiDb:250 - Set database path to: /home/h/.stmcufinder/plugins/mcufinder//mcu/
2025-11-26 09:54:46,505 [INFO] DbMcusAds:125 - Set database path to: /home/h/.stmcufinder/plugins/mcufinder//mcu/
2025-11-26 09:54:46,507 [INFO] CrossReferenceDbSqlite:203 - Set database path to: /home/h/.stmcufinder/plugins/mcufinder//mcu/cs/
2025-11-26 09:54:46,573 [INFO] RulesReader:64 - Compatibility file has been processed (317 Rules)
2025-11-26 09:54:46,616 [INFO] DbMcusXml:78 - Set database path to: /opt/st/stm32cubeide_1.19.0/plugins/com.st.stm32cube.common.mx_6.15.0.202507011659//db//mcu/
2025-11-26 09:54:46,616 [INFO] ApiDb:274 - Set plugin database path to: /opt/st/stm32cubeide_1.19.0/plugins/com.st.stm32cube.common.mx_6.15.0.202507011659//db//plugins/boardmanager/
2025-11-26 09:54:46,616 [INFO] ApiDb:261 - Set plugin images path to: /opt/st/stm32cubeide_1.19.0/plugins/com.st.stm32cube.common.mx_6.15.0.202507011659//db//plugins/mcufinder/images/
2025-11-26 09:54:46,616 [WARN] DbFile:41 - Overriding database path with different value: /home/h/.stmcufinder/plugins/mcufinder/ => /home/h/.stmcufinder/plugins/mcufinder
2025-11-26 09:54:46,616 [INFO] ApiDb:250 - Set database path to: /home/h/.stmcufinder/plugins/mcufinder//mcu/
2025-11-26 09:54:46,616 [WARN] DbFile:41 - Overriding database path with different value: /home/h/.stmcufinder/plugins/mcufinder/ => /home/h/.stmcufinder/plugins/mcufinder
2025-11-26 09:54:46,616 [INFO] DbMcusAds:125 - Set database path to: /home/h/.stmcufinder/plugins/mcufinder//mcu/
2025-11-26 09:54:46,616 [WARN] DbFile:41 - Overriding database path with different value: /home/h/.stmcufinder/plugins/mcufinder/ => /home/h/.stmcufinder/plugins/mcufinder
2025-11-26 09:54:46,616 [WARN] DbFile:41 - Overriding database path with different value: /home/h/.stmcufinder/plugins/mcufinder/ => /home/h/.stmcufinder/plugins/mcufinder
2025-11-26 09:54:46,616 [INFO] CrossReferenceDbSqlite:203 - Set database path to: /home/h/.stmcufinder/plugins/mcufinder//mcu/cs/
2025-11-26 09:54:46,660 [INFO] MainPanel:274 - HeapMemory: 268435456
2025-11-26 09:54:46,739 [INFO] DbMcusXml:78 - Set database path to: /opt/st/stm32cubeide_1.19.0/plugins/com.st.stm32cube.common.mx_6.15.0.202507011659//db//mcu/
2025-11-26 09:54:46,740 [INFO] ApiDb:274 - Set plugin database path to: /opt/st/stm32cubeide_1.19.0/plugins/com.st.stm32cube.common.mx_6.15.0.202507011659//db//plugins/boardmanager/
2025-11-26 09:54:46,740 [INFO] ApiDb:261 - Set plugin images path to: /opt/st/stm32cubeide_1.19.0/plugins/com.st.stm32cube.common.mx_6.15.0.202507011659//db//plugins/mcufinder/images/
2025-11-26 09:54:46,740 [WARN] DbFile:41 - Overriding database path with different value: /home/h/.stmcufinder/plugins/mcufinder/ => /home/h/.stmcufinder/plugins/mcufinder
2025-11-26 09:54:46,740 [INFO] ApiDb:250 - Set database path to: /home/h/.stmcufinder/plugins/mcufinder//mcu/
2025-11-26 09:54:46,740 [WARN] DbFile:41 - Overriding database path with different value: /home/h/.stmcufinder/plugins/mcufinder/ => /home/h/.stmcufinder/plugins/mcufinder
2025-11-26 09:54:46,740 [INFO] DbMcusAds:125 - Set database path to: /home/h/.stmcufinder/plugins/mcufinder//mcu/
2025-11-26 09:54:46,740 [WARN] DbFile:41 - Overriding database path with different value: /home/h/.stmcufinder/plugins/mcufinder/ => /home/h/.stmcufinder/plugins/mcufinder
2025-11-26 09:54:46,740 [WARN] DbFile:41 - Overriding database path with different value: /home/h/.stmcufinder/plugins/mcufinder/ => /home/h/.stmcufinder/plugins/mcufinder
2025-11-26 09:54:46,740 [INFO] CrossReferenceDbSqlite:203 - Set database path to: /home/h/.stmcufinder/plugins/mcufinder//mcu/cs/
2025-11-26 09:54:46,750 [INFO] ApplicationProperties:184 - Using Application install path: /opt/st/stm32cubeide_1.19.0/plugins/com.st.stm32cube.common.mx_6.15.0.202507011659
2025-11-26 09:54:46,751 [INFO] PluginManage:196 - Search for loadable plugins [exclusion list=, ]
2025-11-26 09:54:46,752 [INFO] PluginManage:310 - Check plugin analytics
2025-11-26 09:54:46,841 [INFO] AnalyticsPlugin:253 - Accepted Software Licenses: STM32CubeMX.6.15.0
2025-11-26 09:54:46,841 [INFO] AnalyticsPlugin:255 - Accepted CMSIS Pack Licenses: 
2025-11-26 09:54:46,841 [INFO] AnalyticsPlugin:257 - Accepted Firmware Licenses: FW.G4.1.6.0
2025-11-26 09:54:46,843 [INFO] PluginManage:359 - Loaded plugin analytics (category:tool,tabindex:-1)
2025-11-26 09:54:46,843 [INFO] PluginManage:310 - Check plugin cadmodel
2025-11-26 09:54:46,845 [INFO] CADModel:105 - Init CAD model plugin
2025-11-26 09:54:46,846 [INFO] PluginManage:359 - Loaded plugin cadmodel (category:power,tabindex:5)
2025-11-26 09:54:46,846 [INFO] PluginManage:310 - Check plugin clock
2025-11-26 09:54:46,851 [INFO] PluginManage:359 - Loaded plugin clock (category:base,tabindex:2)
2025-11-26 09:54:46,851 [INFO] PluginManage:310 - Check plugin ddr
2025-11-26 09:54:46,853 [INFO] PluginManage:359 - Loaded plugin ddr (category:tool,tabindex:6)
2025-11-26 09:54:46,853 [INFO] PluginManage:310 - Check plugin filemanager
2025-11-26 09:54:46,941 [INFO] PluginManage:359 - Loaded plugin filemanager (category:base,tabindex:10)
2025-11-26 09:54:46,942 [INFO] PluginManage:310 - Check plugin ipmanager
2025-11-26 09:54:46,945 [INFO] PluginManage:359 - Loaded plugin ipmanager (category:base,tabindex:5)
2025-11-26 09:54:46,945 [INFO] PluginManage:310 - Check plugin lpbam
2025-11-26 09:54:46,951 [INFO] PluginManage:359 - Loaded plugin lpbam (category:base,tabindex:0)
2025-11-26 09:54:46,951 [INFO] PluginManage:310 - Check plugin memorymap
2025-11-26 09:54:46,958 [INFO] PluginManage:359 - Loaded plugin memorymap (category:base,tabindex:4)
2025-11-26 09:54:46,959 [INFO] PluginManage:310 - Check plugin pinoutandconfiguration
2025-11-26 09:54:46,964 [INFO] PluginManage:359 - Loaded plugin pinoutandconfiguration (category:base,tabindex:1)
2025-11-26 09:54:46,964 [INFO] PluginManage:310 - Check plugin pinoutconfig
2025-11-26 09:54:47,016 [WARN] SupportedApi:132 - Cannot load RTOS API schema: s4s-elt-must-match.1: The content of 'definitions' must match (annotation?, (simpleType | complexType)?, (unique | key | keyref)*)). A problem was found starting at: attribute.
2025-11-26 09:54:47,124 [INFO] PluginManage:359 - Loaded plugin pinoutconfig (category:base,tabindex:0)
2025-11-26 09:54:47,124 [INFO] PluginManage:310 - Check plugin power
2025-11-26 09:54:47,130 [INFO] PluginManage:359 - Loaded plugin power (category:power,tabindex:4)
2025-11-26 09:54:47,131 [INFO] PluginManage:310 - Check plugin projectmanager
2025-11-26 09:54:47,142 [INFO] PluginManage:359 - Loaded plugin projectmanager (category:projectmanager,tabindex:4)
2025-11-26 09:54:47,142 [INFO] PluginManage:310 - Check plugin rif
2025-11-26 09:54:47,147 [INFO] PluginManage:359 - Loaded plugin rif (category:base,tabindex:3)
2025-11-26 09:54:47,148 [INFO] PluginManage:310 - Check plugin thirdparty
2025-11-26 09:54:47,220 [INFO] PluginManage:359 - Loaded plugin thirdparty (category:base,tabindex:-1)
2025-11-26 09:54:47,220 [WARN] IntegrityCheckThread:84 - waiting for thirdparty lock release [integrity check]
2025-11-26 09:54:47,220 [INFO] PluginManage:310 - Check plugin tools
2025-11-26 09:54:47,220 [INFO] IntegrityCheckThread:86 - entering critical section [integrity check]
2025-11-26 09:54:47,220 [INFO] ThirdPartyUpdaterWithRetryManager:70 - Updater plugin not ready yet. [1/15]
2025-11-26 09:54:47,221 [INFO] PluginManage:359 - Loaded plugin tools (category:base,tabindex:7)
2025-11-26 09:54:47,221 [INFO] PluginManage:310 - Check plugin tutovideos
2025-11-26 09:54:47,351 [INFO] PluginManage:359 - Loaded plugin tutovideos (category:base,tabindex:-1)
2025-11-26 09:54:47,351 [INFO] PluginManage:310 - Check plugin updater
2025-11-26 09:54:47,366 [INFO] PluginManage:359 - Loaded plugin updater (category:base,tabindex:12)
2025-11-26 09:54:47,366 [INFO] PluginManage:310 - Check plugin userauth
2025-11-26 09:54:47,369 [INFO] UserAuth:118 - Init User Auth plugin
2025-11-26 09:54:47,369 [INFO] PluginManage:359 - Loaded plugin userauth (category:base,tabindex:14)
2025-11-26 09:54:47,369 [INFO] PluginManage:283 - PluginManage : Loaded plugins [18]
2025-11-26 09:54:47,474 [INFO] PinOutPanel:1589 - setPackage(No Configuration,No Configuration)
2025-11-26 09:54:47,516 [INFO] CADModel:165 - CPN selected for project level
2025-11-26 09:54:47,516 [INFO] CADModel:114 - Register for checkConnection events
2025-11-26 09:54:47,525 [INFO] IPUIPlugin:80 - create IPUIPlugin
2025-11-26 09:54:47,525 [INFO] PluginManager:220 - loadIPPluginJar : add sai
2025-11-26 09:54:47,527 [INFO] IPUIPlugin:80 - create IPUIPlugin
2025-11-26 09:54:47,527 [INFO] PluginManager:220 - loadIPPluginJar : add spi
2025-11-26 09:54:47,531 [INFO] IPUIPlugin:80 - create IPUIPlugin
2025-11-26 09:54:47,532 [INFO] PluginManager:220 - loadIPPluginJar : add stm32_wpan
2025-11-26 09:54:47,533 [INFO] IPUIPlugin:80 - create IPUIPlugin
2025-11-26 09:54:47,533 [INFO] PluginManager:220 - loadIPPluginJar : add tim
2025-11-26 09:54:47,535 [INFO] IPUIPlugin:80 - create IPUIPlugin
2025-11-26 09:54:47,535 [INFO] PluginManager:220 - loadIPPluginJar : add touchsensing
2025-11-26 09:54:47,536 [INFO] IPUIPlugin:80 - create IPUIPlugin
2025-11-26 09:54:47,536 [INFO] PluginManager:220 - loadIPPluginJar : add tracer_emb
2025-11-26 09:54:47,537 [INFO] IPUIPlugin:80 - create IPUIPlugin
2025-11-26 09:54:47,537 [INFO] PluginManager:220 - loadIPPluginJar : add ts
2025-11-26 09:54:47,538 [INFO] IPUIPlugin:80 - create IPUIPlugin
2025-11-26 09:54:47,538 [INFO] PluginManager:220 - loadIPPluginJar : add tsc
2025-11-26 09:54:47,538 [INFO] IPUIPlugin:80 - create IPUIPlugin
2025-11-26 09:54:47,539 [INFO] PluginManager:220 - loadIPPluginJar : add ucpd
2025-11-26 09:54:47,540 [INFO] IPUIPlugin:80 - create IPUIPlugin
2025-11-26 09:54:47,540 [INFO] PluginManager:220 - loadIPPluginJar : add usart
2025-11-26 09:54:47,542 [INFO] IPUIPlugin:80 - create IPUIPlugin
2025-11-26 09:54:47,542 [INFO] PluginManager:220 - loadIPPluginJar : add usbx
2025-11-26 09:54:47,546 [INFO] IPUIPlugin:80 - create IPUIPlugin
2025-11-26 09:54:47,546 [INFO] PluginManager:220 - loadIPPluginJar : add adc
2025-11-26 09:54:47,547 [INFO] IPUIPlugin:80 - create IPUIPlugin
2025-11-26 09:54:47,547 [INFO] PluginManager:220 - loadIPPluginJar : add aes
2025-11-26 09:54:47,548 [INFO] IPUIPlugin:80 - create IPUIPlugin
2025-11-26 09:54:47,548 [INFO] PluginManager:220 - loadIPPluginJar : add can
2025-11-26 09:54:47,549 [INFO] IPUIPlugin:80 - create IPUIPlugin
2025-11-26 09:54:47,549 [INFO] PluginManager:220 - loadIPPluginJar : add comp
2025-11-26 09:54:47,550 [INFO] IPUIPlugin:80 - create IPUIPlugin
2025-11-26 09:54:47,550 [INFO] PluginManager:220 - loadIPPluginJar : add cryp
2025-11-26 09:54:47,552 [INFO] IPUIPlugin:80 - create IPUIPlugin
2025-11-26 09:54:47,552 [INFO] PluginManager:220 - loadIPPluginJar : add ddr_ctrl_phy
2025-11-26 09:54:47,554 [INFO] IPUIPlugin:80 - create IPUIPlugin
2025-11-26 09:54:47,554 [INFO] PluginManager:220 - loadIPPluginJar : add dfsdm
2025-11-26 09:54:47,558 [INFO] IPUIPlugin:80 - create IPUIPlugin
2025-11-26 09:54:47,558 [INFO] PluginManager:220 - loadIPPluginJar : add dma
2025-11-26 09:54:47,560 [INFO] IPUIPlugin:80 - create IPUIPlugin
2025-11-26 09:54:47,560 [INFO] PluginManager:220 - loadIPPluginJar : add dma3
2025-11-26 09:54:47,561 [INFO] IPUIPlugin:80 - create IPUIPlugin
2025-11-26 09:54:47,561 [INFO] PluginManager:220 - loadIPPluginJar : add extmemmanager
2025-11-26 09:54:47,562 [INFO] IPUIPlugin:80 - create IPUIPlugin
2025-11-26 09:54:47,562 [INFO] PluginManager:220 - loadIPPluginJar : add fatfs
2025-11-26 09:54:47,565 [INFO] IPUIPlugin:80 - create IPUIPlugin
2025-11-26 09:54:47,565 [INFO] PluginManager:220 - loadIPPluginJar : add fmc
2025-11-26 09:54:47,569 [INFO] IPUIPlugin:80 - create IPUIPlugin
2025-11-26 09:54:47,569 [INFO] PluginManager:220 - loadIPPluginJar : add freertos
2025-11-26 09:54:47,571 [INFO] IPUIPlugin:80 - create IPUIPlugin
2025-11-26 09:54:47,571 [INFO] PluginManager:220 - loadIPPluginJar : add genericplugin
2025-11-26 09:54:47,572 [INFO] IPUIPlugin:80 - create IPUIPlugin
2025-11-26 09:54:47,572 [INFO] PluginManager:220 - loadIPPluginJar : add gfxmmu
2025-11-26 09:54:47,575 [INFO] IPUIPlugin:80 - create IPUIPlugin
2025-11-26 09:54:47,575 [INFO] PluginManager:220 - loadIPPluginJar : add gic
2025-11-26 09:54:47,577 [INFO] IPUIPlugin:80 - create IPUIPlugin
2025-11-26 09:54:47,577 [INFO] PluginManager:220 - loadIPPluginJar : add gpio
2025-11-26 09:54:47,578 [INFO] IPUIPlugin:80 - create IPUIPlugin
2025-11-26 09:54:47,579 [INFO] PluginManager:220 - loadIPPluginJar : add gtzc
2025-11-26 09:54:47,579 [INFO] IPUIPlugin:80 - create IPUIPlugin
2025-11-26 09:54:47,580 [INFO] PluginManager:220 - loadIPPluginJar : add hash
2025-11-26 09:54:47,581 [INFO] IPUIPlugin:80 - create IPUIPlugin
2025-11-26 09:54:47,581 [INFO] PluginManager:220 - loadIPPluginJar : add i2c
2025-11-26 09:54:47,582 [INFO] IPUIPlugin:80 - create IPUIPlugin
2025-11-26 09:54:47,582 [INFO] PluginManager:220 - loadIPPluginJar : add i2s
2025-11-26 09:54:47,583 [INFO] IPUIPlugin:80 - create IPUIPlugin
2025-11-26 09:54:47,583 [INFO] PluginManager:220 - loadIPPluginJar : add i3c
2025-11-26 09:54:47,585 [INFO] IPUIPlugin:80 - create IPUIPlugin
2025-11-26 09:54:47,585 [INFO] PluginManager:220 - loadIPPluginJar : add ipddr
2025-11-26 09:54:47,589 [INFO] IPUIPlugin:80 - create IPUIPlugin
2025-11-26 09:54:47,589 [INFO] PluginManager:220 - loadIPPluginJar : add linkedlist
2025-11-26 09:54:47,590 [INFO] IPUIPlugin:80 - create IPUIPlugin
2025-11-26 09:54:47,590 [INFO] PluginManager:220 - loadIPPluginJar : add lorawan
2025-11-26 09:54:47,591 [INFO] IPUIPlugin:80 - create IPUIPlugin
2025-11-26 09:54:47,591 [INFO] PluginManager:220 - loadIPPluginJar : add ltdc
2025-11-26 09:54:47,594 [INFO] IPUIPlugin:80 - create IPUIPlugin
2025-11-26 09:54:47,594 [INFO] PluginManager:220 - loadIPPluginJar : add mdma
2025-11-26 09:54:47,596 [INFO] IPUIPlugin:80 - create IPUIPlugin
2025-11-26 09:54:47,596 [INFO] PluginManager:220 - loadIPPluginJar : add nvic
2025-11-26 09:54:47,598 [INFO] IPUIPlugin:80 - create IPUIPlugin
2025-11-26 09:54:47,598 [INFO] PluginManager:220 - loadIPPluginJar : add opamp
2025-11-26 09:54:47,599 [INFO] IPUIPlugin:80 - create IPUIPlugin
2025-11-26 09:54:47,599 [INFO] PluginManager:220 - loadIPPluginJar : add openamp
2025-11-26 09:54:47,601 [INFO] IPUIPlugin:80 - create IPUIPlugin
2025-11-26 09:54:47,601 [INFO] PluginManager:220 - loadIPPluginJar : add pdm2pcm
2025-11-26 09:54:47,605 [INFO] IPUIPlugin:80 - create IPUIPlugin
2025-11-26 09:54:47,606 [INFO] PluginManager:220 - loadIPPluginJar : add plateformsettings
2025-11-26 09:54:47,607 [INFO] IPUIPlugin:80 - create IPUIPlugin
2025-11-26 09:54:47,607 [INFO] PluginManager:220 - loadIPPluginJar : add quadspi
2025-11-26 09:54:47,608 [INFO] IPUIPlugin:80 - create IPUIPlugin
2025-11-26 09:54:47,608 [INFO] PluginManager:220 - loadIPPluginJar : add radio
2025-11-26 09:54:47,610 [INFO] IPUIPlugin:80 - create IPUIPlugin
2025-11-26 09:54:47,610 [INFO] PluginManager:220 - loadIPPluginJar : add resmgrutility
2025-11-26 09:54:47,698 [FATAL] Updater:351 - Updater called before beeing initialized
2025-11-26 09:54:47,716 [INFO] RulesReader:64 - Compatibility file has been processed (317 Rules)
2025-11-26 09:54:47,722 [INFO] RulesReader:64 - Compatibility file has been processed (317 Rules)
2025-11-26 09:54:47,727 [INFO] CADModel:165 - CPN selected for project level
2025-11-26 09:54:47,727 [INFO] CADModel:114 - Register for checkConnection events
2025-11-26 09:54:47,727 [FATAL] Updater:351 - Updater called before beeing initialized
2025-11-26 09:54:47,727 [ERROR] CADModel:125 - Updater not yet initialized, retry later 
2025-11-26 09:54:47,807 [FATAL] Updater:351 - Updater called before beeing initialized
2025-11-26 09:54:47,808 [INFO] CADModel:165 - CPN selected for project level
2025-11-26 09:54:47,808 [INFO] CADModel:114 - Register for checkConnection events
2025-11-26 09:54:47,808 [FATAL] Updater:351 - Updater called before beeing initialized
2025-11-26 09:54:47,808 [ERROR] CADModel:125 - Updater not yet initialized, retry later 
2025-11-26 09:54:47,810 [FATAL] Updater:351 - Updater called before beeing initialized
2025-11-26 09:54:47,857 [FATAL] Updater:351 - Updater called before beeing initialized
2025-11-26 09:54:47,860 [INFO] DbMcusAds:53 - JSON generation date=Mon Nov 10 18:43:01 CST 2025 (1762771381061)
2025-11-26 09:54:47,860 [FATAL] Updater:351 - Updater called before beeing initialized
2025-11-26 09:54:47,880 [WARN] DetailPanel:346 - Failed to get advertising image, set to default
2025-11-26 09:54:47,930 [FATAL] Updater:351 - Updater called before beeing initialized
2025-11-26 09:54:47,932 [FATAL] Updater:351 - Updater called before beeing initialized
2025-11-26 09:54:47,932 [FATAL] Updater:351 - Updater called before beeing initialized
2025-11-26 09:54:47,932 [WARN] DetailPanel:346 - Failed to get advertising image, set to default
2025-11-26 09:54:47,932 [FATAL] Updater:351 - Updater called before beeing initialized
2025-11-26 09:54:47,950 [ERROR] Updater:1198 - MainUpdater not yet initialized. External WinMGr cannot be set.
2025-11-26 09:54:47,952 [INFO] Updater:1134 - Updater Version found : 6.15.0
2025-11-26 09:54:47,964 [INFO] ApplicationProperties:184 - Using Application install path: /opt/st/stm32cubeide_1.19.0/plugins/com.st.stm32cube.common.mx_6.15.0.202507011659
2025-11-26 09:54:48,352 [INFO] MainUpdater:2872 - connection check result : 10
2025-11-26 09:54:48,352 [INFO] MainUpdater:289 - Updater Check For Update Now.
2025-11-26 09:54:48,352 [INFO] MicroXplorer:498 - Change Database Version : DB.6.0.150
2025-11-26 09:54:48,355 [INFO] McuFinderGlobals:63 - Set McuFinder mode to 2 (CubeIDE integrated)
2025-11-26 09:54:48,356 [INFO] UserAuth:487 - Internet connection configuration mode: 1
2025-11-26 09:54:48,369 [INFO] JxBrowserEngine:152 - Initiate JxBrowser Engine with user profile folder
2025-11-26 09:54:48,497 [INFO] CheckServerUpdateThread:120 - End of CheckServer Thread
2025-11-26 09:54:48,935 [INFO] WebApp:169 - Instantiating new browser for Auth
2025-11-26 09:54:49,388 [INFO] WebApp:463 - Apply proxy settings
2025-11-26 09:54:49,388 [INFO] WebApp:548 - Chromium requires no authentication
2025-11-26 09:54:49,393 [INFO] WebApp:491 - Direct internet connection detected
2025-11-26 09:54:49,405 [INFO] WebApp:900 - Register for checkConnection events
2025-11-26 09:54:49,405 [INFO] WebApp:463 - Apply proxy settings
2025-11-26 09:54:49,405 [INFO] WebApp:548 - Chromium requires no authentication
2025-11-26 09:54:49,405 [INFO] WebApp:491 - Direct internet connection detected
2025-11-26 09:54:49,492 [INFO] WebApp:225 - Starting web application
2025-11-26 09:54:49,492 [INFO] WebApp:593 - Web application path used /opt/st/stm32cubeide_1.19.0/plugins/com.st.stm32cube.common.mx_6.15.0.202507011659/db/plugins/mcufinder/reactClient1/index.html
2025-11-26 09:54:49,561 [INFO] UserAuth:487 - Internet connection configuration mode: 1
2025-11-26 09:54:50,309 [WARN] PackLoader:240 - Cannot read IP mode file for STMicroelectronics.FP-SNS-MOTENVWB1.1.4.0
2025-11-26 09:54:50,314 [WARN] PackLoader:240 - Cannot read IP mode file for STMicroelectronics.FP-ATR-ASTRA1.2.0.2
2025-11-26 09:54:50,319 [WARN] PackLoader:240 - Cannot read IP mode file for STMicroelectronics.X-CUBE-SMBUS.2.1.0
2025-11-26 09:54:50,322 [WARN] PackLoader:240 - Cannot read IP mode file for STMicroelectronics.X-CUBE-ST60.1.0.0
2025-11-26 09:54:50,342 [WARN] PackLoader:240 - Cannot read IP mode file for STMicroelectronics.X-CUBE-AZRTOS-F7.1.1.0
2025-11-26 09:54:50,347 [WARN] PackLoader:240 - Cannot read IP mode file for STMicroelectronics.FP-SNS-MOTENV1.5.1.0
2025-11-26 09:54:50,354 [WARN] PackLoader:240 - Cannot read IP mode file for WES.I-CUBE-Cesium.1.4.0
2025-11-26 09:54:50,366 [WARN] PackLoader:240 - Cannot read IP mode file for Infineon.AIROC-Wi-Fi-Bluetooth-STM32.1.7.1
2025-11-26 09:54:50,390 [WARN] PackLoader:240 - Cannot read IP mode file for STMicroelectronics.X-CUBE-AZRTOS-H7.3.4.0
2025-11-26 09:54:50,397 [WARN] PackLoader:240 - Cannot read IP mode file for STMicroelectronics.X-CUBE-DISPLAY.3.0.0
2025-11-26 09:54:50,406 [WARN] PackLoader:240 - Cannot read IP mode file for STMicroelectronics.X-CUBE-NFC10.1.0.0
2025-11-26 09:54:50,410 [WARN] PackLoader:240 - Cannot read IP mode file for STMicroelectronics.X-CUBE-ST60.1.1.0
2025-11-26 09:54:50,414 [WARN] PackLoader:240 - Cannot read IP mode file for emotas.I-CUBE-CANOPEN.1.3.0
2025-11-26 09:54:50,418 [WARN] PackLoader:240 - Cannot read IP mode file for STMicroelectronics.X-CUBE-GNSS1.7.1.0
2025-11-26 09:54:50,422 [WARN] PackLoader:240 - Cannot read IP mode file for STMicroelectronics.FP-SNS-STBOX1.2.1.0
2025-11-26 09:54:50,427 [WARN] PackLoader:240 - Cannot read IP mode file for STMicroelectronics.FP-SNS-SMARTAG2.1.2.0
2025-11-26 09:54:50,429 [WARN] PackLoader:240 - Cannot read IP mode file for STMicroelectronics.FP-SNS-FLIGHT1.5.1.0
2025-11-26 09:54:50,434 [INFO] LogOutputStream:77 - [STDOUT_REDIRECT] 1 : Invalid condition id : UX_CORESTACK_Condition cause : null
2025-11-26 09:54:50,435 [INFO] LogOutputStream:77 - [STDOUT_REDIRECT] 1 : Invalid condition id : UX_CORESTACK_Condition cause : null
2025-11-26 09:54:50,435 [INFO] LogOutputStream:77 - [STDOUT_REDIRECT] 1 : Invalid condition id : UX_CORESTACK_Condition cause : null
2025-11-26 09:54:50,435 [INFO] LogOutputStream:77 - [STDOUT_REDIRECT] 1 : Invalid condition id : UX_CORESTACK_Condition cause : null
2025-11-26 09:54:50,435 [INFO] LogOutputStream:77 - [STDOUT_REDIRECT] 1 : Invalid condition id : UX_CORESTACK_Condition cause : null
2025-11-26 09:54:50,437 [WARN] PackLoader:240 - Cannot read IP mode file for STMicroelectronics.X-CUBE-AZRTOS-WL.2.0.0
2025-11-26 09:54:50,440 [WARN] PackLoader:240 - Cannot read IP mode file for STMicroelectronics.FP-SNS-MOTENV1.5.0.0
2025-11-26 09:54:50,449 [WARN] PackLoader:240 - Cannot read IP mode file for STMicroelectronics.X-CUBE-AZRTOS-H7RS.1.2.0
2025-11-26 09:54:50,455 [WARN] PackLoader:240 - Cannot read IP mode file for WES.I-CUBE-Cesium.1.3.0
2025-11-26 09:54:50,459 [WARN] PackLoader:240 - Cannot read IP mode file for STMicroelectronics.X-CUBE-BLE2.3.3.0
2025-11-26 09:54:50,472 [WARN] PackLoader:240 - Cannot read IP mode file for STMicroelectronics.X-CUBE-NFC9.1.0.0
2025-11-26 09:54:50,477 [WARN] PackLoader:240 - Cannot read IP mode file for wolfSSL.I-CUBE-wolfSSL.5.8.2
2025-11-26 09:54:50,480 [WARN] PackLoader:240 - Cannot read IP mode file for STMicroelectronics.X-CUBE-BLE1.7.1.0
2025-11-26 09:54:50,483 [WARN] PackLoader:240 - Cannot read IP mode file for wolfSSL.I-CUBE-wolfMQTT.1.19.2
2025-11-26 09:54:50,488 [WARN] PackLoader:240 - Cannot read IP mode file for STMicroelectronics.X-CUBE-FREERTOS.1.4.0
2025-11-26 09:54:50,493 [WARN] PackLoader:240 - Cannot read IP mode file for STMicroelectronics.X-CUBE-EEPRMA1.5.2.0
2025-11-26 09:54:50,499 [WARN] PackLoader:240 - Cannot read IP mode file for STMicroelectronics.X-CUBE-ST67W61.1.1.0
2025-11-26 09:54:50,533 [WARN] PackLoader:240 - Cannot read IP mode file for STMicroelectronics.X-CUBE-MEMS1.12.0.0
2025-11-26 09:54:50,632 [INFO] WebApp:191 - Connection restablished
2025-11-26 09:54:50,682 [WARN] PackLoader:240 - Cannot read IP mode file for STMicroelectronics.X-CUBE-AZRTOS-G0.1.1.0
2025-11-26 09:54:50,690 [WARN] PackLoader:240 - Cannot read IP mode file for STMicroelectronics.X-CUBE-SAFEA1.1.2.2
2025-11-26 09:54:50,695 [WARN] PackLoader:240 - Cannot read IP mode file for STMicroelectronics.X-CUBE-NFC4.3.0.0
2025-11-26 09:54:50,703 [WARN] PackLoader:240 - Cannot read IP mode file for EmbeddedOffice.I-CUBE-FS-RTOS.1.0.1
2025-11-26 09:54:50,710 [WARN] PackLoader:240 - Cannot read IP mode file for STMicroelectronics.X-CUBE-WB05N.2.0.0
2025-11-26 09:54:50,713 [WARN] PackLoader:240 - Cannot read IP mode file for wolfSSL.I-CUBE-wolfTPM.3.8.0
2025-11-26 09:54:50,717 [WARN] PackLoader:240 - Cannot read IP mode file for STMicroelectronics.X-CUBE-TCPP.4.2.0
2025-11-26 09:54:50,722 [WARN] PackLoader:240 - Cannot read IP mode file for RealThread.X-CUBE-RT-Thread_Nano.4.1.1
2025-11-26 09:54:50,726 [WARN] PackLoader:240 - Cannot read IP mode file for STMicroelectronics.FP-ATR-SIGFOX1.3.2.0
2025-11-26 09:54:50,730 [WARN] PackLoader:240 - Cannot read IP mode file for ITTIA_DB.I-CUBE-ITTIADB.8.9.0
2025-11-26 09:54:50,735 [WARN] PackLoader:240 - Cannot read IP mode file for STMicroelectronics.X-CUBE-ST67W61.1.0.0
2025-11-26 09:54:50,738 [WARN] PackLoader:240 - Cannot read IP mode file for STMicroelectronics.X-CUBE-AI.10.2.0
2025-11-26 09:54:50,750 [WARN] PackLoader:240 - Cannot read IP mode file for SEGGER.I-CUBE-embOS.1.3.1
2025-11-26 09:54:50,785 [WARN] PackLoader:240 - Cannot read IP mode file for STMicroelectronics.X-CUBE-ALGOBUILD.1.4.0
2025-11-26 09:54:50,804 [WARN] PackLoader:240 - Cannot read IP mode file for STMicroelectronics.X-CUBE-MEMS1.11.3.0
2025-11-26 09:54:50,922 [WARN] PackLoader:240 - Cannot read IP mode file for STMicroelectronics.X-CUBE-PM33A1.1.0.0
2025-11-26 09:54:50,930 [WARN] PackLoader:240 - Cannot read IP mode file for STMicroelectronics.X-CUBE-AZRTOS-F4.1.1.0
2025-11-26 09:54:50,934 [WARN] PackLoader:240 - Cannot read IP mode file for Avnet-IotConnect.X-CUBE-IoTC-DA16k-PMOD.1.0.0
2025-11-26 09:54:50,937 [WARN] PackLoader:240 - Cannot read IP mode file for STMicroelectronics.X-CUBE-ISPU.2.1.0
2025-11-26 09:54:50,942 [WARN] PackLoader:240 - Cannot read IP mode file for STMicroelectronics.X-CUBE-IPS.3.2.0
2025-11-26 09:54:50,952 [WARN] PackLoader:240 - Cannot read IP mode file for STMicroelectronics.X-CUBE-NFC12.1.0.0
2025-11-26 09:54:50,960 [WARN] PackLoader:240 - Cannot read IP mode file for STMicroelectronics.X-CUBE-AZRTOS-L5.2.0.0
2025-11-26 09:54:50,964 [WARN] PackLoader:240 - Cannot read IP mode file for STMicroelectronics.X-CUBE-NFC6.3.1.0
2025-11-26 09:54:50,969 [WARN] PackLoader:240 - Cannot read IP mode file for STMicroelectronics.X-CUBE-FREERTOS.1.3.1
2025-11-26 09:54:50,972 [WARN] PackLoader:240 - Cannot read IP mode file for STMicroelectronics.X-CUBE-TOUCHGFX.4.26.0
2025-11-26 09:54:50,974 [WARN] PackLoader:240 - Cannot read IP mode file for STMicroelectronics.FP-SNS-STAIOTCFT.1.0.0
2025-11-26 09:54:50,977 [WARN] PackLoader:240 - Cannot read IP mode file for STMicroelectronics.X-CUBE-DPower.1.3.0
2025-11-26 09:54:50,984 [WARN] ConditionMgr:438 - getConditionDescription Invalid condition id : LAN8742 Phy interface Condition cause : null
2025-11-26 09:54:50,985 [WARN] PackLoader:240 - Cannot read IP mode file for STMicroelectronics.X-CUBE-AZRTOS-L4.2.0.0
2025-11-26 09:54:50,986 [WARN] ConditionMgr:1044 - genDependencies : Invalid condition id : LAN8742 Phy interface Condition cause : null
2025-11-26 09:54:50,986 [WARN] ConditionMgr:1044 - genDependencies : Invalid condition id : LAN8742 Phy interface Condition cause : null
2025-11-26 09:54:50,986 [WARN] ConditionMgr:1044 - genDependencies : Invalid condition id : LAN8742 Phy interface Condition cause : null
2025-11-26 09:54:50,990 [WARN] PackLoader:240 - Cannot read IP mode file for STMicroelectronics.X-CUBE-SFXS2LP1.4.0.0
2025-11-26 09:54:50,995 [WARN] PackLoader:240 - Cannot read IP mode file for STMicroelectronics.X-CUBE-BLEMGR.4.1.0
2025-11-26 09:54:51,002 [WARN] ConditionMgr:438 - getConditionDescription Invalid condition id : UX DEVICE CLASS RTOS Condition cause : null
2025-11-26 09:54:51,002 [WARN] ConditionMgr:438 - getConditionDescription Invalid condition id : UX DEVICE CLASS RTOS Condition cause : null
2025-11-26 09:54:51,003 [WARN] PackLoader:240 - Cannot read IP mode file for STMicroelectronics.X-CUBE-AZRTOS-WB.2.0.0
2025-11-26 09:54:51,003 [WARN] ConditionMgr:1044 - genDependencies : Invalid condition id : UX DEVICE CLASS RTOS Condition cause : null
2025-11-26 09:54:51,003 [WARN] ConditionMgr:1044 - genDependencies : Invalid condition id : UX DEVICE CLASS RTOS Condition cause : null
2025-11-26 09:54:51,004 [WARN] ConditionMgr:1044 - genDependencies : Invalid condition id : UX DEVICE CLASS RTOS Condition cause : null
2025-11-26 09:54:51,004 [WARN] ConditionMgr:1044 - genDependencies : Invalid condition id : UX DEVICE CLASS RTOS Condition cause : null
2025-11-26 09:54:51,004 [WARN] ConditionMgr:1044 - genDependencies : Invalid condition id : UX DEVICE CLASS RTOS Condition cause : null
2025-11-26 09:54:51,006 [WARN] PackLoader:240 - Cannot read IP mode file for STMicroelectronics.X-CUBE-GNSS1.7.0.1
2025-11-26 09:54:51,009 [WARN] PackLoader:240 - Cannot read IP mode file for STMicroelectronics.X-CUBE-TOUCHGFX.4.25.0
2025-11-26 09:54:51,010 [WARN] ConditionMgr:438 - getConditionDescription Invalid condition id : Cortex-A Device cause : null
2025-11-26 09:54:51,014 [WARN] ConditionMgr:1044 - genDependencies : Invalid condition id : Cortex-A Device cause : null
2025-11-26 09:54:51,014 [WARN] ConditionMgr:1044 - genDependencies : Invalid condition id : Cortex-A Device cause : null
2025-11-26 09:54:51,014 [WARN] ConditionMgr:1044 - genDependencies : Invalid condition id : Cortex-A Device cause : null
2025-11-26 09:54:51,017 [WARN] PackLoader:240 - Cannot read IP mode file for STMicroelectronics.X-CUBE-SUBG2.5.0.0
2025-11-26 09:54:51,032 [WARN] PackLoader:240 - Cannot read IP mode file for STMicroelectronics.X-CUBE-AZRTOS-H7RS.1.1.0
2025-11-26 09:54:51,037 [WARN] PackLoader:240 - Cannot read IP mode file for Cesanta.I-CUBE-Mongoose.7.13.0
2025-11-26 09:54:51,043 [WARN] PackLoader:240 - Cannot read IP mode file for STMicroelectronics.X-CUBE-AZRTOS-G4.2.0.0
2025-11-26 09:54:51,046 [WARN] PackLoader:240 - Cannot read IP mode file for wolfSSL.I-CUBE-wolfSSH.1.4.20
2025-11-26 09:54:51,048 [WARN] PackLoader:240 - Cannot read IP mode file for STMicroelectronics.X-CUBE-NFC7.2.0.0
2025-11-26 09:54:51,053 [WARN] PackLoader:240 - Cannot read IP mode file for STMicroelectronics.X-CUBE-IPS.3.1.0
2025-11-26 09:54:51,063 [WARN] PackLoader:240 - Cannot read IP mode file for STMicroelectronics.X-CUBE-ALS.1.0.2
2025-11-26 09:54:51,076 [WARN] PackLoader:240 - Cannot read IP mode file for STMicroelectronics.X-CUBE-STSE01.1.0.0
2025-11-26 09:54:51,081 [WARN] PackLoader:240 - Cannot read IP mode file for portGmbH.I-Cube-SoM-uGOAL.1.1.0
2025-11-26 09:54:51,087 [WARN] PackLoader:240 - Cannot read IP mode file for STMicroelectronics.X-CUBE-TOF1.3.4.3
2025-11-26 09:54:51,100 [INFO] ThirdParty:978 - Integrity check success = true
2025-11-26 09:54:51,100 [INFO] IntegrityCheckThread:100 - exiting critical section [integrity check]
2025-11-26 09:54:51,100 [INFO] IntegrityCheckThread:103 - End integrity checks thread
2025-11-26 10:12:59,800 [INFO] WebApp:194 - Connection lost
2025-11-26 12:32:52,111 [INFO] WebApp:191 - Connection restablished
2025-11-26 12:32:52,141 [INFO] WebApp:194 - Connection lost
2025-11-26 12:32:52,771 [INFO] WebApp:191 - Connection restablished
2025-11-26 13:17:01,914 [INFO] WebApp:194 - Connection lost
2025-11-26 15:35:14,036 [INFO] WebApp:191 - Connection restablished
2025-11-26 16:26:05,099 [INFO] WebApp:194 - Connection lost
2025-11-26 16:40:54,121 [INFO] WebApp:191 - Connection restablished
2025-11-26 16:40:57,287 [INFO] WebApp:194 - Connection lost
2025-11-26 16:41:01,020 [INFO] WebApp:191 - Connection restablished
2025-11-26 16:41:21,096 [INFO] WebApp:194 - Connection lost
2025-11-26 16:41:26,827 [INFO] WebApp:191 - Connection restablished
2025-11-26 16:46:42,284 [INFO] WebApp:194 - Connection lost
2025-11-26 16:46:48,617 [INFO] WebApp:191 - Connection restablished
2025-11-26 16:52:27,252 [INFO] WebApp:194 - Connection lost
2025-11-26 16:52:34,656 [INFO] WebApp:191 - Connection restablished
2025-11-26 17:03:58,487 [INFO] WebApp:194 - Connection lost
2025-11-26 17:04:05,063 [INFO] WebApp:191 - Connection restablished
2025-11-26 17:31:33,298 [ERROR] LogOutputStream:75 - [STDERR_REDIRECT] 
