2025-11-28 15:35:57,292 [INFO] Activator:176 - 


2025-11-28 15:35:57,295 [INFO] Activator:177 - !SESSION log4j initialized
2025-11-28 15:36:01,331 [INFO] LogOutputStream:77 - [STDOUT_REDIRECT] 
2025-11-28 15:36:02,565 [INFO] ApplicationProperties:184 - Using Application install path: /opt/st/stm32cubeide_1.19.0/plugins/com.st.stm32cube.common.mx_6.15.0.202507011659
2025-11-28 15:36:02,593 [INFO] DbMcusXml:78 - Set database path to: /opt/st/stm32cubeide_1.19.0/plugins/com.st.stm32cube.common.mx_6.15.0.202507011659//db//mcu/
2025-11-28 15:36:02,594 [INFO] ApiDb:274 - Set plugin database path to: /opt/st/stm32cubeide_1.19.0/plugins/com.st.stm32cube.common.mx_6.15.0.202507011659//db//plugins/boardmanager/
2025-11-28 15:36:02,594 [WARN] ApiDb:259 - Overriding images path with different value:  => /opt/st/stm32cubeide_1.19.0/plugins/com.st.stm32cube.common.mx_6.15.0.202507011659//db//plugins/mcufinder/images/
2025-11-28 15:36:02,600 [INFO] ApiDb:250 - Set database path to: /home/h/.stmcufinder/plugins/mcufinder//mcu/
2025-11-28 15:36:02,602 [INFO] DbMcusAds:125 - Set database path to: /home/h/.stmcufinder/plugins/mcufinder//mcu/
2025-11-28 15:36:02,604 [INFO] CrossReferenceDbSqlite:203 - Set database path to: /home/h/.stmcufinder/plugins/mcufinder//mcu/cs/
2025-11-28 15:36:02,737 [INFO] RulesReader:64 - Compatibility file has been processed (317 Rules)
2025-11-28 15:36:02,793 [INFO] DbMcusXml:78 - Set database path to: /opt/st/stm32cubeide_1.19.0/plugins/com.st.stm32cube.common.mx_6.15.0.202507011659//db//mcu/
2025-11-28 15:36:02,793 [INFO] ApiDb:274 - Set plugin database path to: /opt/st/stm32cubeide_1.19.0/plugins/com.st.stm32cube.common.mx_6.15.0.202507011659//db//plugins/boardmanager/
2025-11-28 15:36:02,793 [INFO] ApiDb:261 - Set plugin images path to: /opt/st/stm32cubeide_1.19.0/plugins/com.st.stm32cube.common.mx_6.15.0.202507011659//db//plugins/mcufinder/images/
2025-11-28 15:36:02,793 [WARN] DbFile:41 - Overriding database path with different value: /home/h/.stmcufinder/plugins/mcufinder/ => /home/h/.stmcufinder/plugins/mcufinder
2025-11-28 15:36:02,793 [INFO] ApiDb:250 - Set database path to: /home/h/.stmcufinder/plugins/mcufinder//mcu/
2025-11-28 15:36:02,793 [WARN] DbFile:41 - Overriding database path with different value: /home/h/.stmcufinder/plugins/mcufinder/ => /home/h/.stmcufinder/plugins/mcufinder
2025-11-28 15:36:02,793 [INFO] DbMcusAds:125 - Set database path to: /home/h/.stmcufinder/plugins/mcufinder//mcu/
2025-11-28 15:36:02,793 [WARN] DbFile:41 - Overriding database path with different value: /home/h/.stmcufinder/plugins/mcufinder/ => /home/h/.stmcufinder/plugins/mcufinder
2025-11-28 15:36:02,793 [WARN] DbFile:41 - Overriding database path with different value: /home/h/.stmcufinder/plugins/mcufinder/ => /home/h/.stmcufinder/plugins/mcufinder
2025-11-28 15:36:02,793 [INFO] CrossReferenceDbSqlite:203 - Set database path to: /home/h/.stmcufinder/plugins/mcufinder//mcu/cs/
2025-11-28 15:36:02,848 [INFO] MainPanel:274 - HeapMemory: 268435456
2025-11-28 15:36:02,950 [INFO] DbMcusXml:78 - Set database path to: /opt/st/stm32cubeide_1.19.0/plugins/com.st.stm32cube.common.mx_6.15.0.202507011659//db//mcu/
2025-11-28 15:36:02,950 [INFO] ApiDb:274 - Set plugin database path to: /opt/st/stm32cubeide_1.19.0/plugins/com.st.stm32cube.common.mx_6.15.0.202507011659//db//plugins/boardmanager/
2025-11-28 15:36:02,950 [INFO] ApiDb:261 - Set plugin images path to: /opt/st/stm32cubeide_1.19.0/plugins/com.st.stm32cube.common.mx_6.15.0.202507011659//db//plugins/mcufinder/images/
2025-11-28 15:36:02,951 [WARN] DbFile:41 - Overriding database path with different value: /home/h/.stmcufinder/plugins/mcufinder/ => /home/h/.stmcufinder/plugins/mcufinder
2025-11-28 15:36:02,951 [INFO] ApiDb:250 - Set database path to: /home/h/.stmcufinder/plugins/mcufinder//mcu/
2025-11-28 15:36:02,951 [WARN] DbFile:41 - Overriding database path with different value: /home/h/.stmcufinder/plugins/mcufinder/ => /home/h/.stmcufinder/plugins/mcufinder
2025-11-28 15:36:02,951 [INFO] DbMcusAds:125 - Set database path to: /home/h/.stmcufinder/plugins/mcufinder//mcu/
2025-11-28 15:36:02,951 [WARN] DbFile:41 - Overriding database path with different value: /home/h/.stmcufinder/plugins/mcufinder/ => /home/h/.stmcufinder/plugins/mcufinder
2025-11-28 15:36:02,951 [WARN] DbFile:41 - Overriding database path with different value: /home/h/.stmcufinder/plugins/mcufinder/ => /home/h/.stmcufinder/plugins/mcufinder
2025-11-28 15:36:02,951 [INFO] CrossReferenceDbSqlite:203 - Set database path to: /home/h/.stmcufinder/plugins/mcufinder//mcu/cs/
2025-11-28 15:36:02,969 [INFO] ApplicationProperties:184 - Using Application install path: /opt/st/stm32cubeide_1.19.0/plugins/com.st.stm32cube.common.mx_6.15.0.202507011659
2025-11-28 15:36:02,971 [INFO] PluginManage:196 - Search for loadable plugins [exclusion list=, ]
2025-11-28 15:36:02,972 [INFO] PluginManage:310 - Check plugin analytics
2025-11-28 15:36:03,083 [INFO] AnalyticsPlugin:253 - Accepted Software Licenses: STM32CubeMX.6.15.0
2025-11-28 15:36:03,083 [INFO] AnalyticsPlugin:255 - Accepted CMSIS Pack Licenses: 
2025-11-28 15:36:03,083 [INFO] AnalyticsPlugin:257 - Accepted Firmware Licenses: FW.G4.1.6.0
2025-11-28 15:36:03,085 [INFO] PluginManage:359 - Loaded plugin analytics (category:tool,tabindex:-1)
2025-11-28 15:36:03,085 [INFO] PluginManage:310 - Check plugin cadmodel
2025-11-28 15:36:03,089 [INFO] CADModel:105 - Init CAD model plugin
2025-11-28 15:36:03,089 [INFO] PluginManage:359 - Loaded plugin cadmodel (category:power,tabindex:5)
2025-11-28 15:36:03,089 [INFO] PluginManage:310 - Check plugin clock
2025-11-28 15:36:03,097 [INFO] PluginManage:359 - Loaded plugin clock (category:base,tabindex:2)
2025-11-28 15:36:03,097 [INFO] PluginManage:310 - Check plugin ddr
2025-11-28 15:36:03,099 [INFO] PluginManage:359 - Loaded plugin ddr (category:tool,tabindex:6)
2025-11-28 15:36:03,099 [INFO] PluginManage:310 - Check plugin filemanager
2025-11-28 15:36:03,214 [INFO] PluginManage:359 - Loaded plugin filemanager (category:base,tabindex:10)
2025-11-28 15:36:03,214 [INFO] PluginManage:310 - Check plugin ipmanager
2025-11-28 15:36:03,218 [INFO] PluginManage:359 - Loaded plugin ipmanager (category:base,tabindex:5)
2025-11-28 15:36:03,218 [INFO] PluginManage:310 - Check plugin lpbam
2025-11-28 15:36:03,226 [INFO] PluginManage:359 - Loaded plugin lpbam (category:base,tabindex:0)
2025-11-28 15:36:03,226 [INFO] PluginManage:310 - Check plugin memorymap
2025-11-28 15:36:03,235 [INFO] PluginManage:359 - Loaded plugin memorymap (category:base,tabindex:4)
2025-11-28 15:36:03,236 [INFO] PluginManage:310 - Check plugin pinoutandconfiguration
2025-11-28 15:36:03,242 [INFO] PluginManage:359 - Loaded plugin pinoutandconfiguration (category:base,tabindex:1)
2025-11-28 15:36:03,242 [INFO] PluginManage:310 - Check plugin pinoutconfig
2025-11-28 15:36:03,308 [WARN] SupportedApi:132 - Cannot load RTOS API schema: s4s-elt-must-match.1: The content of 'definitions' must match (annotation?, (simpleType | complexType)?, (unique | key | keyref)*)). A problem was found starting at: attribute.
2025-11-28 15:36:03,414 [INFO] PluginManage:359 - Loaded plugin pinoutconfig (category:base,tabindex:0)
2025-11-28 15:36:03,414 [INFO] PluginManage:310 - Check plugin power
2025-11-28 15:36:03,422 [INFO] PluginManage:359 - Loaded plugin power (category:power,tabindex:4)
2025-11-28 15:36:03,422 [INFO] PluginManage:310 - Check plugin projectmanager
2025-11-28 15:36:03,432 [INFO] PluginManage:359 - Loaded plugin projectmanager (category:projectmanager,tabindex:4)
2025-11-28 15:36:03,432 [INFO] PluginManage:310 - Check plugin rif
2025-11-28 15:36:03,439 [INFO] PluginManage:359 - Loaded plugin rif (category:base,tabindex:3)
2025-11-28 15:36:03,439 [INFO] PluginManage:310 - Check plugin thirdparty
2025-11-28 15:36:03,526 [INFO] PluginManage:359 - Loaded plugin thirdparty (category:base,tabindex:-1)
2025-11-28 15:36:03,526 [WARN] IntegrityCheckThread:84 - waiting for thirdparty lock release [integrity check]
2025-11-28 15:36:03,527 [INFO] PluginManage:310 - Check plugin tools
2025-11-28 15:36:03,527 [INFO] IntegrityCheckThread:86 - entering critical section [integrity check]
2025-11-28 15:36:03,527 [INFO] ThirdPartyUpdaterWithRetryManager:70 - Updater plugin not ready yet. [1/15]
2025-11-28 15:36:03,528 [INFO] PluginManage:359 - Loaded plugin tools (category:base,tabindex:7)
2025-11-28 15:36:03,528 [INFO] PluginManage:310 - Check plugin tutovideos
2025-11-28 15:36:03,701 [INFO] PluginManage:359 - Loaded plugin tutovideos (category:base,tabindex:-1)
2025-11-28 15:36:03,701 [INFO] PluginManage:310 - Check plugin updater
2025-11-28 15:36:03,715 [INFO] PluginManage:359 - Loaded plugin updater (category:base,tabindex:12)
2025-11-28 15:36:03,715 [INFO] PluginManage:310 - Check plugin userauth
2025-11-28 15:36:03,718 [INFO] UserAuth:118 - Init User Auth plugin
2025-11-28 15:36:03,718 [INFO] PluginManage:359 - Loaded plugin userauth (category:base,tabindex:14)
2025-11-28 15:36:03,719 [INFO] PluginManage:283 - PluginManage : Loaded plugins [18]
2025-11-28 15:36:03,846 [INFO] PinOutPanel:1589 - setPackage(No Configuration,No Configuration)
2025-11-28 15:36:03,899 [INFO] CADModel:165 - CPN selected for project level
2025-11-28 15:36:03,900 [INFO] CADModel:114 - Register for checkConnection events
2025-11-28 15:36:03,910 [INFO] IPUIPlugin:80 - create IPUIPlugin
2025-11-28 15:36:03,910 [INFO] PluginManager:220 - loadIPPluginJar : add sai
2025-11-28 15:36:03,911 [INFO] IPUIPlugin:80 - create IPUIPlugin
2025-11-28 15:36:03,911 [INFO] PluginManager:220 - loadIPPluginJar : add spi
2025-11-28 15:36:03,916 [INFO] IPUIPlugin:80 - create IPUIPlugin
2025-11-28 15:36:03,916 [INFO] PluginManager:220 - loadIPPluginJar : add stm32_wpan
2025-11-28 15:36:03,917 [INFO] IPUIPlugin:80 - create IPUIPlugin
2025-11-28 15:36:03,917 [INFO] PluginManager:220 - loadIPPluginJar : add tim
2025-11-28 15:36:03,919 [INFO] IPUIPlugin:80 - create IPUIPlugin
2025-11-28 15:36:03,919 [INFO] PluginManager:220 - loadIPPluginJar : add touchsensing
2025-11-28 15:36:03,921 [INFO] IPUIPlugin:80 - create IPUIPlugin
2025-11-28 15:36:03,921 [INFO] PluginManager:220 - loadIPPluginJar : add tracer_emb
2025-11-28 15:36:03,922 [INFO] IPUIPlugin:80 - create IPUIPlugin
2025-11-28 15:36:03,922 [INFO] PluginManager:220 - loadIPPluginJar : add ts
2025-11-28 15:36:03,924 [INFO] IPUIPlugin:80 - create IPUIPlugin
2025-11-28 15:36:03,924 [INFO] PluginManager:220 - loadIPPluginJar : add tsc
2025-11-28 15:36:03,925 [INFO] IPUIPlugin:80 - create IPUIPlugin
2025-11-28 15:36:03,925 [INFO] PluginManager:220 - loadIPPluginJar : add ucpd
2025-11-28 15:36:03,927 [INFO] IPUIPlugin:80 - create IPUIPlugin
2025-11-28 15:36:03,927 [INFO] PluginManager:220 - loadIPPluginJar : add usart
2025-11-28 15:36:03,930 [INFO] IPUIPlugin:80 - create IPUIPlugin
2025-11-28 15:36:03,930 [INFO] PluginManager:220 - loadIPPluginJar : add usbx
2025-11-28 15:36:03,934 [INFO] IPUIPlugin:80 - create IPUIPlugin
2025-11-28 15:36:03,934 [INFO] PluginManager:220 - loadIPPluginJar : add adc
2025-11-28 15:36:03,936 [INFO] IPUIPlugin:80 - create IPUIPlugin
2025-11-28 15:36:03,936 [INFO] PluginManager:220 - loadIPPluginJar : add aes
2025-11-28 15:36:03,937 [INFO] IPUIPlugin:80 - create IPUIPlugin
2025-11-28 15:36:03,937 [INFO] PluginManager:220 - loadIPPluginJar : add can
2025-11-28 15:36:03,938 [INFO] IPUIPlugin:80 - create IPUIPlugin
2025-11-28 15:36:03,938 [INFO] PluginManager:220 - loadIPPluginJar : add comp
2025-11-28 15:36:03,940 [INFO] IPUIPlugin:80 - create IPUIPlugin
2025-11-28 15:36:03,940 [INFO] PluginManager:220 - loadIPPluginJar : add cryp
2025-11-28 15:36:03,943 [INFO] IPUIPlugin:80 - create IPUIPlugin
2025-11-28 15:36:03,943 [INFO] PluginManager:220 - loadIPPluginJar : add ddr_ctrl_phy
2025-11-28 15:36:03,945 [INFO] IPUIPlugin:80 - create IPUIPlugin
2025-11-28 15:36:03,945 [INFO] PluginManager:220 - loadIPPluginJar : add dfsdm
2025-11-28 15:36:03,949 [INFO] IPUIPlugin:80 - create IPUIPlugin
2025-11-28 15:36:03,950 [INFO] PluginManager:220 - loadIPPluginJar : add dma
2025-11-28 15:36:03,951 [INFO] IPUIPlugin:80 - create IPUIPlugin
2025-11-28 15:36:03,951 [INFO] PluginManager:220 - loadIPPluginJar : add dma3
2025-11-28 15:36:03,953 [INFO] IPUIPlugin:80 - create IPUIPlugin
2025-11-28 15:36:03,953 [INFO] PluginManager:220 - loadIPPluginJar : add extmemmanager
2025-11-28 15:36:03,954 [INFO] IPUIPlugin:80 - create IPUIPlugin
2025-11-28 15:36:03,954 [INFO] PluginManager:220 - loadIPPluginJar : add fatfs
2025-11-28 15:36:03,957 [INFO] IPUIPlugin:80 - create IPUIPlugin
2025-11-28 15:36:03,957 [INFO] PluginManager:220 - loadIPPluginJar : add fmc
2025-11-28 15:36:03,961 [INFO] IPUIPlugin:80 - create IPUIPlugin
2025-11-28 15:36:03,961 [INFO] PluginManager:220 - loadIPPluginJar : add freertos
2025-11-28 15:36:03,962 [INFO] IPUIPlugin:80 - create IPUIPlugin
2025-11-28 15:36:03,962 [INFO] PluginManager:220 - loadIPPluginJar : add genericplugin
2025-11-28 15:36:03,964 [INFO] IPUIPlugin:80 - create IPUIPlugin
2025-11-28 15:36:03,964 [INFO] PluginManager:220 - loadIPPluginJar : add gfxmmu
2025-11-28 15:36:03,967 [INFO] IPUIPlugin:80 - create IPUIPlugin
2025-11-28 15:36:03,967 [INFO] PluginManager:220 - loadIPPluginJar : add gic
2025-11-28 15:36:03,971 [INFO] IPUIPlugin:80 - create IPUIPlugin
2025-11-28 15:36:03,971 [INFO] PluginManager:220 - loadIPPluginJar : add gpio
2025-11-28 15:36:03,973 [INFO] IPUIPlugin:80 - create IPUIPlugin
2025-11-28 15:36:03,973 [INFO] PluginManager:220 - loadIPPluginJar : add gtzc
2025-11-28 15:36:03,975 [INFO] IPUIPlugin:80 - create IPUIPlugin
2025-11-28 15:36:03,975 [INFO] PluginManager:220 - loadIPPluginJar : add hash
2025-11-28 15:36:03,976 [INFO] IPUIPlugin:80 - create IPUIPlugin
2025-11-28 15:36:03,976 [INFO] PluginManager:220 - loadIPPluginJar : add i2c
2025-11-28 15:36:03,977 [INFO] IPUIPlugin:80 - create IPUIPlugin
2025-11-28 15:36:03,977 [INFO] PluginManager:220 - loadIPPluginJar : add i2s
2025-11-28 15:36:03,979 [INFO] IPUIPlugin:80 - create IPUIPlugin
2025-11-28 15:36:03,979 [INFO] PluginManager:220 - loadIPPluginJar : add i3c
2025-11-28 15:36:03,981 [INFO] IPUIPlugin:80 - create IPUIPlugin
2025-11-28 15:36:03,981 [INFO] PluginManager:220 - loadIPPluginJar : add ipddr
2025-11-28 15:36:03,985 [INFO] IPUIPlugin:80 - create IPUIPlugin
2025-11-28 15:36:03,986 [INFO] PluginManager:220 - loadIPPluginJar : add linkedlist
2025-11-28 15:36:03,988 [INFO] IPUIPlugin:80 - create IPUIPlugin
2025-11-28 15:36:03,988 [INFO] PluginManager:220 - loadIPPluginJar : add lorawan
2025-11-28 15:36:03,988 [INFO] IPUIPlugin:80 - create IPUIPlugin
2025-11-28 15:36:03,989 [INFO] PluginManager:220 - loadIPPluginJar : add ltdc
2025-11-28 15:36:03,992 [INFO] IPUIPlugin:80 - create IPUIPlugin
2025-11-28 15:36:03,993 [INFO] PluginManager:220 - loadIPPluginJar : add mdma
2025-11-28 15:36:03,995 [INFO] IPUIPlugin:80 - create IPUIPlugin
2025-11-28 15:36:03,995 [INFO] PluginManager:220 - loadIPPluginJar : add nvic
2025-11-28 15:36:03,997 [INFO] IPUIPlugin:80 - create IPUIPlugin
2025-11-28 15:36:03,997 [INFO] PluginManager:220 - loadIPPluginJar : add opamp
2025-11-28 15:36:03,999 [INFO] IPUIPlugin:80 - create IPUIPlugin
2025-11-28 15:36:03,999 [INFO] PluginManager:220 - loadIPPluginJar : add openamp
2025-11-28 15:36:04,001 [INFO] IPUIPlugin:80 - create IPUIPlugin
2025-11-28 15:36:04,001 [INFO] PluginManager:220 - loadIPPluginJar : add pdm2pcm
2025-11-28 15:36:04,005 [INFO] IPUIPlugin:80 - create IPUIPlugin
2025-11-28 15:36:04,008 [INFO] PluginManager:220 - loadIPPluginJar : add plateformsettings
2025-11-28 15:36:04,009 [INFO] IPUIPlugin:80 - create IPUIPlugin
2025-11-28 15:36:04,009 [INFO] PluginManager:220 - loadIPPluginJar : add quadspi
2025-11-28 15:36:04,010 [INFO] IPUIPlugin:80 - create IPUIPlugin
2025-11-28 15:36:04,010 [INFO] PluginManager:220 - loadIPPluginJar : add radio
2025-11-28 15:36:04,012 [INFO] IPUIPlugin:80 - create IPUIPlugin
2025-11-28 15:36:04,012 [INFO] PluginManager:220 - loadIPPluginJar : add resmgrutility
2025-11-28 15:36:04,102 [FATAL] Updater:351 - Updater called before beeing initialized
2025-11-28 15:36:04,137 [INFO] RulesReader:64 - Compatibility file has been processed (317 Rules)
2025-11-28 15:36:04,148 [INFO] RulesReader:64 - Compatibility file has been processed (317 Rules)
2025-11-28 15:36:04,153 [INFO] CADModel:165 - CPN selected for project level
2025-11-28 15:36:04,153 [INFO] CADModel:114 - Register for checkConnection events
2025-11-28 15:36:04,153 [FATAL] Updater:351 - Updater called before beeing initialized
2025-11-28 15:36:04,153 [ERROR] CADModel:125 - Updater not yet initialized, retry later 
2025-11-28 15:36:04,235 [FATAL] Updater:351 - Updater called before beeing initialized
2025-11-28 15:36:04,236 [INFO] CADModel:165 - CPN selected for project level
2025-11-28 15:36:04,236 [INFO] CADModel:114 - Register for checkConnection events
2025-11-28 15:36:04,236 [FATAL] Updater:351 - Updater called before beeing initialized
2025-11-28 15:36:04,236 [ERROR] CADModel:125 - Updater not yet initialized, retry later 
2025-11-28 15:36:04,238 [FATAL] Updater:351 - Updater called before beeing initialized
2025-11-28 15:36:04,282 [FATAL] Updater:351 - Updater called before beeing initialized
2025-11-28 15:36:04,285 [INFO] DbMcusAds:53 - JSON generation date=Mon Nov 10 18:43:01 CST 2025 (1762771381061)
2025-11-28 15:36:04,285 [FATAL] Updater:351 - Updater called before beeing initialized
2025-11-28 15:36:04,307 [WARN] DetailPanel:346 - Failed to get advertising image, set to default
2025-11-28 15:36:04,359 [FATAL] Updater:351 - Updater called before beeing initialized
2025-11-28 15:36:04,361 [FATAL] Updater:351 - Updater called before beeing initialized
2025-11-28 15:36:04,361 [FATAL] Updater:351 - Updater called before beeing initialized
2025-11-28 15:36:04,361 [WARN] DetailPanel:346 - Failed to get advertising image, set to default
2025-11-28 15:36:04,361 [FATAL] Updater:351 - Updater called before beeing initialized
2025-11-28 15:36:04,380 [ERROR] Updater:1198 - MainUpdater not yet initialized. External WinMGr cannot be set.
2025-11-28 15:36:04,382 [INFO] Updater:1134 - Updater Version found : 6.15.0
2025-11-28 15:36:04,394 [INFO] ApplicationProperties:184 - Using Application install path: /opt/st/stm32cubeide_1.19.0/plugins/com.st.stm32cube.common.mx_6.15.0.202507011659
2025-11-28 15:36:05,256 [INFO] MainUpdater:2872 - connection check result : 10
2025-11-28 15:36:05,256 [INFO] MainUpdater:289 - Updater Check For Update Now.
2025-11-28 15:36:05,257 [INFO] MicroXplorer:498 - Change Database Version : DB.6.0.150
2025-11-28 15:36:05,260 [INFO] McuFinderGlobals:63 - Set McuFinder mode to 2 (CubeIDE integrated)
2025-11-28 15:36:05,261 [INFO] UserAuth:487 - Internet connection configuration mode: 1
2025-11-28 15:36:05,275 [INFO] JxBrowserEngine:152 - Initiate JxBrowser Engine with user profile folder
2025-11-28 15:36:05,405 [INFO] CheckServerUpdateThread:120 - End of CheckServer Thread
2025-11-28 15:36:06,017 [INFO] WebApp:169 - Instantiating new browser for Auth
2025-11-28 15:36:06,656 [WARN] PackLoader:240 - Cannot read IP mode file for STMicroelectronics.FP-SNS-MOTENVWB1.1.4.0
2025-11-28 15:36:06,662 [WARN] PackLoader:240 - Cannot read IP mode file for STMicroelectronics.FP-ATR-ASTRA1.2.0.2
2025-11-28 15:36:06,669 [WARN] PackLoader:240 - Cannot read IP mode file for STMicroelectronics.X-CUBE-SMBUS.2.1.0
2025-11-28 15:36:06,673 [INFO] WebApp:463 - Apply proxy settings
2025-11-28 15:36:06,673 [INFO] WebApp:548 - Chromium requires no authentication
2025-11-28 15:36:06,673 [WARN] PackLoader:240 - Cannot read IP mode file for STMicroelectronics.X-CUBE-ST60.1.0.0
2025-11-28 15:36:06,682 [INFO] WebApp:491 - Direct internet connection detected
2025-11-28 15:36:06,698 [WARN] PackLoader:240 - Cannot read IP mode file for STMicroelectronics.X-CUBE-AZRTOS-F7.1.1.0
2025-11-28 15:36:06,707 [INFO] WebApp:900 - Register for checkConnection events
2025-11-28 15:36:06,708 [INFO] WebApp:463 - Apply proxy settings
2025-11-28 15:36:06,708 [INFO] WebApp:548 - Chromium requires no authentication
2025-11-28 15:36:06,709 [INFO] WebApp:491 - Direct internet connection detected
2025-11-28 15:36:06,715 [WARN] PackLoader:240 - Cannot read IP mode file for STMicroelectronics.FP-SNS-MOTENV1.5.1.0
2025-11-28 15:36:06,723 [WARN] PackLoader:240 - Cannot read IP mode file for WES.I-CUBE-Cesium.1.4.0
2025-11-28 15:36:06,743 [WARN] PackLoader:240 - Cannot read IP mode file for Infineon.AIROC-Wi-Fi-Bluetooth-STM32.1.7.1
2025-11-28 15:36:06,780 [WARN] PackLoader:240 - Cannot read IP mode file for STMicroelectronics.X-CUBE-AZRTOS-H7.3.4.0
2025-11-28 15:36:06,790 [WARN] PackLoader:240 - Cannot read IP mode file for STMicroelectronics.X-CUBE-DISPLAY.3.0.0
2025-11-28 15:36:06,803 [WARN] PackLoader:240 - Cannot read IP mode file for STMicroelectronics.X-CUBE-NFC10.1.0.0
2025-11-28 15:36:06,810 [WARN] PackLoader:240 - Cannot read IP mode file for STMicroelectronics.X-CUBE-ST60.1.1.0
2025-11-28 15:36:06,817 [WARN] PackLoader:240 - Cannot read IP mode file for emotas.I-CUBE-CANOPEN.1.3.0
2025-11-28 15:36:06,822 [WARN] PackLoader:240 - Cannot read IP mode file for STMicroelectronics.X-CUBE-GNSS1.7.1.0
2025-11-28 15:36:06,831 [WARN] PackLoader:240 - Cannot read IP mode file for STMicroelectronics.FP-SNS-STBOX1.2.1.0
2025-11-28 15:36:06,837 [WARN] PackLoader:240 - Cannot read IP mode file for STMicroelectronics.FP-SNS-SMARTAG2.1.2.0
2025-11-28 15:36:06,840 [WARN] PackLoader:240 - Cannot read IP mode file for STMicroelectronics.FP-SNS-FLIGHT1.5.1.0
2025-11-28 15:36:06,848 [INFO] LogOutputStream:77 - [STDOUT_REDIRECT] 1 : Invalid condition id : UX_CORESTACK_Condition cause : null
2025-11-28 15:36:06,848 [INFO] LogOutputStream:77 - [STDOUT_REDIRECT] 1 : Invalid condition id : UX_CORESTACK_Condition cause : null
2025-11-28 15:36:06,849 [INFO] LogOutputStream:77 - [STDOUT_REDIRECT] 1 : Invalid condition id : UX_CORESTACK_Condition cause : null
2025-11-28 15:36:06,849 [INFO] LogOutputStream:77 - [STDOUT_REDIRECT] 1 : Invalid condition id : UX_CORESTACK_Condition cause : null
2025-11-28 15:36:06,849 [INFO] LogOutputStream:77 - [STDOUT_REDIRECT] 1 : Invalid condition id : UX_CORESTACK_Condition cause : null
2025-11-28 15:36:06,852 [WARN] PackLoader:240 - Cannot read IP mode file for STMicroelectronics.X-CUBE-AZRTOS-WL.2.0.0
2025-11-28 15:36:06,856 [WARN] PackLoader:240 - Cannot read IP mode file for STMicroelectronics.FP-SNS-MOTENV1.5.0.0
2025-11-28 15:36:06,874 [WARN] PackLoader:240 - Cannot read IP mode file for STMicroelectronics.X-CUBE-AZRTOS-H7RS.1.2.0
2025-11-28 15:36:06,883 [WARN] PackLoader:240 - Cannot read IP mode file for WES.I-CUBE-Cesium.1.3.0
2025-11-28 15:36:06,889 [WARN] PackLoader:240 - Cannot read IP mode file for STMicroelectronics.X-CUBE-BLE2.3.3.0
2025-11-28 15:36:06,895 [INFO] WebApp:225 - Starting web application
2025-11-28 15:36:06,896 [INFO] WebApp:593 - Web application path used /opt/st/stm32cubeide_1.19.0/plugins/com.st.stm32cube.common.mx_6.15.0.202507011659/db/plugins/mcufinder/reactClient1/index.html
2025-11-28 15:36:06,910 [WARN] PackLoader:240 - Cannot read IP mode file for STMicroelectronics.X-CUBE-NFC9.1.0.0
2025-11-28 15:36:06,916 [WARN] PackLoader:240 - Cannot read IP mode file for wolfSSL.I-CUBE-wolfSSL.5.8.2
2025-11-28 15:36:06,920 [WARN] PackLoader:240 - Cannot read IP mode file for STMicroelectronics.X-CUBE-BLE1.7.1.0
2025-11-28 15:36:06,924 [WARN] PackLoader:240 - Cannot read IP mode file for wolfSSL.I-CUBE-wolfMQTT.1.19.2
2025-11-28 15:36:06,930 [WARN] PackLoader:240 - Cannot read IP mode file for STMicroelectronics.X-CUBE-FREERTOS.1.4.0
2025-11-28 15:36:06,940 [WARN] PackLoader:240 - Cannot read IP mode file for STMicroelectronics.X-CUBE-EEPRMA1.5.2.0
2025-11-28 15:36:06,948 [WARN] PackLoader:240 - Cannot read IP mode file for STMicroelectronics.X-CUBE-ST67W61.1.1.0
2025-11-28 15:36:07,017 [WARN] PackLoader:240 - Cannot read IP mode file for STMicroelectronics.X-CUBE-MEMS1.12.0.0
2025-11-28 15:36:07,082 [INFO] UserAuth:487 - Internet connection configuration mode: 1
2025-11-28 15:36:07,185 [WARN] PackLoader:240 - Cannot read IP mode file for STMicroelectronics.X-CUBE-AZRTOS-G0.1.1.0
2025-11-28 15:36:07,193 [WARN] PackLoader:240 - Cannot read IP mode file for STMicroelectronics.X-CUBE-SAFEA1.1.2.2
2025-11-28 15:36:07,201 [WARN] PackLoader:240 - Cannot read IP mode file for STMicroelectronics.X-CUBE-NFC4.3.0.0
2025-11-28 15:36:07,212 [WARN] PackLoader:240 - Cannot read IP mode file for EmbeddedOffice.I-CUBE-FS-RTOS.1.0.1
2025-11-28 15:36:07,219 [WARN] PackLoader:240 - Cannot read IP mode file for STMicroelectronics.X-CUBE-WB05N.2.0.0
2025-11-28 15:36:07,223 [WARN] PackLoader:240 - Cannot read IP mode file for wolfSSL.I-CUBE-wolfTPM.3.8.0
2025-11-28 15:36:07,228 [WARN] PackLoader:240 - Cannot read IP mode file for STMicroelectronics.X-CUBE-TCPP.4.2.0
2025-11-28 15:36:07,237 [WARN] PackLoader:240 - Cannot read IP mode file for RealThread.X-CUBE-RT-Thread_Nano.4.1.1
2025-11-28 15:36:07,242 [WARN] PackLoader:240 - Cannot read IP mode file for STMicroelectronics.FP-ATR-SIGFOX1.3.2.0
2025-11-28 15:36:07,248 [WARN] PackLoader:240 - Cannot read IP mode file for ITTIA_DB.I-CUBE-ITTIADB.8.9.0
2025-11-28 15:36:07,253 [WARN] PackLoader:240 - Cannot read IP mode file for STMicroelectronics.X-CUBE-ST67W61.1.0.0
2025-11-28 15:36:07,257 [WARN] PackLoader:240 - Cannot read IP mode file for STMicroelectronics.X-CUBE-AI.10.2.0
2025-11-28 15:36:07,282 [WARN] PackLoader:240 - Cannot read IP mode file for SEGGER.I-CUBE-embOS.1.3.1
2025-11-28 15:36:07,345 [WARN] PackLoader:240 - Cannot read IP mode file for STMicroelectronics.X-CUBE-ALGOBUILD.1.4.0
2025-11-28 15:36:07,387 [WARN] PackLoader:240 - Cannot read IP mode file for STMicroelectronics.X-CUBE-MEMS1.11.3.0
2025-11-28 15:36:07,535 [WARN] PackLoader:240 - Cannot read IP mode file for STMicroelectronics.X-CUBE-PM33A1.1.0.0
2025-11-28 15:36:07,545 [WARN] PackLoader:240 - Cannot read IP mode file for STMicroelectronics.X-CUBE-AZRTOS-F4.1.1.0
2025-11-28 15:36:07,552 [WARN] PackLoader:240 - Cannot read IP mode file for Avnet-IotConnect.X-CUBE-IoTC-DA16k-PMOD.1.0.0
2025-11-28 15:36:07,555 [WARN] PackLoader:240 - Cannot read IP mode file for STMicroelectronics.X-CUBE-ISPU.2.1.0
2025-11-28 15:36:07,564 [WARN] PackLoader:240 - Cannot read IP mode file for STMicroelectronics.X-CUBE-IPS.3.2.0
2025-11-28 15:36:07,579 [WARN] PackLoader:240 - Cannot read IP mode file for STMicroelectronics.X-CUBE-NFC12.1.0.0
2025-11-28 15:36:07,590 [WARN] PackLoader:240 - Cannot read IP mode file for STMicroelectronics.X-CUBE-AZRTOS-L5.2.0.0
2025-11-28 15:36:07,595 [WARN] PackLoader:240 - Cannot read IP mode file for STMicroelectronics.X-CUBE-NFC6.3.1.0
2025-11-28 15:36:07,602 [WARN] PackLoader:240 - Cannot read IP mode file for STMicroelectronics.X-CUBE-FREERTOS.1.3.1
2025-11-28 15:36:07,606 [WARN] PackLoader:240 - Cannot read IP mode file for STMicroelectronics.X-CUBE-TOUCHGFX.4.26.0
2025-11-28 15:36:07,610 [WARN] PackLoader:240 - Cannot read IP mode file for STMicroelectronics.FP-SNS-STAIOTCFT.1.0.0
2025-11-28 15:36:07,613 [WARN] PackLoader:240 - Cannot read IP mode file for STMicroelectronics.X-CUBE-DPower.1.3.0
2025-11-28 15:36:07,636 [WARN] ConditionMgr:438 - getConditionDescription Invalid condition id : LAN8742 Phy interface Condition cause : null
2025-11-28 15:36:07,637 [WARN] PackLoader:240 - Cannot read IP mode file for STMicroelectronics.X-CUBE-AZRTOS-L4.2.0.0
2025-11-28 15:36:07,639 [WARN] ConditionMgr:1044 - genDependencies : Invalid condition id : LAN8742 Phy interface Condition cause : null
2025-11-28 15:36:07,639 [WARN] ConditionMgr:1044 - genDependencies : Invalid condition id : LAN8742 Phy interface Condition cause : null
2025-11-28 15:36:07,640 [WARN] ConditionMgr:1044 - genDependencies : Invalid condition id : LAN8742 Phy interface Condition cause : null
2025-11-28 15:36:07,646 [WARN] PackLoader:240 - Cannot read IP mode file for STMicroelectronics.X-CUBE-SFXS2LP1.4.0.0
2025-11-28 15:36:07,653 [WARN] PackLoader:240 - Cannot read IP mode file for STMicroelectronics.X-CUBE-BLEMGR.4.1.0
2025-11-28 15:36:07,663 [WARN] ConditionMgr:438 - getConditionDescription Invalid condition id : UX DEVICE CLASS RTOS Condition cause : null
2025-11-28 15:36:07,664 [WARN] ConditionMgr:438 - getConditionDescription Invalid condition id : UX DEVICE CLASS RTOS Condition cause : null
2025-11-28 15:36:07,665 [WARN] PackLoader:240 - Cannot read IP mode file for STMicroelectronics.X-CUBE-AZRTOS-WB.2.0.0
2025-11-28 15:36:07,666 [WARN] ConditionMgr:1044 - genDependencies : Invalid condition id : UX DEVICE CLASS RTOS Condition cause : null
2025-11-28 15:36:07,666 [WARN] ConditionMgr:1044 - genDependencies : Invalid condition id : UX DEVICE CLASS RTOS Condition cause : null
2025-11-28 15:36:07,667 [WARN] ConditionMgr:1044 - genDependencies : Invalid condition id : UX DEVICE CLASS RTOS Condition cause : null
2025-11-28 15:36:07,667 [WARN] ConditionMgr:1044 - genDependencies : Invalid condition id : UX DEVICE CLASS RTOS Condition cause : null
2025-11-28 15:36:07,667 [WARN] ConditionMgr:1044 - genDependencies : Invalid condition id : UX DEVICE CLASS RTOS Condition cause : null
2025-11-28 15:36:07,687 [WARN] PackLoader:240 - Cannot read IP mode file for STMicroelectronics.X-CUBE-GNSS1.7.0.1
2025-11-28 15:36:07,691 [WARN] PackLoader:240 - Cannot read IP mode file for STMicroelectronics.X-CUBE-TOUCHGFX.4.25.0
2025-11-28 15:36:07,694 [WARN] ConditionMgr:438 - getConditionDescription Invalid condition id : Cortex-A Device cause : null
2025-11-28 15:36:07,703 [WARN] ConditionMgr:1044 - genDependencies : Invalid condition id : Cortex-A Device cause : null
2025-11-28 15:36:07,704 [WARN] ConditionMgr:1044 - genDependencies : Invalid condition id : Cortex-A Device cause : null
2025-11-28 15:36:07,704 [WARN] ConditionMgr:1044 - genDependencies : Invalid condition id : Cortex-A Device cause : null
2025-11-28 15:36:07,711 [WARN] PackLoader:240 - Cannot read IP mode file for STMicroelectronics.X-CUBE-SUBG2.5.0.0
2025-11-28 15:36:07,728 [WARN] PackLoader:240 - Cannot read IP mode file for STMicroelectronics.X-CUBE-AZRTOS-H7RS.1.1.0
2025-11-28 15:36:07,732 [WARN] PackLoader:240 - Cannot read IP mode file for Cesanta.I-CUBE-Mongoose.7.13.0
2025-11-28 15:36:07,742 [WARN] PackLoader:240 - Cannot read IP mode file for STMicroelectronics.X-CUBE-AZRTOS-G4.2.0.0
2025-11-28 15:36:07,745 [WARN] PackLoader:240 - Cannot read IP mode file for wolfSSL.I-CUBE-wolfSSH.1.4.20
2025-11-28 15:36:07,748 [WARN] PackLoader:240 - Cannot read IP mode file for STMicroelectronics.X-CUBE-NFC7.2.0.0
2025-11-28 15:36:07,757 [WARN] PackLoader:240 - Cannot read IP mode file for STMicroelectronics.X-CUBE-IPS.3.1.0
2025-11-28 15:36:07,767 [WARN] PackLoader:240 - Cannot read IP mode file for STMicroelectronics.X-CUBE-ALS.1.0.2
2025-11-28 15:36:07,771 [WARN] PackLoader:240 - Cannot read IP mode file for STMicroelectronics.X-CUBE-STSE01.1.0.0
2025-11-28 15:36:07,775 [WARN] PackLoader:240 - Cannot read IP mode file for portGmbH.I-Cube-SoM-uGOAL.1.1.0
2025-11-28 15:36:07,783 [WARN] PackLoader:240 - Cannot read IP mode file for STMicroelectronics.X-CUBE-TOF1.3.4.3
2025-11-28 15:36:07,788 [INFO] WebApp:191 - Connection restablished
2025-11-28 15:36:07,797 [INFO] ThirdParty:978 - Integrity check success = true
2025-11-28 15:36:07,797 [INFO] IntegrityCheckThread:100 - exiting critical section [integrity check]
2025-11-28 15:36:07,797 [INFO] IntegrityCheckThread:103 - End integrity checks thread
2025-11-28 16:35:51,440 [ERROR] LogOutputStream:75 - [STDERR_REDIRECT] 
