2025-12-15 11:45:35,836 [ERROR] ConfigurationRetriever:142 - IOException on connection: Read timed out
2025-12-15 11:45:37,324 [ERROR] ConfigurationRetriever:142 - IOException on connection: 没有到主机的路由
2025-12-15 13:25:32,557 [ERROR] LogOutputStream:75 - [STDERR_REDIRECT] 
2025-12-15 17:46:43,313 [INFO] Activator:176 - 


2025-12-15 17:46:43,315 [INFO] Activator:177 - !SESSION log4j initialized
2025-12-15 17:46:48,560 [INFO] LogOutputStream:77 - [STDOUT_REDIRECT] 
2025-12-15 17:46:49,834 [INFO] ApplicationProperties:184 - Using Application install path: /opt/st/stm32cubeide_1.19.0/plugins/com.st.stm32cube.common.mx_6.15.0.202507011659
2025-12-15 17:46:49,846 [INFO] DbMcusXml:78 - Set database path to: /opt/st/stm32cubeide_1.19.0/plugins/com.st.stm32cube.common.mx_6.15.0.202507011659//db//mcu/
2025-12-15 17:46:49,846 [INFO] ApiDb:274 - Set plugin database path to: /opt/st/stm32cubeide_1.19.0/plugins/com.st.stm32cube.common.mx_6.15.0.202507011659//db//plugins/boardmanager/
2025-12-15 17:46:49,846 [WARN] ApiDb:259 - Overriding images path with different value:  => /opt/st/stm32cubeide_1.19.0/plugins/com.st.stm32cube.common.mx_6.15.0.202507011659//db//plugins/mcufinder/images/
2025-12-15 17:46:49,854 [INFO] ApiDb:250 - Set database path to: /home/h/.stmcufinder/plugins/mcufinder//mcu/
2025-12-15 17:46:49,856 [INFO] DbMcusAds:125 - Set database path to: /home/h/.stmcufinder/plugins/mcufinder//mcu/
2025-12-15 17:46:49,858 [INFO] CrossReferenceDbSqlite:203 - Set database path to: /home/h/.stmcufinder/plugins/mcufinder//mcu/cs/
2025-12-15 17:46:49,929 [INFO] RulesReader:64 - Compatibility file has been processed (317 Rules)
2025-12-15 17:46:49,975 [INFO] DbMcusXml:78 - Set database path to: /opt/st/stm32cubeide_1.19.0/plugins/com.st.stm32cube.common.mx_6.15.0.202507011659//db//mcu/
2025-12-15 17:46:49,975 [INFO] ApiDb:274 - Set plugin database path to: /opt/st/stm32cubeide_1.19.0/plugins/com.st.stm32cube.common.mx_6.15.0.202507011659//db//plugins/boardmanager/
2025-12-15 17:46:49,975 [INFO] ApiDb:261 - Set plugin images path to: /opt/st/stm32cubeide_1.19.0/plugins/com.st.stm32cube.common.mx_6.15.0.202507011659//db//plugins/mcufinder/images/
2025-12-15 17:46:49,975 [WARN] DbFile:41 - Overriding database path with different value: /home/h/.stmcufinder/plugins/mcufinder/ => /home/h/.stmcufinder/plugins/mcufinder
2025-12-15 17:46:49,975 [INFO] ApiDb:250 - Set database path to: /home/h/.stmcufinder/plugins/mcufinder//mcu/
2025-12-15 17:46:49,975 [WARN] DbFile:41 - Overriding database path with different value: /home/h/.stmcufinder/plugins/mcufinder/ => /home/h/.stmcufinder/plugins/mcufinder
2025-12-15 17:46:49,975 [INFO] DbMcusAds:125 - Set database path to: /home/h/.stmcufinder/plugins/mcufinder//mcu/
2025-12-15 17:46:49,975 [WARN] DbFile:41 - Overriding database path with different value: /home/h/.stmcufinder/plugins/mcufinder/ => /home/h/.stmcufinder/plugins/mcufinder
2025-12-15 17:46:49,975 [WARN] DbFile:41 - Overriding database path with different value: /home/h/.stmcufinder/plugins/mcufinder/ => /home/h/.stmcufinder/plugins/mcufinder
2025-12-15 17:46:49,975 [INFO] CrossReferenceDbSqlite:203 - Set database path to: /home/h/.stmcufinder/plugins/mcufinder//mcu/cs/
2025-12-15 17:46:50,022 [INFO] MainPanel:274 - HeapMemory: 268435456
2025-12-15 17:46:50,116 [INFO] DbMcusXml:78 - Set database path to: /opt/st/stm32cubeide_1.19.0/plugins/com.st.stm32cube.common.mx_6.15.0.202507011659//db//mcu/
2025-12-15 17:46:50,116 [INFO] ApiDb:274 - Set plugin database path to: /opt/st/stm32cubeide_1.19.0/plugins/com.st.stm32cube.common.mx_6.15.0.202507011659//db//plugins/boardmanager/
2025-12-15 17:46:50,117 [INFO] ApiDb:261 - Set plugin images path to: /opt/st/stm32cubeide_1.19.0/plugins/com.st.stm32cube.common.mx_6.15.0.202507011659//db//plugins/mcufinder/images/
2025-12-15 17:46:50,117 [WARN] DbFile:41 - Overriding database path with different value: /home/h/.stmcufinder/plugins/mcufinder/ => /home/h/.stmcufinder/plugins/mcufinder
2025-12-15 17:46:50,117 [INFO] ApiDb:250 - Set database path to: /home/h/.stmcufinder/plugins/mcufinder//mcu/
2025-12-15 17:46:50,117 [WARN] DbFile:41 - Overriding database path with different value: /home/h/.stmcufinder/plugins/mcufinder/ => /home/h/.stmcufinder/plugins/mcufinder
2025-12-15 17:46:50,117 [INFO] DbMcusAds:125 - Set database path to: /home/h/.stmcufinder/plugins/mcufinder//mcu/
2025-12-15 17:46:50,117 [WARN] DbFile:41 - Overriding database path with different value: /home/h/.stmcufinder/plugins/mcufinder/ => /home/h/.stmcufinder/plugins/mcufinder
2025-12-15 17:46:50,117 [WARN] DbFile:41 - Overriding database path with different value: /home/h/.stmcufinder/plugins/mcufinder/ => /home/h/.stmcufinder/plugins/mcufinder
2025-12-15 17:46:50,117 [INFO] CrossReferenceDbSqlite:203 - Set database path to: /home/h/.stmcufinder/plugins/mcufinder//mcu/cs/
2025-12-15 17:46:50,128 [INFO] ApplicationProperties:184 - Using Application install path: /opt/st/stm32cubeide_1.19.0/plugins/com.st.stm32cube.common.mx_6.15.0.202507011659
2025-12-15 17:46:50,129 [INFO] PluginManage:196 - Search for loadable plugins [exclusion list=, ]
2025-12-15 17:46:50,130 [INFO] PluginManage:310 - Check plugin analytics
2025-12-15 17:46:50,221 [INFO] AnalyticsPlugin:253 - Accepted Software Licenses: STM32CubeMX.6.15.0
2025-12-15 17:46:50,221 [INFO] AnalyticsPlugin:255 - Accepted CMSIS Pack Licenses: 
2025-12-15 17:46:50,221 [INFO] AnalyticsPlugin:257 - Accepted Firmware Licenses: FW.G4.1.6.0
2025-12-15 17:46:50,223 [INFO] PluginManage:359 - Loaded plugin analytics (category:tool,tabindex:-1)
2025-12-15 17:46:50,223 [INFO] PluginManage:310 - Check plugin cadmodel
2025-12-15 17:46:50,226 [INFO] CADModel:105 - Init CAD model plugin
2025-12-15 17:46:50,226 [INFO] PluginManage:359 - Loaded plugin cadmodel (category:power,tabindex:5)
2025-12-15 17:46:50,226 [INFO] PluginManage:310 - Check plugin clock
2025-12-15 17:46:50,233 [INFO] PluginManage:359 - Loaded plugin clock (category:base,tabindex:2)
2025-12-15 17:46:50,233 [INFO] PluginManage:310 - Check plugin ddr
2025-12-15 17:46:50,235 [INFO] PluginManage:359 - Loaded plugin ddr (category:tool,tabindex:6)
2025-12-15 17:46:50,235 [INFO] PluginManage:310 - Check plugin filemanager
2025-12-15 17:46:50,326 [INFO] PluginManage:359 - Loaded plugin filemanager (category:base,tabindex:10)
2025-12-15 17:46:50,326 [INFO] PluginManage:310 - Check plugin ipmanager
2025-12-15 17:46:50,330 [INFO] PluginManage:359 - Loaded plugin ipmanager (category:base,tabindex:5)
2025-12-15 17:46:50,330 [INFO] PluginManage:310 - Check plugin lpbam
2025-12-15 17:46:50,336 [INFO] PluginManage:359 - Loaded plugin lpbam (category:base,tabindex:0)
2025-12-15 17:46:50,336 [INFO] PluginManage:310 - Check plugin memorymap
2025-12-15 17:46:50,346 [INFO] PluginManage:359 - Loaded plugin memorymap (category:base,tabindex:4)
2025-12-15 17:46:50,346 [INFO] PluginManage:310 - Check plugin pinoutandconfiguration
2025-12-15 17:46:50,352 [INFO] PluginManage:359 - Loaded plugin pinoutandconfiguration (category:base,tabindex:1)
2025-12-15 17:46:50,352 [INFO] PluginManage:310 - Check plugin pinoutconfig
2025-12-15 17:46:50,413 [WARN] SupportedApi:132 - Cannot load RTOS API schema: s4s-elt-must-match.1: The content of 'definitions' must match (annotation?, (simpleType | complexType)?, (unique | key | keyref)*)). A problem was found starting at: attribute.
2025-12-15 17:46:50,511 [INFO] PluginManage:359 - Loaded plugin pinoutconfig (category:base,tabindex:0)
2025-12-15 17:46:50,511 [INFO] PluginManage:310 - Check plugin power
2025-12-15 17:46:50,518 [INFO] PluginManage:359 - Loaded plugin power (category:power,tabindex:4)
2025-12-15 17:46:50,519 [INFO] PluginManage:310 - Check plugin projectmanager
2025-12-15 17:46:50,527 [INFO] PluginManage:359 - Loaded plugin projectmanager (category:projectmanager,tabindex:4)
2025-12-15 17:46:50,527 [INFO] PluginManage:310 - Check plugin rif
2025-12-15 17:46:50,533 [INFO] PluginManage:359 - Loaded plugin rif (category:base,tabindex:3)
2025-12-15 17:46:50,533 [INFO] PluginManage:310 - Check plugin thirdparty
2025-12-15 17:46:50,606 [INFO] PluginManage:359 - Loaded plugin thirdparty (category:base,tabindex:-1)
2025-12-15 17:46:50,606 [WARN] IntegrityCheckThread:84 - waiting for thirdparty lock release [integrity check]
2025-12-15 17:46:50,606 [INFO] PluginManage:310 - Check plugin tools
2025-12-15 17:46:50,606 [INFO] IntegrityCheckThread:86 - entering critical section [integrity check]
2025-12-15 17:46:50,606 [INFO] ThirdPartyUpdaterWithRetryManager:70 - Updater plugin not ready yet. [1/15]
2025-12-15 17:46:50,607 [INFO] PluginManage:359 - Loaded plugin tools (category:base,tabindex:7)
2025-12-15 17:46:50,607 [INFO] PluginManage:310 - Check plugin tutovideos
2025-12-15 17:46:50,782 [INFO] PluginManage:359 - Loaded plugin tutovideos (category:base,tabindex:-1)
2025-12-15 17:46:50,782 [INFO] PluginManage:310 - Check plugin updater
2025-12-15 17:46:50,799 [INFO] PluginManage:359 - Loaded plugin updater (category:base,tabindex:12)
2025-12-15 17:46:50,799 [INFO] PluginManage:310 - Check plugin userauth
2025-12-15 17:46:50,801 [INFO] UserAuth:118 - Init User Auth plugin
2025-12-15 17:46:50,802 [INFO] PluginManage:359 - Loaded plugin userauth (category:base,tabindex:14)
2025-12-15 17:46:50,802 [INFO] PluginManage:283 - PluginManage : Loaded plugins [18]
2025-12-15 17:46:50,919 [INFO] PinOutPanel:1589 - setPackage(No Configuration,No Configuration)
2025-12-15 17:46:50,962 [INFO] CADModel:165 - CPN selected for project level
2025-12-15 17:46:50,962 [INFO] CADModel:114 - Register for checkConnection events
2025-12-15 17:46:50,972 [INFO] IPUIPlugin:80 - create IPUIPlugin
2025-12-15 17:46:50,972 [INFO] PluginManager:220 - loadIPPluginJar : add sai
2025-12-15 17:46:50,973 [INFO] IPUIPlugin:80 - create IPUIPlugin
2025-12-15 17:46:50,973 [INFO] PluginManager:220 - loadIPPluginJar : add spi
2025-12-15 17:46:50,979 [INFO] IPUIPlugin:80 - create IPUIPlugin
2025-12-15 17:46:50,979 [INFO] PluginManager:220 - loadIPPluginJar : add stm32_wpan
2025-12-15 17:46:50,980 [INFO] IPUIPlugin:80 - create IPUIPlugin
2025-12-15 17:46:50,980 [INFO] PluginManager:220 - loadIPPluginJar : add tim
2025-12-15 17:46:50,982 [INFO] IPUIPlugin:80 - create IPUIPlugin
2025-12-15 17:46:50,982 [INFO] PluginManager:220 - loadIPPluginJar : add touchsensing
2025-12-15 17:46:50,983 [INFO] IPUIPlugin:80 - create IPUIPlugin
2025-12-15 17:46:50,983 [INFO] PluginManager:220 - loadIPPluginJar : add tracer_emb
2025-12-15 17:46:50,984 [INFO] IPUIPlugin:80 - create IPUIPlugin
2025-12-15 17:46:50,984 [INFO] PluginManager:220 - loadIPPluginJar : add ts
2025-12-15 17:46:50,985 [INFO] IPUIPlugin:80 - create IPUIPlugin
2025-12-15 17:46:50,985 [INFO] PluginManager:220 - loadIPPluginJar : add tsc
2025-12-15 17:46:50,986 [INFO] IPUIPlugin:80 - create IPUIPlugin
2025-12-15 17:46:50,986 [INFO] PluginManager:220 - loadIPPluginJar : add ucpd
2025-12-15 17:46:50,988 [INFO] IPUIPlugin:80 - create IPUIPlugin
2025-12-15 17:46:50,988 [INFO] PluginManager:220 - loadIPPluginJar : add usart
2025-12-15 17:46:50,989 [INFO] IPUIPlugin:80 - create IPUIPlugin
2025-12-15 17:46:50,990 [INFO] PluginManager:220 - loadIPPluginJar : add usbx
2025-12-15 17:46:50,996 [INFO] IPUIPlugin:80 - create IPUIPlugin
2025-12-15 17:46:50,996 [INFO] PluginManager:220 - loadIPPluginJar : add adc
2025-12-15 17:46:50,998 [INFO] IPUIPlugin:80 - create IPUIPlugin
2025-12-15 17:46:50,998 [INFO] PluginManager:220 - loadIPPluginJar : add aes
2025-12-15 17:46:50,999 [INFO] IPUIPlugin:80 - create IPUIPlugin
2025-12-15 17:46:50,999 [INFO] PluginManager:220 - loadIPPluginJar : add can
2025-12-15 17:46:51,000 [INFO] IPUIPlugin:80 - create IPUIPlugin
2025-12-15 17:46:51,000 [INFO] PluginManager:220 - loadIPPluginJar : add comp
2025-12-15 17:46:51,002 [INFO] IPUIPlugin:80 - create IPUIPlugin
2025-12-15 17:46:51,002 [INFO] PluginManager:220 - loadIPPluginJar : add cryp
2025-12-15 17:46:51,005 [INFO] IPUIPlugin:80 - create IPUIPlugin
2025-12-15 17:46:51,005 [INFO] PluginManager:220 - loadIPPluginJar : add ddr_ctrl_phy
2025-12-15 17:46:51,006 [INFO] IPUIPlugin:80 - create IPUIPlugin
2025-12-15 17:46:51,007 [INFO] PluginManager:220 - loadIPPluginJar : add dfsdm
2025-12-15 17:46:51,011 [INFO] IPUIPlugin:80 - create IPUIPlugin
2025-12-15 17:46:51,011 [INFO] PluginManager:220 - loadIPPluginJar : add dma
2025-12-15 17:46:51,012 [INFO] IPUIPlugin:80 - create IPUIPlugin
2025-12-15 17:46:51,013 [INFO] PluginManager:220 - loadIPPluginJar : add dma3
2025-12-15 17:46:51,014 [INFO] IPUIPlugin:80 - create IPUIPlugin
2025-12-15 17:46:51,014 [INFO] PluginManager:220 - loadIPPluginJar : add extmemmanager
2025-12-15 17:46:51,015 [INFO] IPUIPlugin:80 - create IPUIPlugin
2025-12-15 17:46:51,015 [INFO] PluginManager:220 - loadIPPluginJar : add fatfs
2025-12-15 17:46:51,018 [INFO] IPUIPlugin:80 - create IPUIPlugin
2025-12-15 17:46:51,019 [INFO] PluginManager:220 - loadIPPluginJar : add fmc
2025-12-15 17:46:51,022 [INFO] IPUIPlugin:80 - create IPUIPlugin
2025-12-15 17:46:51,023 [INFO] PluginManager:220 - loadIPPluginJar : add freertos
2025-12-15 17:46:51,024 [INFO] IPUIPlugin:80 - create IPUIPlugin
2025-12-15 17:46:51,024 [INFO] PluginManager:220 - loadIPPluginJar : add genericplugin
2025-12-15 17:46:51,025 [INFO] IPUIPlugin:80 - create IPUIPlugin
2025-12-15 17:46:51,025 [INFO] PluginManager:220 - loadIPPluginJar : add gfxmmu
2025-12-15 17:46:51,028 [INFO] IPUIPlugin:80 - create IPUIPlugin
2025-12-15 17:46:51,028 [INFO] PluginManager:220 - loadIPPluginJar : add gic
2025-12-15 17:46:51,030 [INFO] IPUIPlugin:80 - create IPUIPlugin
2025-12-15 17:46:51,031 [INFO] PluginManager:220 - loadIPPluginJar : add gpio
2025-12-15 17:46:51,032 [INFO] IPUIPlugin:80 - create IPUIPlugin
2025-12-15 17:46:51,032 [INFO] PluginManager:220 - loadIPPluginJar : add gtzc
2025-12-15 17:46:51,033 [INFO] IPUIPlugin:80 - create IPUIPlugin
2025-12-15 17:46:51,033 [INFO] PluginManager:220 - loadIPPluginJar : add hash
2025-12-15 17:46:51,035 [INFO] IPUIPlugin:80 - create IPUIPlugin
2025-12-15 17:46:51,035 [INFO] PluginManager:220 - loadIPPluginJar : add i2c
2025-12-15 17:46:51,036 [INFO] IPUIPlugin:80 - create IPUIPlugin
2025-12-15 17:46:51,036 [INFO] PluginManager:220 - loadIPPluginJar : add i2s
2025-12-15 17:46:51,037 [INFO] IPUIPlugin:80 - create IPUIPlugin
2025-12-15 17:46:51,037 [INFO] PluginManager:220 - loadIPPluginJar : add i3c
2025-12-15 17:46:51,039 [INFO] IPUIPlugin:80 - create IPUIPlugin
2025-12-15 17:46:51,039 [INFO] PluginManager:220 - loadIPPluginJar : add ipddr
2025-12-15 17:46:51,043 [INFO] IPUIPlugin:80 - create IPUIPlugin
2025-12-15 17:46:51,044 [INFO] PluginManager:220 - loadIPPluginJar : add linkedlist
2025-12-15 17:46:51,045 [INFO] IPUIPlugin:80 - create IPUIPlugin
2025-12-15 17:46:51,045 [INFO] PluginManager:220 - loadIPPluginJar : add lorawan
2025-12-15 17:46:51,046 [INFO] IPUIPlugin:80 - create IPUIPlugin
2025-12-15 17:46:51,046 [INFO] PluginManager:220 - loadIPPluginJar : add ltdc
2025-12-15 17:46:51,049 [INFO] IPUIPlugin:80 - create IPUIPlugin
2025-12-15 17:46:51,050 [INFO] PluginManager:220 - loadIPPluginJar : add mdma
2025-12-15 17:46:51,052 [INFO] IPUIPlugin:80 - create IPUIPlugin
2025-12-15 17:46:51,052 [INFO] PluginManager:220 - loadIPPluginJar : add nvic
2025-12-15 17:46:51,053 [INFO] IPUIPlugin:80 - create IPUIPlugin
2025-12-15 17:46:51,053 [INFO] PluginManager:220 - loadIPPluginJar : add opamp
2025-12-15 17:46:51,055 [INFO] IPUIPlugin:80 - create IPUIPlugin
2025-12-15 17:46:51,055 [INFO] PluginManager:220 - loadIPPluginJar : add openamp
2025-12-15 17:46:51,057 [INFO] IPUIPlugin:80 - create IPUIPlugin
2025-12-15 17:46:51,057 [INFO] PluginManager:220 - loadIPPluginJar : add pdm2pcm
2025-12-15 17:46:51,061 [INFO] IPUIPlugin:80 - create IPUIPlugin
2025-12-15 17:46:51,063 [INFO] PluginManager:220 - loadIPPluginJar : add plateformsettings
2025-12-15 17:46:51,064 [INFO] IPUIPlugin:80 - create IPUIPlugin
2025-12-15 17:46:51,064 [INFO] PluginManager:220 - loadIPPluginJar : add quadspi
2025-12-15 17:46:51,065 [INFO] IPUIPlugin:80 - create IPUIPlugin
2025-12-15 17:46:51,065 [INFO] PluginManager:220 - loadIPPluginJar : add radio
2025-12-15 17:46:51,068 [INFO] IPUIPlugin:80 - create IPUIPlugin
2025-12-15 17:46:51,068 [INFO] PluginManager:220 - loadIPPluginJar : add resmgrutility
2025-12-15 17:46:51,157 [FATAL] Updater:351 - Updater called before beeing initialized
2025-12-15 17:46:51,176 [INFO] RulesReader:64 - Compatibility file has been processed (317 Rules)
2025-12-15 17:46:51,181 [INFO] RulesReader:64 - Compatibility file has been processed (317 Rules)
2025-12-15 17:46:51,186 [INFO] CADModel:165 - CPN selected for project level
2025-12-15 17:46:51,186 [INFO] CADModel:114 - Register for checkConnection events
2025-12-15 17:46:51,186 [FATAL] Updater:351 - Updater called before beeing initialized
2025-12-15 17:46:51,186 [ERROR] CADModel:125 - Updater not yet initialized, retry later 
2025-12-15 17:46:51,264 [FATAL] Updater:351 - Updater called before beeing initialized
2025-12-15 17:46:51,265 [INFO] CADModel:165 - CPN selected for project level
2025-12-15 17:46:51,265 [INFO] CADModel:114 - Register for checkConnection events
2025-12-15 17:46:51,265 [FATAL] Updater:351 - Updater called before beeing initialized
2025-12-15 17:46:51,265 [ERROR] CADModel:125 - Updater not yet initialized, retry later 
2025-12-15 17:46:51,267 [FATAL] Updater:351 - Updater called before beeing initialized
2025-12-15 17:46:51,315 [FATAL] Updater:351 - Updater called before beeing initialized
2025-12-15 17:46:51,318 [INFO] DbMcusAds:53 - JSON generation date=Mon Nov 10 18:43:01 CST 2025 (1762771381061)
2025-12-15 17:46:51,318 [FATAL] Updater:351 - Updater called before beeing initialized
2025-12-15 17:46:51,340 [WARN] DetailPanel:346 - Failed to get advertising image, set to default
2025-12-15 17:46:51,384 [FATAL] Updater:351 - Updater called before beeing initialized
2025-12-15 17:46:51,386 [FATAL] Updater:351 - Updater called before beeing initialized
2025-12-15 17:46:51,386 [FATAL] Updater:351 - Updater called before beeing initialized
2025-12-15 17:46:51,386 [WARN] DetailPanel:346 - Failed to get advertising image, set to default
2025-12-15 17:46:51,386 [FATAL] Updater:351 - Updater called before beeing initialized
2025-12-15 17:46:51,404 [ERROR] Updater:1198 - MainUpdater not yet initialized. External WinMGr cannot be set.
2025-12-15 17:46:51,405 [INFO] Updater:1134 - Updater Version found : 6.15.0
2025-12-15 17:46:51,418 [INFO] ApplicationProperties:184 - Using Application install path: /opt/st/stm32cubeide_1.19.0/plugins/com.st.stm32cube.common.mx_6.15.0.202507011659
2025-12-15 17:46:51,788 [INFO] MainUpdater:2872 - connection check result : 10
2025-12-15 17:46:51,788 [INFO] MainUpdater:3604 - Updater definition file requires update
2025-12-15 17:46:51,789 [INFO] MainUpdater:289 - Updater Check For Update Now.
2025-12-15 17:46:51,789 [INFO] MicroXplorer:498 - Change Database Version : DB.6.0.150
2025-12-15 17:46:51,793 [INFO] McuFinderGlobals:63 - Set McuFinder mode to 2 (CubeIDE integrated)
2025-12-15 17:46:51,793 [INFO] UserAuth:487 - Internet connection configuration mode: 1
2025-12-15 17:46:51,808 [INFO] JxBrowserEngine:152 - Initiate JxBrowser Engine with user profile folder
2025-12-15 17:46:51,826 [INFO] ServerAccessManage:452 - Complete download http(s) 200
2025-12-15 17:46:51,827 [INFO] ServerAccessManage:509 - Download File updaters.zip
2025-12-15 17:46:51,940 [INFO] FileExtend:248 - Unzip File : updaters.zip
2025-12-15 17:46:51,940 [INFO] FileExtend:263 - Standard Zip Deflate
2025-12-15 17:46:52,077 [INFO] ServerAccessManage:452 - Complete download http(s) 200
2025-12-15 17:46:52,077 [INFO] ServerAccessManage:509 - Download File PacksControlFlags.xml
2025-12-15 17:46:52,134 [INFO] ServerAccessManage:452 - Complete download http(s) 200
2025-12-15 17:46:52,134 [INFO] ServerAccessManage:509 - Download File cubemx.pidx
2025-12-15 17:46:52,188 [INFO] LoadServerUpdatesThread:375 - End of LoadServerUpdate Thread
2025-12-15 17:46:52,328 [INFO] CheckServerUpdateThread:120 - End of CheckServer Thread
2025-12-15 17:46:52,491 [INFO] WebApp:169 - Instantiating new browser for Auth
2025-12-15 17:46:52,962 [INFO] WebApp:463 - Apply proxy settings
2025-12-15 17:46:52,962 [INFO] WebApp:548 - Chromium requires no authentication
2025-12-15 17:46:52,967 [INFO] WebApp:491 - Direct internet connection detected
2025-12-15 17:46:52,978 [INFO] WebApp:900 - Register for checkConnection events
2025-12-15 17:46:52,978 [INFO] WebApp:463 - Apply proxy settings
2025-12-15 17:46:52,978 [INFO] WebApp:548 - Chromium requires no authentication
2025-12-15 17:46:52,979 [INFO] WebApp:491 - Direct internet connection detected
2025-12-15 17:46:53,059 [INFO] WebApp:225 - Starting web application
2025-12-15 17:46:53,059 [INFO] WebApp:593 - Web application path used /opt/st/stm32cubeide_1.19.0/plugins/com.st.stm32cube.common.mx_6.15.0.202507011659/db/plugins/mcufinder/reactClient1/index.html
2025-12-15 17:46:53,127 [INFO] UserAuth:487 - Internet connection configuration mode: 1
2025-12-15 17:46:53,697 [WARN] PackLoader:240 - Cannot read IP mode file for STMicroelectronics.FP-SNS-MOTENVWB1.1.4.0
2025-12-15 17:46:53,703 [WARN] PackLoader:240 - Cannot read IP mode file for STMicroelectronics.FP-ATR-ASTRA1.2.0.2
2025-12-15 17:46:53,707 [WARN] PackLoader:240 - Cannot read IP mode file for STMicroelectronics.X-CUBE-SMBUS.2.1.0
2025-12-15 17:46:53,711 [WARN] PackLoader:240 - Cannot read IP mode file for STMicroelectronics.X-CUBE-ST60.1.0.0
2025-12-15 17:46:53,728 [WARN] PackLoader:240 - Cannot read IP mode file for STMicroelectronics.X-CUBE-AZRTOS-F7.1.1.0
2025-12-15 17:46:53,735 [WARN] PackLoader:240 - Cannot read IP mode file for STMicroelectronics.FP-SNS-MOTENV1.5.1.0
2025-12-15 17:46:53,742 [WARN] PackLoader:240 - Cannot read IP mode file for WES.I-CUBE-Cesium.1.4.0
2025-12-15 17:46:53,757 [WARN] PackLoader:240 - Cannot read IP mode file for Infineon.AIROC-Wi-Fi-Bluetooth-STM32.1.7.1
2025-12-15 17:46:53,780 [WARN] PackLoader:240 - Cannot read IP mode file for STMicroelectronics.X-CUBE-AZRTOS-H7.3.4.0
2025-12-15 17:46:53,789 [WARN] PackLoader:240 - Cannot read IP mode file for STMicroelectronics.X-CUBE-DISPLAY.3.0.0
2025-12-15 17:46:53,801 [WARN] PackLoader:240 - Cannot read IP mode file for STMicroelectronics.X-CUBE-NFC10.1.0.0
2025-12-15 17:46:53,806 [WARN] PackLoader:240 - Cannot read IP mode file for STMicroelectronics.X-CUBE-ST60.1.1.0
2025-12-15 17:46:53,810 [WARN] PackLoader:240 - Cannot read IP mode file for emotas.I-CUBE-CANOPEN.1.3.0
2025-12-15 17:46:53,813 [WARN] PackLoader:240 - Cannot read IP mode file for STMicroelectronics.X-CUBE-GNSS1.7.1.0
2025-12-15 17:46:53,818 [WARN] PackLoader:240 - Cannot read IP mode file for STMicroelectronics.FP-SNS-STBOX1.2.1.0
2025-12-15 17:46:53,823 [WARN] PackLoader:240 - Cannot read IP mode file for STMicroelectronics.FP-SNS-SMARTAG2.1.2.0
2025-12-15 17:46:53,826 [WARN] PackLoader:240 - Cannot read IP mode file for STMicroelectronics.FP-SNS-FLIGHT1.5.1.0
2025-12-15 17:46:53,831 [INFO] LogOutputStream:77 - [STDOUT_REDIRECT] 1 : Invalid condition id : UX_CORESTACK_Condition cause : null
2025-12-15 17:46:53,832 [INFO] LogOutputStream:77 - [STDOUT_REDIRECT] 1 : Invalid condition id : UX_CORESTACK_Condition cause : null
2025-12-15 17:46:53,832 [INFO] LogOutputStream:77 - [STDOUT_REDIRECT] 1 : Invalid condition id : UX_CORESTACK_Condition cause : null
2025-12-15 17:46:53,832 [INFO] LogOutputStream:77 - [STDOUT_REDIRECT] 1 : Invalid condition id : UX_CORESTACK_Condition cause : null
2025-12-15 17:46:53,832 [INFO] LogOutputStream:77 - [STDOUT_REDIRECT] 1 : Invalid condition id : UX_CORESTACK_Condition cause : null
2025-12-15 17:46:53,834 [WARN] PackLoader:240 - Cannot read IP mode file for STMicroelectronics.X-CUBE-AZRTOS-WL.2.0.0
2025-12-15 17:46:53,838 [WARN] PackLoader:240 - Cannot read IP mode file for STMicroelectronics.FP-SNS-MOTENV1.5.0.0
2025-12-15 17:46:53,849 [WARN] PackLoader:240 - Cannot read IP mode file for STMicroelectronics.X-CUBE-AZRTOS-H7RS.1.2.0
2025-12-15 17:46:53,855 [WARN] PackLoader:240 - Cannot read IP mode file for WES.I-CUBE-Cesium.1.3.0
2025-12-15 17:46:53,858 [WARN] PackLoader:240 - Cannot read IP mode file for STMicroelectronics.X-CUBE-BLE2.3.3.0
2025-12-15 17:46:53,869 [WARN] PackLoader:240 - Cannot read IP mode file for STMicroelectronics.X-CUBE-NFC9.1.0.0
2025-12-15 17:46:53,874 [WARN] PackLoader:240 - Cannot read IP mode file for wolfSSL.I-CUBE-wolfSSL.5.8.2
2025-12-15 17:46:53,878 [WARN] PackLoader:240 - Cannot read IP mode file for STMicroelectronics.X-CUBE-BLE1.7.1.0
2025-12-15 17:46:53,880 [WARN] PackLoader:240 - Cannot read IP mode file for wolfSSL.I-CUBE-wolfMQTT.1.19.2
2025-12-15 17:46:53,884 [WARN] PackLoader:240 - Cannot read IP mode file for STMicroelectronics.X-CUBE-FREERTOS.1.4.0
2025-12-15 17:46:53,888 [WARN] PackLoader:240 - Cannot read IP mode file for STMicroelectronics.X-CUBE-EEPRMA1.5.2.0
2025-12-15 17:46:53,894 [WARN] PackLoader:240 - Cannot read IP mode file for STMicroelectronics.X-CUBE-ST67W61.1.1.0
2025-12-15 17:46:53,919 [WARN] PackLoader:240 - Cannot read IP mode file for STMicroelectronics.X-CUBE-MEMS1.12.0.0
2025-12-15 17:46:54,024 [WARN] PackLoader:240 - Cannot read IP mode file for STMicroelectronics.X-CUBE-AZRTOS-G0.1.1.0
2025-12-15 17:46:54,036 [WARN] PackLoader:240 - Cannot read IP mode file for STMicroelectronics.X-CUBE-SAFEA1.1.2.2
2025-12-15 17:46:54,040 [WARN] PackLoader:240 - Cannot read IP mode file for STMicroelectronics.X-CUBE-NFC4.3.0.0
2025-12-15 17:46:54,046 [WARN] PackLoader:240 - Cannot read IP mode file for EmbeddedOffice.I-CUBE-FS-RTOS.1.0.1
2025-12-15 17:46:54,050 [WARN] PackLoader:240 - Cannot read IP mode file for STMicroelectronics.X-CUBE-WB05N.2.0.0
2025-12-15 17:46:54,053 [WARN] PackLoader:240 - Cannot read IP mode file for wolfSSL.I-CUBE-wolfTPM.3.8.0
2025-12-15 17:46:54,056 [WARN] PackLoader:240 - Cannot read IP mode file for STMicroelectronics.X-CUBE-TCPP.4.2.0
2025-12-15 17:46:54,060 [WARN] PackLoader:240 - Cannot read IP mode file for RealThread.X-CUBE-RT-Thread_Nano.4.1.1
2025-12-15 17:46:54,063 [WARN] PackLoader:240 - Cannot read IP mode file for STMicroelectronics.FP-ATR-SIGFOX1.3.2.0
2025-12-15 17:46:54,066 [WARN] PackLoader:240 - Cannot read IP mode file for ITTIA_DB.I-CUBE-ITTIADB.8.9.0
2025-12-15 17:46:54,070 [WARN] PackLoader:240 - Cannot read IP mode file for STMicroelectronics.X-CUBE-ST67W61.1.0.0
2025-12-15 17:46:54,074 [WARN] PackLoader:240 - Cannot read IP mode file for STMicroelectronics.X-CUBE-AI.10.2.0
2025-12-15 17:46:54,087 [WARN] PackLoader:240 - Cannot read IP mode file for SEGGER.I-CUBE-embOS.1.3.1
2025-12-15 17:46:54,124 [WARN] PackLoader:240 - Cannot read IP mode file for STMicroelectronics.X-CUBE-ALGOBUILD.1.4.0
2025-12-15 17:46:54,146 [WARN] PackLoader:240 - Cannot read IP mode file for STMicroelectronics.X-CUBE-MEMS1.11.3.0
2025-12-15 17:46:54,246 [WARN] PackLoader:240 - Cannot read IP mode file for STMicroelectronics.X-CUBE-PM33A1.1.0.0
2025-12-15 17:46:54,253 [WARN] PackLoader:240 - Cannot read IP mode file for STMicroelectronics.X-CUBE-AZRTOS-F4.1.1.0
2025-12-15 17:46:54,256 [WARN] PackLoader:240 - Cannot read IP mode file for Avnet-IotConnect.X-CUBE-IoTC-DA16k-PMOD.1.0.0
2025-12-15 17:46:54,259 [WARN] PackLoader:240 - Cannot read IP mode file for STMicroelectronics.X-CUBE-ISPU.2.1.0
2025-12-15 17:46:54,265 [WARN] PackLoader:240 - Cannot read IP mode file for STMicroelectronics.X-CUBE-IPS.3.2.0
2025-12-15 17:46:54,265 [INFO] WebApp:191 - Connection restablished
2025-12-15 17:46:54,276 [WARN] PackLoader:240 - Cannot read IP mode file for STMicroelectronics.X-CUBE-NFC12.1.0.0
2025-12-15 17:46:54,284 [WARN] PackLoader:240 - Cannot read IP mode file for STMicroelectronics.X-CUBE-AZRTOS-L5.2.0.0
2025-12-15 17:46:54,288 [WARN] PackLoader:240 - Cannot read IP mode file for STMicroelectronics.X-CUBE-NFC6.3.1.0
2025-12-15 17:46:54,293 [WARN] PackLoader:240 - Cannot read IP mode file for STMicroelectronics.X-CUBE-FREERTOS.1.3.1
2025-12-15 17:46:54,295 [WARN] PackLoader:240 - Cannot read IP mode file for STMicroelectronics.X-CUBE-TOUCHGFX.4.26.0
2025-12-15 17:46:54,298 [WARN] PackLoader:240 - Cannot read IP mode file for STMicroelectronics.FP-SNS-STAIOTCFT.1.0.0
2025-12-15 17:46:54,300 [WARN] PackLoader:240 - Cannot read IP mode file for STMicroelectronics.X-CUBE-DPower.1.3.0
2025-12-15 17:46:54,307 [WARN] ConditionMgr:438 - getConditionDescription Invalid condition id : LAN8742 Phy interface Condition cause : null
2025-12-15 17:46:54,307 [WARN] PackLoader:240 - Cannot read IP mode file for STMicroelectronics.X-CUBE-AZRTOS-L4.2.0.0
2025-12-15 17:46:54,308 [WARN] ConditionMgr:1044 - genDependencies : Invalid condition id : LAN8742 Phy interface Condition cause : null
2025-12-15 17:46:54,308 [WARN] ConditionMgr:1044 - genDependencies : Invalid condition id : LAN8742 Phy interface Condition cause : null
2025-12-15 17:46:54,308 [WARN] ConditionMgr:1044 - genDependencies : Invalid condition id : LAN8742 Phy interface Condition cause : null
2025-12-15 17:46:54,312 [WARN] PackLoader:240 - Cannot read IP mode file for STMicroelectronics.X-CUBE-SFXS2LP1.4.0.0
2025-12-15 17:46:54,316 [WARN] PackLoader:240 - Cannot read IP mode file for STMicroelectronics.X-CUBE-BLEMGR.4.1.0
2025-12-15 17:46:54,324 [WARN] ConditionMgr:438 - getConditionDescription Invalid condition id : UX DEVICE CLASS RTOS Condition cause : null
2025-12-15 17:46:54,324 [WARN] ConditionMgr:438 - getConditionDescription Invalid condition id : UX DEVICE CLASS RTOS Condition cause : null
2025-12-15 17:46:54,325 [WARN] PackLoader:240 - Cannot read IP mode file for STMicroelectronics.X-CUBE-AZRTOS-WB.2.0.0
2025-12-15 17:46:54,325 [WARN] ConditionMgr:1044 - genDependencies : Invalid condition id : UX DEVICE CLASS RTOS Condition cause : null
2025-12-15 17:46:54,325 [WARN] ConditionMgr:1044 - genDependencies : Invalid condition id : UX DEVICE CLASS RTOS Condition cause : null
2025-12-15 17:46:54,326 [WARN] ConditionMgr:1044 - genDependencies : Invalid condition id : UX DEVICE CLASS RTOS Condition cause : null
2025-12-15 17:46:54,326 [WARN] ConditionMgr:1044 - genDependencies : Invalid condition id : UX DEVICE CLASS RTOS Condition cause : null
2025-12-15 17:46:54,326 [WARN] ConditionMgr:1044 - genDependencies : Invalid condition id : UX DEVICE CLASS RTOS Condition cause : null
2025-12-15 17:46:54,329 [WARN] PackLoader:240 - Cannot read IP mode file for STMicroelectronics.X-CUBE-GNSS1.7.0.1
2025-12-15 17:46:54,332 [WARN] PackLoader:240 - Cannot read IP mode file for STMicroelectronics.X-CUBE-TOUCHGFX.4.25.0
2025-12-15 17:46:54,334 [WARN] ConditionMgr:438 - getConditionDescription Invalid condition id : Cortex-A Device cause : null
2025-12-15 17:46:54,338 [WARN] ConditionMgr:1044 - genDependencies : Invalid condition id : Cortex-A Device cause : null
2025-12-15 17:46:54,338 [WARN] ConditionMgr:1044 - genDependencies : Invalid condition id : Cortex-A Device cause : null
2025-12-15 17:46:54,338 [WARN] ConditionMgr:1044 - genDependencies : Invalid condition id : Cortex-A Device cause : null
2025-12-15 17:46:54,342 [WARN] PackLoader:240 - Cannot read IP mode file for STMicroelectronics.X-CUBE-SUBG2.5.0.0
2025-12-15 17:46:54,353 [WARN] PackLoader:240 - Cannot read IP mode file for STMicroelectronics.X-CUBE-AZRTOS-H7RS.1.1.0
2025-12-15 17:46:54,357 [WARN] PackLoader:240 - Cannot read IP mode file for Cesanta.I-CUBE-Mongoose.7.13.0
2025-12-15 17:46:54,363 [WARN] PackLoader:240 - Cannot read IP mode file for STMicroelectronics.X-CUBE-AZRTOS-G4.2.0.0
2025-12-15 17:46:54,366 [WARN] PackLoader:240 - Cannot read IP mode file for wolfSSL.I-CUBE-wolfSSH.1.4.20
2025-12-15 17:46:54,368 [WARN] PackLoader:240 - Cannot read IP mode file for STMicroelectronics.X-CUBE-NFC7.2.0.0
2025-12-15 17:46:54,375 [WARN] PackLoader:240 - Cannot read IP mode file for STMicroelectronics.X-CUBE-IPS.3.1.0
2025-12-15 17:46:54,385 [WARN] PackLoader:240 - Cannot read IP mode file for STMicroelectronics.X-CUBE-ALS.1.0.2
2025-12-15 17:46:54,389 [WARN] PackLoader:240 - Cannot read IP mode file for STMicroelectronics.X-CUBE-STSE01.1.0.0
2025-12-15 17:46:54,394 [WARN] PackLoader:240 - Cannot read IP mode file for portGmbH.I-Cube-SoM-uGOAL.1.1.0
2025-12-15 17:46:54,398 [WARN] PackLoader:240 - Cannot read IP mode file for STMicroelectronics.X-CUBE-TOF1.3.4.3
2025-12-15 17:46:54,410 [INFO] ThirdParty:978 - Integrity check success = true
2025-12-15 17:46:54,411 [INFO] IntegrityCheckThread:100 - exiting critical section [integrity check]
2025-12-15 17:46:54,411 [INFO] IntegrityCheckThread:103 - End integrity checks thread
2025-12-15 17:50:31,720 [INFO] WebApp:194 - Connection lost
2025-12-15 17:50:36,914 [INFO] WebApp:191 - Connection restablished
2025-12-15 17:56:15,839 [INFO] WebApp:194 - Connection lost
2025-12-15 17:56:22,051 [INFO] WebApp:191 - Connection restablished
2025-12-15 18:07:45,786 [INFO] WebApp:194 - Connection lost
2025-12-15 18:07:51,907 [INFO] WebApp:191 - Connection restablished
2025-12-15 18:42:15,846 [INFO] WebApp:194 - Connection lost
2025-12-15 18:42:22,549 [INFO] WebApp:191 - Connection restablished
2025-12-15 19:16:45,797 [INFO] WebApp:194 - Connection lost
2025-12-15 19:16:52,353 [INFO] WebApp:191 - Connection restablished
2025-12-15 19:30:46,850 [INFO] WebApp:194 - Connection lost
2025-12-15 20:43:33,535 [INFO] WebApp:191 - Connection restablished
2025-12-15 21:35:31,104 [INFO] WebApp:194 - Connection lost
2025-12-15 21:36:09,945 [INFO] WebApp:191 - Connection restablished
2025-12-15 21:36:32,952 [INFO] WebApp:194 - Connection lost
2025-12-15 23:20:15,899 [INFO] Activator:176 - 


2025-12-15 23:20:15,901 [INFO] Activator:177 - !SESSION log4j initialized
2025-12-15 23:20:19,654 [INFO] LogOutputStream:77 - [STDOUT_REDIRECT] 
2025-12-15 23:20:20,092 [INFO] ApplicationProperties:184 - Using Application install path: /opt/st/stm32cubeide_1.19.0/plugins/com.st.stm32cube.common.mx_6.15.0.202507011659
2025-12-15 23:20:20,105 [INFO] DbMcusXml:78 - Set database path to: /opt/st/stm32cubeide_1.19.0/plugins/com.st.stm32cube.common.mx_6.15.0.202507011659//db//mcu/
2025-12-15 23:20:20,105 [INFO] ApiDb:274 - Set plugin database path to: /opt/st/stm32cubeide_1.19.0/plugins/com.st.stm32cube.common.mx_6.15.0.202507011659//db//plugins/boardmanager/
2025-12-15 23:20:20,105 [WARN] ApiDb:259 - Overriding images path with different value:  => /opt/st/stm32cubeide_1.19.0/plugins/com.st.stm32cube.common.mx_6.15.0.202507011659//db//plugins/mcufinder/images/
2025-12-15 23:20:20,111 [INFO] ApiDb:250 - Set database path to: /home/h/.stmcufinder/plugins/mcufinder//mcu/
2025-12-15 23:20:20,112 [INFO] DbMcusAds:125 - Set database path to: /home/h/.stmcufinder/plugins/mcufinder//mcu/
2025-12-15 23:20:20,113 [INFO] CrossReferenceDbSqlite:203 - Set database path to: /home/h/.stmcufinder/plugins/mcufinder//mcu/cs/
2025-12-15 23:20:20,176 [INFO] RulesReader:64 - Compatibility file has been processed (317 Rules)
2025-12-15 23:20:20,222 [INFO] DbMcusXml:78 - Set database path to: /opt/st/stm32cubeide_1.19.0/plugins/com.st.stm32cube.common.mx_6.15.0.202507011659//db//mcu/
2025-12-15 23:20:20,222 [INFO] ApiDb:274 - Set plugin database path to: /opt/st/stm32cubeide_1.19.0/plugins/com.st.stm32cube.common.mx_6.15.0.202507011659//db//plugins/boardmanager/
2025-12-15 23:20:20,222 [INFO] ApiDb:261 - Set plugin images path to: /opt/st/stm32cubeide_1.19.0/plugins/com.st.stm32cube.common.mx_6.15.0.202507011659//db//plugins/mcufinder/images/
2025-12-15 23:20:20,222 [WARN] DbFile:41 - Overriding database path with different value: /home/h/.stmcufinder/plugins/mcufinder/ => /home/h/.stmcufinder/plugins/mcufinder
2025-12-15 23:20:20,222 [INFO] ApiDb:250 - Set database path to: /home/h/.stmcufinder/plugins/mcufinder//mcu/
2025-12-15 23:20:20,222 [WARN] DbFile:41 - Overriding database path with different value: /home/h/.stmcufinder/plugins/mcufinder/ => /home/h/.stmcufinder/plugins/mcufinder
2025-12-15 23:20:20,222 [INFO] DbMcusAds:125 - Set database path to: /home/h/.stmcufinder/plugins/mcufinder//mcu/
2025-12-15 23:20:20,222 [WARN] DbFile:41 - Overriding database path with different value: /home/h/.stmcufinder/plugins/mcufinder/ => /home/h/.stmcufinder/plugins/mcufinder
2025-12-15 23:20:20,222 [WARN] DbFile:41 - Overriding database path with different value: /home/h/.stmcufinder/plugins/mcufinder/ => /home/h/.stmcufinder/plugins/mcufinder
2025-12-15 23:20:20,222 [INFO] CrossReferenceDbSqlite:203 - Set database path to: /home/h/.stmcufinder/plugins/mcufinder//mcu/cs/
2025-12-15 23:20:20,277 [INFO] MainPanel:274 - HeapMemory: 268435456
2025-12-15 23:20:20,366 [INFO] DbMcusXml:78 - Set database path to: /opt/st/stm32cubeide_1.19.0/plugins/com.st.stm32cube.common.mx_6.15.0.202507011659//db//mcu/
2025-12-15 23:20:20,367 [INFO] ApiDb:274 - Set plugin database path to: /opt/st/stm32cubeide_1.19.0/plugins/com.st.stm32cube.common.mx_6.15.0.202507011659//db//plugins/boardmanager/
2025-12-15 23:20:20,367 [INFO] ApiDb:261 - Set plugin images path to: /opt/st/stm32cubeide_1.19.0/plugins/com.st.stm32cube.common.mx_6.15.0.202507011659//db//plugins/mcufinder/images/
2025-12-15 23:20:20,367 [WARN] DbFile:41 - Overriding database path with different value: /home/h/.stmcufinder/plugins/mcufinder/ => /home/h/.stmcufinder/plugins/mcufinder
2025-12-15 23:20:20,367 [INFO] ApiDb:250 - Set database path to: /home/h/.stmcufinder/plugins/mcufinder//mcu/
2025-12-15 23:20:20,367 [WARN] DbFile:41 - Overriding database path with different value: /home/h/.stmcufinder/plugins/mcufinder/ => /home/h/.stmcufinder/plugins/mcufinder
2025-12-15 23:20:20,367 [INFO] DbMcusAds:125 - Set database path to: /home/h/.stmcufinder/plugins/mcufinder//mcu/
2025-12-15 23:20:20,367 [WARN] DbFile:41 - Overriding database path with different value: /home/h/.stmcufinder/plugins/mcufinder/ => /home/h/.stmcufinder/plugins/mcufinder
2025-12-15 23:20:20,367 [WARN] DbFile:41 - Overriding database path with different value: /home/h/.stmcufinder/plugins/mcufinder/ => /home/h/.stmcufinder/plugins/mcufinder
2025-12-15 23:20:20,367 [INFO] CrossReferenceDbSqlite:203 - Set database path to: /home/h/.stmcufinder/plugins/mcufinder//mcu/cs/
2025-12-15 23:20:20,377 [INFO] ApplicationProperties:184 - Using Application install path: /opt/st/stm32cubeide_1.19.0/plugins/com.st.stm32cube.common.mx_6.15.0.202507011659
2025-12-15 23:20:20,378 [INFO] PluginManage:196 - Search for loadable plugins [exclusion list=, ]
2025-12-15 23:20:20,379 [INFO] PluginManage:310 - Check plugin analytics
2025-12-15 23:20:20,463 [INFO] AnalyticsPlugin:253 - Accepted Software Licenses: STM32CubeMX.6.15.0
2025-12-15 23:20:20,464 [INFO] AnalyticsPlugin:255 - Accepted CMSIS Pack Licenses: 
2025-12-15 23:20:20,464 [INFO] AnalyticsPlugin:257 - Accepted Firmware Licenses: FW.G4.1.6.0
2025-12-15 23:20:20,465 [INFO] PluginManage:359 - Loaded plugin analytics (category:tool,tabindex:-1)
2025-12-15 23:20:20,465 [INFO] PluginManage:310 - Check plugin cadmodel
2025-12-15 23:20:20,474 [INFO] CADModel:105 - Init CAD model plugin
2025-12-15 23:20:20,474 [INFO] PluginManage:359 - Loaded plugin cadmodel (category:power,tabindex:5)
2025-12-15 23:20:20,474 [INFO] PluginManage:310 - Check plugin clock
2025-12-15 23:20:20,480 [INFO] PluginManage:359 - Loaded plugin clock (category:base,tabindex:2)
2025-12-15 23:20:20,480 [INFO] PluginManage:310 - Check plugin ddr
2025-12-15 23:20:20,482 [INFO] PluginManage:359 - Loaded plugin ddr (category:tool,tabindex:6)
2025-12-15 23:20:20,482 [INFO] PluginManage:310 - Check plugin filemanager
2025-12-15 23:20:20,573 [INFO] PluginManage:359 - Loaded plugin filemanager (category:base,tabindex:10)
2025-12-15 23:20:20,573 [INFO] PluginManage:310 - Check plugin ipmanager
2025-12-15 23:20:20,577 [INFO] PluginManage:359 - Loaded plugin ipmanager (category:base,tabindex:5)
2025-12-15 23:20:20,577 [INFO] PluginManage:310 - Check plugin lpbam
2025-12-15 23:20:20,583 [INFO] PluginManage:359 - Loaded plugin lpbam (category:base,tabindex:0)
2025-12-15 23:20:20,584 [INFO] PluginManage:310 - Check plugin memorymap
2025-12-15 23:20:20,593 [INFO] PluginManage:359 - Loaded plugin memorymap (category:base,tabindex:4)
2025-12-15 23:20:20,593 [INFO] PluginManage:310 - Check plugin pinoutandconfiguration
2025-12-15 23:20:20,600 [INFO] PluginManage:359 - Loaded plugin pinoutandconfiguration (category:base,tabindex:1)
2025-12-15 23:20:20,600 [INFO] PluginManage:310 - Check plugin pinoutconfig
2025-12-15 23:20:20,658 [WARN] SupportedApi:132 - Cannot load RTOS API schema: s4s-elt-must-match.1: The content of 'definitions' must match (annotation?, (simpleType | complexType)?, (unique | key | keyref)*)). A problem was found starting at: attribute.
2025-12-15 23:20:20,752 [INFO] PluginManage:359 - Loaded plugin pinoutconfig (category:base,tabindex:0)
2025-12-15 23:20:20,752 [INFO] PluginManage:310 - Check plugin power
2025-12-15 23:20:20,758 [INFO] PluginManage:359 - Loaded plugin power (category:power,tabindex:4)
2025-12-15 23:20:20,758 [INFO] PluginManage:310 - Check plugin projectmanager
2025-12-15 23:20:20,768 [INFO] PluginManage:359 - Loaded plugin projectmanager (category:projectmanager,tabindex:4)
2025-12-15 23:20:20,768 [INFO] PluginManage:310 - Check plugin rif
2025-12-15 23:20:20,775 [INFO] PluginManage:359 - Loaded plugin rif (category:base,tabindex:3)
2025-12-15 23:20:20,775 [INFO] PluginManage:310 - Check plugin thirdparty
2025-12-15 23:20:20,851 [INFO] PluginManage:359 - Loaded plugin thirdparty (category:base,tabindex:-1)
2025-12-15 23:20:20,851 [WARN] IntegrityCheckThread:84 - waiting for thirdparty lock release [integrity check]
2025-12-15 23:20:20,851 [INFO] PluginManage:310 - Check plugin tools
2025-12-15 23:20:20,851 [INFO] IntegrityCheckThread:86 - entering critical section [integrity check]
2025-12-15 23:20:20,851 [INFO] ThirdPartyUpdaterWithRetryManager:70 - Updater plugin not ready yet. [1/15]
2025-12-15 23:20:20,852 [INFO] PluginManage:359 - Loaded plugin tools (category:base,tabindex:7)
2025-12-15 23:20:20,852 [INFO] PluginManage:310 - Check plugin tutovideos
2025-12-15 23:20:21,001 [INFO] PluginManage:359 - Loaded plugin tutovideos (category:base,tabindex:-1)
2025-12-15 23:20:21,002 [INFO] PluginManage:310 - Check plugin updater
2025-12-15 23:20:21,020 [INFO] PluginManage:359 - Loaded plugin updater (category:base,tabindex:12)
2025-12-15 23:20:21,020 [INFO] PluginManage:310 - Check plugin userauth
2025-12-15 23:20:21,024 [INFO] UserAuth:118 - Init User Auth plugin
2025-12-15 23:20:21,024 [INFO] PluginManage:359 - Loaded plugin userauth (category:base,tabindex:14)
2025-12-15 23:20:21,025 [INFO] PluginManage:283 - PluginManage : Loaded plugins [18]
2025-12-15 23:20:21,151 [INFO] PinOutPanel:1589 - setPackage(No Configuration,No Configuration)
2025-12-15 23:20:21,201 [INFO] CADModel:165 - CPN selected for project level
2025-12-15 23:20:21,202 [INFO] CADModel:114 - Register for checkConnection events
2025-12-15 23:20:21,215 [INFO] IPUIPlugin:80 - create IPUIPlugin
2025-12-15 23:20:21,215 [INFO] PluginManager:220 - loadIPPluginJar : add sai
2025-12-15 23:20:21,217 [INFO] IPUIPlugin:80 - create IPUIPlugin
2025-12-15 23:20:21,217 [INFO] PluginManager:220 - loadIPPluginJar : add spi
2025-12-15 23:20:21,223 [INFO] IPUIPlugin:80 - create IPUIPlugin
2025-12-15 23:20:21,224 [INFO] PluginManager:220 - loadIPPluginJar : add stm32_wpan
2025-12-15 23:20:21,225 [INFO] IPUIPlugin:80 - create IPUIPlugin
2025-12-15 23:20:21,225 [INFO] PluginManager:220 - loadIPPluginJar : add tim
2025-12-15 23:20:21,228 [INFO] IPUIPlugin:80 - create IPUIPlugin
2025-12-15 23:20:21,228 [INFO] PluginManager:220 - loadIPPluginJar : add touchsensing
2025-12-15 23:20:21,230 [INFO] IPUIPlugin:80 - create IPUIPlugin
2025-12-15 23:20:21,230 [INFO] PluginManager:220 - loadIPPluginJar : add tracer_emb
2025-12-15 23:20:21,232 [INFO] IPUIPlugin:80 - create IPUIPlugin
2025-12-15 23:20:21,232 [INFO] PluginManager:220 - loadIPPluginJar : add ts
2025-12-15 23:20:21,233 [INFO] IPUIPlugin:80 - create IPUIPlugin
2025-12-15 23:20:21,233 [INFO] PluginManager:220 - loadIPPluginJar : add tsc
2025-12-15 23:20:21,234 [INFO] IPUIPlugin:80 - create IPUIPlugin
2025-12-15 23:20:21,234 [INFO] PluginManager:220 - loadIPPluginJar : add ucpd
2025-12-15 23:20:21,237 [INFO] IPUIPlugin:80 - create IPUIPlugin
2025-12-15 23:20:21,237 [INFO] PluginManager:220 - loadIPPluginJar : add usart
2025-12-15 23:20:21,240 [INFO] IPUIPlugin:80 - create IPUIPlugin
2025-12-15 23:20:21,240 [INFO] PluginManager:220 - loadIPPluginJar : add usbx
2025-12-15 23:20:21,249 [INFO] IPUIPlugin:80 - create IPUIPlugin
2025-12-15 23:20:21,249 [INFO] PluginManager:220 - loadIPPluginJar : add adc
2025-12-15 23:20:21,251 [INFO] IPUIPlugin:80 - create IPUIPlugin
2025-12-15 23:20:21,251 [INFO] PluginManager:220 - loadIPPluginJar : add aes
2025-12-15 23:20:21,253 [INFO] IPUIPlugin:80 - create IPUIPlugin
2025-12-15 23:20:21,253 [INFO] PluginManager:220 - loadIPPluginJar : add can
2025-12-15 23:20:21,255 [INFO] IPUIPlugin:80 - create IPUIPlugin
2025-12-15 23:20:21,255 [INFO] PluginManager:220 - loadIPPluginJar : add comp
2025-12-15 23:20:21,257 [INFO] IPUIPlugin:80 - create IPUIPlugin
2025-12-15 23:20:21,258 [INFO] PluginManager:220 - loadIPPluginJar : add cryp
2025-12-15 23:20:21,261 [INFO] IPUIPlugin:80 - create IPUIPlugin
2025-12-15 23:20:21,261 [INFO] PluginManager:220 - loadIPPluginJar : add ddr_ctrl_phy
2025-12-15 23:20:21,264 [INFO] IPUIPlugin:80 - create IPUIPlugin
2025-12-15 23:20:21,264 [INFO] PluginManager:220 - loadIPPluginJar : add dfsdm
2025-12-15 23:20:21,270 [INFO] IPUIPlugin:80 - create IPUIPlugin
2025-12-15 23:20:21,270 [INFO] PluginManager:220 - loadIPPluginJar : add dma
2025-12-15 23:20:21,273 [INFO] IPUIPlugin:80 - create IPUIPlugin
2025-12-15 23:20:21,274 [INFO] PluginManager:220 - loadIPPluginJar : add dma3
2025-12-15 23:20:21,278 [INFO] IPUIPlugin:80 - create IPUIPlugin
2025-12-15 23:20:21,278 [INFO] PluginManager:220 - loadIPPluginJar : add extmemmanager
2025-12-15 23:20:21,280 [INFO] IPUIPlugin:80 - create IPUIPlugin
2025-12-15 23:20:21,280 [INFO] PluginManager:220 - loadIPPluginJar : add fatfs
2025-12-15 23:20:21,287 [INFO] IPUIPlugin:80 - create IPUIPlugin
2025-12-15 23:20:21,287 [INFO] PluginManager:220 - loadIPPluginJar : add fmc
2025-12-15 23:20:21,294 [INFO] IPUIPlugin:80 - create IPUIPlugin
2025-12-15 23:20:21,294 [INFO] PluginManager:220 - loadIPPluginJar : add freertos
2025-12-15 23:20:21,296 [INFO] IPUIPlugin:80 - create IPUIPlugin
2025-12-15 23:20:21,296 [INFO] PluginManager:220 - loadIPPluginJar : add genericplugin
2025-12-15 23:20:21,298 [INFO] IPUIPlugin:80 - create IPUIPlugin
2025-12-15 23:20:21,299 [INFO] PluginManager:220 - loadIPPluginJar : add gfxmmu
2025-12-15 23:20:21,307 [INFO] IPUIPlugin:80 - create IPUIPlugin
2025-12-15 23:20:21,307 [INFO] PluginManager:220 - loadIPPluginJar : add gic
2025-12-15 23:20:21,311 [INFO] IPUIPlugin:80 - create IPUIPlugin
2025-12-15 23:20:21,312 [INFO] PluginManager:220 - loadIPPluginJar : add gpio
2025-12-15 23:20:21,314 [INFO] IPUIPlugin:80 - create IPUIPlugin
2025-12-15 23:20:21,314 [INFO] PluginManager:220 - loadIPPluginJar : add gtzc
2025-12-15 23:20:21,315 [INFO] IPUIPlugin:80 - create IPUIPlugin
2025-12-15 23:20:21,315 [INFO] PluginManager:220 - loadIPPluginJar : add hash
2025-12-15 23:20:21,317 [INFO] IPUIPlugin:80 - create IPUIPlugin
2025-12-15 23:20:21,317 [INFO] PluginManager:220 - loadIPPluginJar : add i2c
2025-12-15 23:20:21,319 [INFO] IPUIPlugin:80 - create IPUIPlugin
2025-12-15 23:20:21,319 [INFO] PluginManager:220 - loadIPPluginJar : add i2s
2025-12-15 23:20:21,321 [INFO] IPUIPlugin:80 - create IPUIPlugin
2025-12-15 23:20:21,321 [INFO] PluginManager:220 - loadIPPluginJar : add i3c
2025-12-15 23:20:21,324 [INFO] IPUIPlugin:80 - create IPUIPlugin
2025-12-15 23:20:21,324 [INFO] PluginManager:220 - loadIPPluginJar : add ipddr
2025-12-15 23:20:21,330 [INFO] IPUIPlugin:80 - create IPUIPlugin
2025-12-15 23:20:21,330 [INFO] PluginManager:220 - loadIPPluginJar : add linkedlist
2025-12-15 23:20:21,333 [INFO] IPUIPlugin:80 - create IPUIPlugin
2025-12-15 23:20:21,333 [INFO] PluginManager:220 - loadIPPluginJar : add lorawan
2025-12-15 23:20:21,334 [INFO] IPUIPlugin:80 - create IPUIPlugin
2025-12-15 23:20:21,334 [INFO] PluginManager:220 - loadIPPluginJar : add ltdc
2025-12-15 23:20:21,340 [INFO] IPUIPlugin:80 - create IPUIPlugin
2025-12-15 23:20:21,340 [INFO] PluginManager:220 - loadIPPluginJar : add mdma
2025-12-15 23:20:21,343 [INFO] IPUIPlugin:80 - create IPUIPlugin
2025-12-15 23:20:21,343 [INFO] PluginManager:220 - loadIPPluginJar : add nvic
2025-12-15 23:20:21,345 [INFO] IPUIPlugin:80 - create IPUIPlugin
2025-12-15 23:20:21,345 [INFO] PluginManager:220 - loadIPPluginJar : add opamp
2025-12-15 23:20:21,347 [INFO] IPUIPlugin:80 - create IPUIPlugin
2025-12-15 23:20:21,348 [INFO] PluginManager:220 - loadIPPluginJar : add openamp
2025-12-15 23:20:21,349 [INFO] IPUIPlugin:80 - create IPUIPlugin
2025-12-15 23:20:21,350 [INFO] PluginManager:220 - loadIPPluginJar : add pdm2pcm
2025-12-15 23:20:21,355 [INFO] IPUIPlugin:80 - create IPUIPlugin
2025-12-15 23:20:21,358 [INFO] PluginManager:220 - loadIPPluginJar : add plateformsettings
2025-12-15 23:20:21,360 [INFO] IPUIPlugin:80 - create IPUIPlugin
2025-12-15 23:20:21,360 [INFO] PluginManager:220 - loadIPPluginJar : add quadspi
2025-12-15 23:20:21,362 [INFO] IPUIPlugin:80 - create IPUIPlugin
2025-12-15 23:20:21,362 [INFO] PluginManager:220 - loadIPPluginJar : add radio
2025-12-15 23:20:21,365 [INFO] IPUIPlugin:80 - create IPUIPlugin
2025-12-15 23:20:21,365 [INFO] PluginManager:220 - loadIPPluginJar : add resmgrutility
2025-12-15 23:20:21,458 [FATAL] Updater:351 - Updater called before beeing initialized
2025-12-15 23:20:21,479 [INFO] RulesReader:64 - Compatibility file has been processed (317 Rules)
2025-12-15 23:20:21,488 [INFO] RulesReader:64 - Compatibility file has been processed (317 Rules)
2025-12-15 23:20:21,494 [INFO] CADModel:165 - CPN selected for project level
2025-12-15 23:20:21,494 [INFO] CADModel:114 - Register for checkConnection events
2025-12-15 23:20:21,494 [FATAL] Updater:351 - Updater called before beeing initialized
2025-12-15 23:20:21,494 [ERROR] CADModel:125 - Updater not yet initialized, retry later 
2025-12-15 23:20:21,621 [FATAL] Updater:351 - Updater called before beeing initialized
2025-12-15 23:20:21,623 [INFO] CADModel:165 - CPN selected for project level
2025-12-15 23:20:21,623 [INFO] CADModel:114 - Register for checkConnection events
2025-12-15 23:20:21,623 [FATAL] Updater:351 - Updater called before beeing initialized
2025-12-15 23:20:21,624 [ERROR] CADModel:125 - Updater not yet initialized, retry later 
2025-12-15 23:20:21,628 [FATAL] Updater:351 - Updater called before beeing initialized
2025-12-15 23:20:21,740 [FATAL] Updater:351 - Updater called before beeing initialized
2025-12-15 23:20:21,744 [INFO] DbMcusAds:53 - JSON generation date=Mon Nov 10 18:43:01 CST 2025 (1762771381061)
2025-12-15 23:20:21,744 [FATAL] Updater:351 - Updater called before beeing initialized
2025-12-15 23:20:21,783 [WARN] DetailPanel:346 - Failed to get advertising image, set to default
2025-12-15 23:20:21,842 [FATAL] Updater:351 - Updater called before beeing initialized
2025-12-15 23:20:21,845 [FATAL] Updater:351 - Updater called before beeing initialized
2025-12-15 23:20:21,845 [FATAL] Updater:351 - Updater called before beeing initialized
2025-12-15 23:20:21,845 [WARN] DetailPanel:346 - Failed to get advertising image, set to default
2025-12-15 23:20:21,846 [FATAL] Updater:351 - Updater called before beeing initialized
2025-12-15 23:20:21,882 [ERROR] Updater:1198 - MainUpdater not yet initialized. External WinMGr cannot be set.
2025-12-15 23:20:21,883 [INFO] Updater:1134 - Updater Version found : 6.15.0
2025-12-15 23:20:21,903 [INFO] ApplicationProperties:184 - Using Application install path: /opt/st/stm32cubeide_1.19.0/plugins/com.st.stm32cube.common.mx_6.15.0.202507011659
2025-12-15 23:20:22,402 [INFO] MainUpdater:2872 - connection check result : 10
2025-12-15 23:20:22,402 [INFO] MainUpdater:289 - Updater Check For Update Now.
2025-12-15 23:20:22,402 [INFO] MicroXplorer:498 - Change Database Version : DB.6.0.150
2025-12-15 23:20:22,405 [INFO] McuFinderGlobals:63 - Set McuFinder mode to 2 (CubeIDE integrated)
2025-12-15 23:20:22,406 [INFO] UserAuth:487 - Internet connection configuration mode: 1
2025-12-15 23:20:22,423 [INFO] JxBrowserEngine:152 - Initiate JxBrowser Engine with user profile folder
2025-12-15 23:20:22,551 [INFO] CheckServerUpdateThread:120 - End of CheckServer Thread
2025-12-15 23:20:23,138 [INFO] WebApp:169 - Instantiating new browser for Auth
2025-12-15 23:20:23,738 [INFO] WebApp:463 - Apply proxy settings
2025-12-15 23:20:23,738 [INFO] WebApp:548 - Chromium requires no authentication
2025-12-15 23:20:23,743 [INFO] WebApp:491 - Direct internet connection detected
2025-12-15 23:20:23,756 [INFO] WebApp:900 - Register for checkConnection events
2025-12-15 23:20:23,756 [INFO] WebApp:463 - Apply proxy settings
2025-12-15 23:20:23,756 [INFO] WebApp:548 - Chromium requires no authentication
2025-12-15 23:20:23,757 [INFO] WebApp:491 - Direct internet connection detected
2025-12-15 23:20:23,863 [INFO] WebApp:225 - Starting web application
2025-12-15 23:20:23,863 [INFO] WebApp:593 - Web application path used /opt/st/stm32cubeide_1.19.0/plugins/com.st.stm32cube.common.mx_6.15.0.202507011659/db/plugins/mcufinder/reactClient1/index.html
2025-12-15 23:20:23,950 [INFO] UserAuth:487 - Internet connection configuration mode: 1
2025-12-15 23:20:23,960 [WARN] PackLoader:240 - Cannot read IP mode file for STMicroelectronics.FP-SNS-MOTENVWB1.1.4.0
2025-12-15 23:20:23,967 [WARN] PackLoader:240 - Cannot read IP mode file for STMicroelectronics.FP-ATR-ASTRA1.2.0.2
2025-12-15 23:20:23,973 [WARN] PackLoader:240 - Cannot read IP mode file for STMicroelectronics.X-CUBE-SMBUS.2.1.0
2025-12-15 23:20:23,976 [WARN] PackLoader:240 - Cannot read IP mode file for STMicroelectronics.X-CUBE-ST60.1.0.0
2025-12-15 23:20:23,995 [WARN] PackLoader:240 - Cannot read IP mode file for STMicroelectronics.X-CUBE-AZRTOS-F7.1.1.0
2025-12-15 23:20:24,002 [WARN] PackLoader:240 - Cannot read IP mode file for STMicroelectronics.FP-SNS-MOTENV1.5.1.0
2025-12-15 23:20:24,009 [WARN] PackLoader:240 - Cannot read IP mode file for WES.I-CUBE-Cesium.1.4.0
2025-12-15 23:20:24,032 [WARN] PackLoader:240 - Cannot read IP mode file for Infineon.AIROC-Wi-Fi-Bluetooth-STM32.1.7.1
2025-12-15 23:20:24,053 [WARN] PackLoader:240 - Cannot read IP mode file for STMicroelectronics.X-CUBE-AZRTOS-H7.3.4.0
2025-12-15 23:20:24,063 [WARN] PackLoader:240 - Cannot read IP mode file for STMicroelectronics.X-CUBE-DISPLAY.3.0.0
2025-12-15 23:20:24,075 [WARN] PackLoader:240 - Cannot read IP mode file for STMicroelectronics.X-CUBE-NFC10.1.0.0
2025-12-15 23:20:24,081 [WARN] PackLoader:240 - Cannot read IP mode file for STMicroelectronics.X-CUBE-ST60.1.1.0
2025-12-15 23:20:24,086 [WARN] PackLoader:240 - Cannot read IP mode file for emotas.I-CUBE-CANOPEN.1.3.0
2025-12-15 23:20:24,090 [WARN] PackLoader:240 - Cannot read IP mode file for STMicroelectronics.X-CUBE-GNSS1.7.1.0
2025-12-15 23:20:24,096 [WARN] PackLoader:240 - Cannot read IP mode file for STMicroelectronics.FP-SNS-STBOX1.2.1.0
2025-12-15 23:20:24,102 [WARN] PackLoader:240 - Cannot read IP mode file for STMicroelectronics.FP-SNS-SMARTAG2.1.2.0
2025-12-15 23:20:24,106 [WARN] PackLoader:240 - Cannot read IP mode file for STMicroelectronics.FP-SNS-FLIGHT1.5.1.0
2025-12-15 23:20:24,112 [INFO] LogOutputStream:77 - [STDOUT_REDIRECT] 1 : Invalid condition id : UX_CORESTACK_Condition cause : null
2025-12-15 23:20:24,113 [INFO] LogOutputStream:77 - [STDOUT_REDIRECT] 1 : Invalid condition id : UX_CORESTACK_Condition cause : null
2025-12-15 23:20:24,113 [INFO] LogOutputStream:77 - [STDOUT_REDIRECT] 1 : Invalid condition id : UX_CORESTACK_Condition cause : null
2025-12-15 23:20:24,113 [INFO] LogOutputStream:77 - [STDOUT_REDIRECT] 1 : Invalid condition id : UX_CORESTACK_Condition cause : null
2025-12-15 23:20:24,113 [INFO] LogOutputStream:77 - [STDOUT_REDIRECT] 1 : Invalid condition id : UX_CORESTACK_Condition cause : null
2025-12-15 23:20:24,115 [WARN] PackLoader:240 - Cannot read IP mode file for STMicroelectronics.X-CUBE-AZRTOS-WL.2.0.0
2025-12-15 23:20:24,120 [WARN] PackLoader:240 - Cannot read IP mode file for STMicroelectronics.FP-SNS-MOTENV1.5.0.0
2025-12-15 23:20:24,136 [WARN] PackLoader:240 - Cannot read IP mode file for STMicroelectronics.X-CUBE-AZRTOS-H7RS.1.2.0
2025-12-15 23:20:24,144 [WARN] PackLoader:240 - Cannot read IP mode file for WES.I-CUBE-Cesium.1.3.0
2025-12-15 23:20:24,149 [WARN] PackLoader:240 - Cannot read IP mode file for STMicroelectronics.X-CUBE-BLE2.3.3.0
2025-12-15 23:20:24,165 [WARN] PackLoader:240 - Cannot read IP mode file for STMicroelectronics.X-CUBE-NFC9.1.0.0
2025-12-15 23:20:24,170 [WARN] PackLoader:240 - Cannot read IP mode file for wolfSSL.I-CUBE-wolfSSL.5.8.2
2025-12-15 23:20:24,174 [WARN] PackLoader:240 - Cannot read IP mode file for STMicroelectronics.X-CUBE-BLE1.7.1.0
2025-12-15 23:20:24,178 [WARN] PackLoader:240 - Cannot read IP mode file for wolfSSL.I-CUBE-wolfMQTT.1.19.2
2025-12-15 23:20:24,183 [WARN] PackLoader:240 - Cannot read IP mode file for STMicroelectronics.X-CUBE-FREERTOS.1.4.0
2025-12-15 23:20:24,188 [WARN] PackLoader:240 - Cannot read IP mode file for STMicroelectronics.X-CUBE-EEPRMA1.5.2.0
2025-12-15 23:20:24,194 [WARN] PackLoader:240 - Cannot read IP mode file for STMicroelectronics.X-CUBE-ST67W61.1.1.0
2025-12-15 23:20:24,230 [WARN] PackLoader:240 - Cannot read IP mode file for STMicroelectronics.X-CUBE-MEMS1.12.0.0
2025-12-15 23:20:24,346 [WARN] PackLoader:240 - Cannot read IP mode file for STMicroelectronics.X-CUBE-AZRTOS-G0.1.1.0
2025-12-15 23:20:24,352 [WARN] PackLoader:240 - Cannot read IP mode file for STMicroelectronics.X-CUBE-SAFEA1.1.2.2
2025-12-15 23:20:24,358 [WARN] PackLoader:240 - Cannot read IP mode file for STMicroelectronics.X-CUBE-NFC4.3.0.0
2025-12-15 23:20:24,364 [WARN] PackLoader:240 - Cannot read IP mode file for EmbeddedOffice.I-CUBE-FS-RTOS.1.0.1
2025-12-15 23:20:24,369 [WARN] PackLoader:240 - Cannot read IP mode file for STMicroelectronics.X-CUBE-WB05N.2.0.0
2025-12-15 23:20:24,373 [WARN] PackLoader:240 - Cannot read IP mode file for wolfSSL.I-CUBE-wolfTPM.3.8.0
2025-12-15 23:20:24,376 [WARN] PackLoader:240 - Cannot read IP mode file for STMicroelectronics.X-CUBE-TCPP.4.2.0
2025-12-15 23:20:24,387 [WARN] PackLoader:240 - Cannot read IP mode file for RealThread.X-CUBE-RT-Thread_Nano.4.1.1
2025-12-15 23:20:24,393 [WARN] PackLoader:240 - Cannot read IP mode file for STMicroelectronics.FP-ATR-SIGFOX1.3.2.0
2025-12-15 23:20:24,398 [WARN] PackLoader:240 - Cannot read IP mode file for ITTIA_DB.I-CUBE-ITTIADB.8.9.0
2025-12-15 23:20:24,404 [WARN] PackLoader:240 - Cannot read IP mode file for STMicroelectronics.X-CUBE-ST67W61.1.0.0
2025-12-15 23:20:24,409 [WARN] PackLoader:240 - Cannot read IP mode file for STMicroelectronics.X-CUBE-AI.10.2.0
2025-12-15 23:20:24,425 [WARN] PackLoader:240 - Cannot read IP mode file for SEGGER.I-CUBE-embOS.1.3.1
2025-12-15 23:20:24,500 [WARN] PackLoader:240 - Cannot read IP mode file for STMicroelectronics.X-CUBE-ALGOBUILD.1.4.0
2025-12-15 23:20:24,545 [WARN] PackLoader:240 - Cannot read IP mode file for STMicroelectronics.X-CUBE-MEMS1.11.3.0
2025-12-15 23:20:24,673 [WARN] PackLoader:240 - Cannot read IP mode file for STMicroelectronics.X-CUBE-PM33A1.1.0.0
2025-12-15 23:20:24,683 [WARN] PackLoader:240 - Cannot read IP mode file for STMicroelectronics.X-CUBE-AZRTOS-F4.1.1.0
2025-12-15 23:20:24,688 [WARN] PackLoader:240 - Cannot read IP mode file for Avnet-IotConnect.X-CUBE-IoTC-DA16k-PMOD.1.0.0
2025-12-15 23:20:24,692 [WARN] PackLoader:240 - Cannot read IP mode file for STMicroelectronics.X-CUBE-ISPU.2.1.0
2025-12-15 23:20:24,700 [WARN] PackLoader:240 - Cannot read IP mode file for STMicroelectronics.X-CUBE-IPS.3.2.0
2025-12-15 23:20:24,714 [WARN] PackLoader:240 - Cannot read IP mode file for STMicroelectronics.X-CUBE-NFC12.1.0.0
2025-12-15 23:20:24,726 [WARN] PackLoader:240 - Cannot read IP mode file for STMicroelectronics.X-CUBE-AZRTOS-L5.2.0.0
2025-12-15 23:20:24,733 [WARN] PackLoader:240 - Cannot read IP mode file for STMicroelectronics.X-CUBE-NFC6.3.1.0
2025-12-15 23:20:24,739 [WARN] PackLoader:240 - Cannot read IP mode file for STMicroelectronics.X-CUBE-FREERTOS.1.3.1
2025-12-15 23:20:24,743 [WARN] PackLoader:240 - Cannot read IP mode file for STMicroelectronics.X-CUBE-TOUCHGFX.4.26.0
2025-12-15 23:20:24,747 [WARN] PackLoader:240 - Cannot read IP mode file for STMicroelectronics.FP-SNS-STAIOTCFT.1.0.0
2025-12-15 23:20:24,751 [WARN] PackLoader:240 - Cannot read IP mode file for STMicroelectronics.X-CUBE-DPower.1.3.0
2025-12-15 23:20:24,762 [WARN] ConditionMgr:438 - getConditionDescription Invalid condition id : LAN8742 Phy interface Condition cause : null
2025-12-15 23:20:24,763 [WARN] PackLoader:240 - Cannot read IP mode file for STMicroelectronics.X-CUBE-AZRTOS-L4.2.0.0
2025-12-15 23:20:24,763 [WARN] ConditionMgr:1044 - genDependencies : Invalid condition id : LAN8742 Phy interface Condition cause : null
2025-12-15 23:20:24,764 [WARN] ConditionMgr:1044 - genDependencies : Invalid condition id : LAN8742 Phy interface Condition cause : null
2025-12-15 23:20:24,764 [WARN] ConditionMgr:1044 - genDependencies : Invalid condition id : LAN8742 Phy interface Condition cause : null
2025-12-15 23:20:24,770 [WARN] PackLoader:240 - Cannot read IP mode file for STMicroelectronics.X-CUBE-SFXS2LP1.4.0.0
2025-12-15 23:20:24,784 [WARN] PackLoader:240 - Cannot read IP mode file for STMicroelectronics.X-CUBE-BLEMGR.4.1.0
2025-12-15 23:20:24,793 [WARN] ConditionMgr:438 - getConditionDescription Invalid condition id : UX DEVICE CLASS RTOS Condition cause : null
2025-12-15 23:20:24,793 [WARN] ConditionMgr:438 - getConditionDescription Invalid condition id : UX DEVICE CLASS RTOS Condition cause : null
2025-12-15 23:20:24,794 [WARN] PackLoader:240 - Cannot read IP mode file for STMicroelectronics.X-CUBE-AZRTOS-WB.2.0.0
2025-12-15 23:20:24,795 [WARN] ConditionMgr:1044 - genDependencies : Invalid condition id : UX DEVICE CLASS RTOS Condition cause : null
2025-12-15 23:20:24,795 [WARN] ConditionMgr:1044 - genDependencies : Invalid condition id : UX DEVICE CLASS RTOS Condition cause : null
2025-12-15 23:20:24,796 [WARN] ConditionMgr:1044 - genDependencies : Invalid condition id : UX DEVICE CLASS RTOS Condition cause : null
2025-12-15 23:20:24,796 [WARN] ConditionMgr:1044 - genDependencies : Invalid condition id : UX DEVICE CLASS RTOS Condition cause : null
2025-12-15 23:20:24,796 [WARN] ConditionMgr:1044 - genDependencies : Invalid condition id : UX DEVICE CLASS RTOS Condition cause : null
2025-12-15 23:20:24,800 [WARN] PackLoader:240 - Cannot read IP mode file for STMicroelectronics.X-CUBE-GNSS1.7.0.1
2025-12-15 23:20:24,804 [WARN] PackLoader:240 - Cannot read IP mode file for STMicroelectronics.X-CUBE-TOUCHGFX.4.25.0
2025-12-15 23:20:24,806 [WARN] ConditionMgr:438 - getConditionDescription Invalid condition id : Cortex-A Device cause : null
2025-12-15 23:20:24,813 [WARN] ConditionMgr:1044 - genDependencies : Invalid condition id : Cortex-A Device cause : null
2025-12-15 23:20:24,813 [WARN] ConditionMgr:1044 - genDependencies : Invalid condition id : Cortex-A Device cause : null
2025-12-15 23:20:24,813 [WARN] ConditionMgr:1044 - genDependencies : Invalid condition id : Cortex-A Device cause : null
2025-12-15 23:20:24,818 [WARN] PackLoader:240 - Cannot read IP mode file for STMicroelectronics.X-CUBE-SUBG2.5.0.0
2025-12-15 23:20:24,829 [WARN] PackLoader:240 - Cannot read IP mode file for STMicroelectronics.X-CUBE-AZRTOS-H7RS.1.1.0
2025-12-15 23:20:24,832 [WARN] PackLoader:240 - Cannot read IP mode file for Cesanta.I-CUBE-Mongoose.7.13.0
2025-12-15 23:20:24,838 [WARN] PackLoader:240 - Cannot read IP mode file for STMicroelectronics.X-CUBE-AZRTOS-G4.2.0.0
2025-12-15 23:20:24,840 [WARN] PackLoader:240 - Cannot read IP mode file for wolfSSL.I-CUBE-wolfSSH.1.4.20
2025-12-15 23:20:24,844 [WARN] PackLoader:240 - Cannot read IP mode file for STMicroelectronics.X-CUBE-NFC7.2.0.0
2025-12-15 23:20:24,848 [WARN] PackLoader:240 - Cannot read IP mode file for STMicroelectronics.X-CUBE-IPS.3.1.0
2025-12-15 23:20:24,858 [WARN] PackLoader:240 - Cannot read IP mode file for STMicroelectronics.X-CUBE-ALS.1.0.2
2025-12-15 23:20:24,861 [WARN] PackLoader:240 - Cannot read IP mode file for STMicroelectronics.X-CUBE-STSE01.1.0.0
2025-12-15 23:20:24,866 [WARN] PackLoader:240 - Cannot read IP mode file for portGmbH.I-Cube-SoM-uGOAL.1.1.0
2025-12-15 23:20:24,870 [WARN] PackLoader:240 - Cannot read IP mode file for STMicroelectronics.X-CUBE-TOF1.3.4.3
2025-12-15 23:20:24,882 [INFO] ThirdParty:978 - Integrity check success = true
2025-12-15 23:20:24,882 [INFO] IntegrityCheckThread:100 - exiting critical section [integrity check]
2025-12-15 23:20:24,883 [INFO] IntegrityCheckThread:103 - End integrity checks thread
